           Time    Speed        Read     Read   Mapped   Mapped   Mapped   Mapped Unmapped Unmapped Unmapped Unmapped
                    M/hr      number   length   unique   length   MMrate    multi   multi+       MM    short    other
Jun 29 11:21:15      7.8      165140       75    89.6%     75.5     0.8%     5.9%     0.8%     0.0%     2.9%     0.8%
Jun 29 11:22:21    177.1     6987194       75    89.6%     75.5     0.8%     6.0%     0.8%     0.0%     2.8%     0.9%
Jun 29 11:23:23    146.2     8284962       75    89.6%     75.5     0.8%     6.0%     0.8%     0.0%     2.7%     0.9%
Jun 29 11:24:29    127.8     9582711       75    89.6%     75.5     0.8%     6.0%     0.8%     0.0%     2.7%     0.9%
Jun 29 11:25:34    113.4    10549673       75    89.6%     75.5     0.8%     6.0%     0.8%     0.0%     2.8%     0.9%
Jun 29 11:26:34    123.9    13599564       75    89.6%     75.5     0.8%     6.0%     0.8%     0.0%     2.8%     0.9%
Jun 29 11:28:54    106.6    15846864       75    89.6%     75.5     0.8%     6.0%     0.8%     0.0%     2.8%     0.9%
Jun 29 11:29:55    100.6    16649470       75    89.6%     75.5     0.8%     6.0%     0.8%     0.0%     2.8%     0.9%
Jun 29 11:30:58    105.0    19217800       75    89.6%     75.5     0.8%     6.0%     0.8%     0.0%     2.8%     0.9%
Jun 29 11:31:58    113.1    22588749       75    89.6%     75.5     0.8%     6.0%     0.8%     0.0%     2.8%     0.9%
Jun 29 11:32:59    109.4    23712390       75    89.6%     75.5     0.8%     6.0%     0.8%     0.0%     2.8%     0.9%
Jun 29 11:34:04    103.1    24193958       75    89.6%     75.5     0.8%     6.0%     0.8%     0.0%     2.8%     0.9%
Jun 29 11:35:08    112.3    28367503       75    89.6%     75.5     0.8%     6.0%     0.8%     0.0%     2.8%     0.9%
Jun 29 11:36:09    109.5    29491134       75    89.6%     75.5     0.8%     6.0%     0.8%     0.0%     2.8%     0.9%
Jun 29 11:37:09    107.6    30775298       75    89.5%     75.5     0.8%     6.0%     0.8%     0.0%     2.8%     0.9%
Jun 29 11:38:11    112.6    34146247       75    89.5%     75.5     0.8%     6.0%     0.8%     0.0%     2.8%     0.9%
Jun 29 11:39:12    110.6    35430415       75    89.5%     75.5     0.8%     6.0%     0.8%     0.0%     2.8%     0.9%
Jun 29 11:40:14    113.1    38159273       75    89.5%     75.5     0.8%     6.0%     0.8%     0.0%     2.8%     0.9%
Jun 29 11:45:28     91.0    38632521       75    89.5%     75.5     0.8%     6.0%     0.8%     0.0%     2.8%     0.9%
ALL DONE!
