                                 Started job on |	Jun 29 11:16:20
                             Started mapping on |	Jun 29 11:19:59
                                    Finished on |	Jun 29 11:43:55
       Mapping speed, Million of reads per hour |	76.80

                          Number of input reads |	30634492
                      Average input read length |	75
                                    UNIQUE READS:
                   Uniquely mapped reads number |	28387808
                        Uniquely mapped reads % |	92.67%
                          Average mapped length |	75.48
                       Number of splices: Total |	4147779
            Number of splices: Annotated (sjdb) |	3957876
                       Number of splices: GT/AG |	4082341
                       Number of splices: GC/AG |	32980
                       Number of splices: AT/AC |	3596
               Number of splices: Non-canonical |	28862
                      Mismatch rate per base, % |	0.76%
                         Deletion rate per base |	0.04%
                        Deletion average length |	1.91
                        Insertion rate per base |	0.03%
                       Insertion average length |	1.68
                             MULTI-MAPPING READS:
        Number of reads mapped to multiple loci |	938529
             % of reads mapped to multiple loci |	3.06%
        Number of reads mapped to too many loci |	200653
             % of reads mapped to too many loci |	0.65%
                                  UNMAPPED READS:
       % of reads unmapped: too many mismatches |	0.00%
                 % of reads unmapped: too short |	2.76%
                     % of reads unmapped: other |	0.86%
                                  CHIMERIC READS:
                       Number of chimeric reads |	0
                            % of chimeric reads |	0.00%
