                                 Started job on |	Jun 29 11:16:20
                             Started mapping on |	Jun 29 11:19:59
                                    Finished on |	Jun 29 11:46:15
       Mapping speed, Million of reads per hour |	102.75

                          Number of input reads |	44979718
                      Average input read length |	76
                                    UNIQUE READS:
                   Uniquely mapped reads number |	41493867
                        Uniquely mapped reads % |	92.25%
                          Average mapped length |	75.59
                       Number of splices: Total |	6914846
            Number of splices: Annotated (sjdb) |	6604590
                       Number of splices: GT/AG |	6816326
                       Number of splices: GC/AG |	54827
                       Number of splices: AT/AC |	5983
               Number of splices: Non-canonical |	37710
                      Mismatch rate per base, % |	0.70%
                         Deletion rate per base |	0.04%
                        Deletion average length |	1.94
                        Insertion rate per base |	0.02%
                       Insertion average length |	1.77
                             MULTI-MAPPING READS:
        Number of reads mapped to multiple loci |	1799060
             % of reads mapped to multiple loci |	4.00%
        Number of reads mapped to too many loci |	285253
             % of reads mapped to too many loci |	0.63%
                                  UNMAPPED READS:
       % of reads unmapped: too many mismatches |	0.00%
                 % of reads unmapped: too short |	2.39%
                     % of reads unmapped: other |	0.73%
                                  CHIMERIC READS:
                       Number of chimeric reads |	0
                            % of chimeric reads |	0.00%
