           Time    Speed        Read     Read   Mapped   Mapped   Mapped   Mapped Unmapped Unmapped Unmapped Unmapped
                    M/hr      number   length   unique   length   MMrate    multi   multi+       MM    short    other
Jun 29 11:21:18      7.5      165077       76    91.5%     75.5     1.0%     4.4%     0.7%     0.0%     3.1%     0.4%
Jun 29 11:22:18    180.9     6984693       76    91.6%     75.5     0.9%     4.4%     0.7%     0.0%     2.8%     0.5%
Jun 29 11:23:22    149.7     8444160       76    91.6%     75.5     0.9%     4.4%     0.7%     0.0%     2.8%     0.5%
Jun 29 11:24:28    130.4     9741464       76    91.6%     75.5     0.9%     4.4%     0.7%     0.0%     2.8%     0.5%
Jun 29 11:25:33    122.3    11348292       76    91.6%     75.5     0.9%     4.4%     0.7%     0.0%     2.8%     0.5%
Jun 29 11:26:33    130.1    14236662       76    91.6%     75.5     0.9%     4.4%     0.7%     0.0%     2.8%     0.5%
Jun 29 11:27:39    124.0    15841312       76    91.6%     75.5     0.9%     4.4%     0.7%     0.0%     2.8%     0.5%
Jun 29 11:29:07    105.1    16001777       76    91.6%     75.5     0.9%     4.4%     0.7%     0.0%     2.8%     0.5%
Jun 29 11:30:14    106.8    18248287       76    91.6%     75.5     0.9%     4.4%     0.7%     0.0%     2.8%     0.5%
Jun 29 11:31:18    114.6    21618052       76    91.6%     75.5     0.9%     4.4%     0.7%     0.0%     2.8%     0.5%
Jun 29 11:32:19    110.6    22741307       76    91.6%     75.5     0.9%     4.4%     0.7%     0.0%     2.8%     0.5%
Jun 29 11:33:21    107.1    23864562       76    91.6%     75.5     0.9%     4.4%     0.7%     0.0%     2.8%     0.5%
Jun 29 11:34:23    111.5    26752932       76    91.6%     75.5     0.9%     4.4%     0.7%     0.0%     2.8%     0.5%
Jun 29 11:35:28    109.9    28357582       76    91.6%     75.5     0.9%     4.4%     0.7%     0.0%     2.8%     0.5%
Jun 29 11:36:37    105.8    29320372       76    91.6%     75.5     0.9%     4.4%     0.7%     0.0%     2.8%     0.5%
Jun 29 11:37:40    104.4    30764557       76    91.6%     75.5     0.9%     4.4%     0.7%     0.0%     2.8%     0.5%
Jun 29 11:38:45    111.2    34776182       76    91.6%     75.5     0.9%     4.4%     0.7%     0.0%     2.8%     0.5%
Jun 29 11:39:50    110.0    36380832       76    91.6%     75.5     0.9%     4.4%     0.7%     0.0%     2.8%     0.5%
Jun 29 11:40:50    112.5    39108737       76    91.6%     75.5     0.9%     4.4%     0.7%     0.0%     2.8%     0.5%
Jun 29 11:41:54    113.2    41355247       76    91.6%     75.5     0.9%     4.4%     0.7%     0.0%     2.8%     0.5%
Jun 29 11:42:55    115.8    44243617       76    91.6%     75.5     0.9%     4.4%     0.7%     0.0%     2.8%     0.5%
Jun 29 11:43:57    117.6    46971522       76    91.6%     75.5     0.8%     4.4%     0.7%     0.0%     2.8%     0.5%
Jun 29 11:48:04    106.8    49977216       76    91.6%     75.5     0.8%     4.4%     0.7%     0.0%     2.8%     0.5%
ALL DONE!
