                                 Started job on |	Jun 29 11:16:09
                             Started mapping on |	Jun 29 11:23:46
                                    Finished on |	Jun 29 11:48:52
       Mapping speed, Million of reads per hour |	69.55

                          Number of input reads |	29094291
                      Average input read length |	76
                                    UNIQUE READS:
                   Uniquely mapped reads number |	26570040
                        Uniquely mapped reads % |	91.32%
                          Average mapped length |	75.59
                       Number of splices: Total |	4462486
            Number of splices: Annotated (sjdb) |	4257785
                       Number of splices: GT/AG |	4398871
                       Number of splices: GC/AG |	35521
                       Number of splices: AT/AC |	3736
               Number of splices: Non-canonical |	24358
                      Mismatch rate per base, % |	0.69%
                         Deletion rate per base |	0.04%
                        Deletion average length |	1.96
                        Insertion rate per base |	0.02%
                       Insertion average length |	1.77
                             MULTI-MAPPING READS:
        Number of reads mapped to multiple loci |	1409397
             % of reads mapped to multiple loci |	4.84%
        Number of reads mapped to too many loci |	199538
             % of reads mapped to too many loci |	0.69%
                                  UNMAPPED READS:
       % of reads unmapped: too many mismatches |	0.00%
                 % of reads unmapped: too short |	2.40%
                     % of reads unmapped: other |	0.74%
                                  CHIMERIC READS:
                       Number of chimeric reads |	0
                            % of chimeric reads |	0.00%
