           Time    Speed        Read     Read   Mapped   Mapped   Mapped   Mapped Unmapped Unmapped Unmapped Unmapped
                    M/hr      number   length   unique   length   MMrate    multi   multi+       MM    short    other
Jun 29 11:21:08      6.1      163993       75    92.8%     75.4     1.0%     3.0%     0.6%     0.0%     3.2%     0.4%
Jun 29 11:22:08    120.1     5203844       75    93.2%     75.4     0.8%     2.9%     0.6%     0.0%     2.9%     0.4%
Jun 29 11:23:08    108.4     6501862       75    93.2%     75.4     0.8%     2.9%     0.6%     0.0%     2.9%     0.4%
Jun 29 11:24:14    118.2     9260172       75    93.2%     75.4     0.8%     2.9%     0.6%     0.0%     2.9%     0.4%
Jun 29 11:25:16    107.1    10230758       75    93.2%     75.4     0.8%     2.9%     0.6%     0.0%     2.9%     0.4%
Jun 29 11:26:17    102.4    11515202       75    93.2%     75.4     0.8%     2.9%     0.6%     0.0%     2.9%     0.4%
Jun 29 11:27:19    119.7    15529084       75    93.2%     75.4     0.8%     2.9%     0.6%     0.0%     2.9%     0.4%
Jun 29 11:28:23    109.6    16171307       75    93.2%     75.4     0.8%     2.9%     0.6%     0.0%     2.9%     0.4%
Jun 29 11:29:26    102.9    16974095       75    93.2%     75.4     0.8%     2.9%     0.6%     0.0%     2.9%     0.4%
Jun 29 11:30:27    101.2    18419075       75    93.2%     75.4     0.8%     2.9%     0.6%     0.0%     2.9%     0.4%
Jun 29 11:31:30    107.6    21469612       75    93.2%     75.4     0.8%     2.9%     0.6%     0.0%     2.9%     0.4%
Jun 29 11:32:31    104.4    22593521       75    93.2%     75.4     0.8%     2.9%     0.6%     0.0%     2.9%     0.4%
Jun 29 11:33:33    106.3    24841281       75    93.2%     75.4     0.8%     2.9%     0.6%     0.0%     2.9%     0.4%
Jun 29 11:34:39    103.7    26125733       75    93.2%     75.4     0.8%     2.9%     0.6%     0.0%     2.9%     0.4%
Jun 29 11:35:43    110.0    29657909       75    93.2%     75.4     0.8%     2.9%     0.6%     0.0%     2.9%     0.4%
Jun 29 11:36:51    106.7    30781782       75    93.2%     75.4     0.8%     2.9%     0.6%     0.0%     2.9%     0.4%
Jun 29 11:37:51    111.4    33992844       75    93.2%     75.5     0.8%     2.9%     0.6%     0.0%     2.9%     0.4%
Jun 29 11:43:56     89.3    36329485       75    93.2%     75.5     0.8%     2.9%     0.6%     0.0%     2.9%     0.4%
ALL DONE!
