                                 Started job on |	Jun 29 11:16:27
                             Started mapping on |	Jun 29 11:19:32
                                    Finished on |	Jun 29 11:45:22
       Mapping speed, Million of reads per hour |	94.46

                          Number of input reads |	40668510
                      Average input read length |	75
                                    UNIQUE READS:
                   Uniquely mapped reads number |	36724419
                        Uniquely mapped reads % |	90.30%
                          Average mapped length |	75.47
                       Number of splices: Total |	5672399
            Number of splices: Annotated (sjdb) |	5407201
                       Number of splices: GT/AG |	5586282
                       Number of splices: GC/AG |	44454
                       Number of splices: AT/AC |	4835
               Number of splices: Non-canonical |	36828
                      Mismatch rate per base, % |	0.84%
                         Deletion rate per base |	0.04%
                        Deletion average length |	1.91
                        Insertion rate per base |	0.03%
                       Insertion average length |	1.68
                             MULTI-MAPPING READS:
        Number of reads mapped to multiple loci |	2285851
             % of reads mapped to multiple loci |	5.62%
        Number of reads mapped to too many loci |	312270
             % of reads mapped to too many loci |	0.77%
                                  UNMAPPED READS:
       % of reads unmapped: too many mismatches |	0.00%
                 % of reads unmapped: too short |	2.87%
                     % of reads unmapped: other |	0.44%
                                  CHIMERIC READS:
                       Number of chimeric reads |	0
                            % of chimeric reads |	0.00%
