                                 Started job on |	Jun 29 11:50:19
                             Started mapping on |	Jun 29 12:00:03
                                    Finished on |	Jun 29 12:04:40
       Mapping speed, Million of reads per hour |	496.13

                          Number of input reads |	38174573
                      Average input read length |	75
                                    UNIQUE READS:
                   Uniquely mapped reads number |	34320885
                        Uniquely mapped reads % |	89.91%
                          Average mapped length |	75.53
                       Number of splices: Total |	5575795
            Number of splices: Annotated (sjdb) |	5321145
                       Number of splices: GT/AG |	5495612
                       Number of splices: GC/AG |	44497
                       Number of splices: AT/AC |	4625
               Number of splices: Non-canonical |	31061
                      Mismatch rate per base, % |	0.80%
                         Deletion rate per base |	0.04%
                        Deletion average length |	1.94
                        Insertion rate per base |	0.02%
                       Insertion average length |	1.75
                             MULTI-MAPPING READS:
        Number of reads mapped to multiple loci |	2260984
             % of reads mapped to multiple loci |	5.92%
        Number of reads mapped to too many loci |	313093
             % of reads mapped to too many loci |	0.82%
                                  UNMAPPED READS:
       % of reads unmapped: too many mismatches |	0.00%
                 % of reads unmapped: too short |	2.65%
                     % of reads unmapped: other |	0.70%
                                  CHIMERIC READS:
                       Number of chimeric reads |	0
                            % of chimeric reads |	0.00%
