                                 Started job on |	Jun 29 11:16:11
                             Started mapping on |	Jun 29 11:19:59
                                    Finished on |	Jun 29 11:32:16
       Mapping speed, Million of reads per hour |	132.72

                          Number of input reads |	27170062
                      Average input read length |	75
                                    UNIQUE READS:
                   Uniquely mapped reads number |	24815847
                        Uniquely mapped reads % |	91.34%
                          Average mapped length |	75.50
                       Number of splices: Total |	3795749
            Number of splices: Annotated (sjdb) |	3614052
                       Number of splices: GT/AG |	3736013
                       Number of splices: GC/AG |	31063
                       Number of splices: AT/AC |	3246
               Number of splices: Non-canonical |	25427
                      Mismatch rate per base, % |	0.74%
                         Deletion rate per base |	0.04%
                        Deletion average length |	1.95
                        Insertion rate per base |	0.03%
                       Insertion average length |	1.71
                             MULTI-MAPPING READS:
        Number of reads mapped to multiple loci |	1252806
             % of reads mapped to multiple loci |	4.61%
        Number of reads mapped to too many loci |	185027
             % of reads mapped to too many loci |	0.68%
                                  UNMAPPED READS:
       % of reads unmapped: too many mismatches |	0.00%
                 % of reads unmapped: too short |	2.63%
                     % of reads unmapped: other |	0.75%
                                  CHIMERIC READS:
                       Number of chimeric reads |	0
                            % of chimeric reads |	0.00%
