                                 Started job on |	Jun 29 11:16:20
                             Started mapping on |	Jun 29 11:19:59
                                    Finished on |	Jun 29 11:45:28
       Mapping speed, Million of reads per hour |	90.96

                          Number of input reads |	38632521
                      Average input read length |	75
                                    UNIQUE READS:
                   Uniquely mapped reads number |	34593846
                        Uniquely mapped reads % |	89.55%
                          Average mapped length |	75.48
                       Number of splices: Total |	5361533
            Number of splices: Annotated (sjdb) |	5114949
                       Number of splices: GT/AG |	5279788
                       Number of splices: GC/AG |	42413
                       Number of splices: AT/AC |	4662
               Number of splices: Non-canonical |	34670
                      Mismatch rate per base, % |	0.80%
                         Deletion rate per base |	0.04%
                        Deletion average length |	1.93
                        Insertion rate per base |	0.03%
                       Insertion average length |	1.70
                             MULTI-MAPPING READS:
        Number of reads mapped to multiple loci |	2318111
             % of reads mapped to multiple loci |	6.00%
        Number of reads mapped to too many loci |	313808
             % of reads mapped to too many loci |	0.81%
                                  UNMAPPED READS:
       % of reads unmapped: too many mismatches |	0.00%
                 % of reads unmapped: too short |	2.79%
                     % of reads unmapped: other |	0.85%
                                  CHIMERIC READS:
                       Number of chimeric reads |	0
                            % of chimeric reads |	0.00%
