                                 Started job on |	Jun 29 11:17:36
                             Started mapping on |	Jun 29 11:20:48
                                    Finished on |	Jun 29 11:37:02
       Mapping speed, Million of reads per hour |	112.51

                          Number of input reads |	30438904
                      Average input read length |	76
                                    UNIQUE READS:
                   Uniquely mapped reads number |	28082684
                        Uniquely mapped reads % |	92.26%
                          Average mapped length |	75.57
                       Number of splices: Total |	4598801
            Number of splices: Annotated (sjdb) |	4399838
                       Number of splices: GT/AG |	4531715
                       Number of splices: GC/AG |	36208
                       Number of splices: AT/AC |	4007
               Number of splices: Non-canonical |	26871
                      Mismatch rate per base, % |	0.70%
                         Deletion rate per base |	0.04%
                        Deletion average length |	1.94
                        Insertion rate per base |	0.02%
                       Insertion average length |	1.74
                             MULTI-MAPPING READS:
        Number of reads mapped to multiple loci |	1300456
             % of reads mapped to multiple loci |	4.27%
        Number of reads mapped to too many loci |	187636
             % of reads mapped to too many loci |	0.62%
                                  UNMAPPED READS:
       % of reads unmapped: too many mismatches |	0.00%
                 % of reads unmapped: too short |	2.40%
                     % of reads unmapped: other |	0.46%
                                  CHIMERIC READS:
                       Number of chimeric reads |	0
                            % of chimeric reads |	0.00%
