                                 Started job on |	Jun 29 11:16:20
                             Started mapping on |	Jun 29 11:19:59
                                    Finished on |	Jun 29 11:38:20
       Mapping speed, Million of reads per hour |	104.98

                          Number of input reads |	32106427
                      Average input read length |	75
                                    UNIQUE READS:
                   Uniquely mapped reads number |	29053658
                        Uniquely mapped reads % |	90.49%
                          Average mapped length |	75.50
                       Number of splices: Total |	4724346
            Number of splices: Annotated (sjdb) |	4509659
                       Number of splices: GT/AG |	4653781
                       Number of splices: GC/AG |	37438
                       Number of splices: AT/AC |	3915
               Number of splices: Non-canonical |	29212
                      Mismatch rate per base, % |	0.77%
                         Deletion rate per base |	0.04%
                        Deletion average length |	1.93
                        Insertion rate per base |	0.03%
                       Insertion average length |	1.69
                             MULTI-MAPPING READS:
        Number of reads mapped to multiple loci |	1714513
             % of reads mapped to multiple loci |	5.34%
        Number of reads mapped to too many loci |	243731
             % of reads mapped to too many loci |	0.76%
                                  UNMAPPED READS:
       % of reads unmapped: too many mismatches |	0.00%
                 % of reads unmapped: too short |	2.69%
                     % of reads unmapped: other |	0.71%
                                  CHIMERIC READS:
                       Number of chimeric reads |	0
                            % of chimeric reads |	0.00%
