                                 Started job on |	Jun 29 11:36:07
                             Started mapping on |	Jun 29 11:45:52
                                    Finished on |	Jun 29 11:52:44
       Mapping speed, Million of reads per hour |	317.65

                          Number of input reads |	36353455
                      Average input read length |	75
                                    UNIQUE READS:
                   Uniquely mapped reads number |	32865930
                        Uniquely mapped reads % |	90.41%
                          Average mapped length |	75.50
                       Number of splices: Total |	5078137
            Number of splices: Annotated (sjdb) |	4842819
                       Number of splices: GT/AG |	4997863
                       Number of splices: GC/AG |	40676
                       Number of splices: AT/AC |	4147
               Number of splices: Non-canonical |	35451
                      Mismatch rate per base, % |	0.78%
                         Deletion rate per base |	0.04%
                        Deletion average length |	1.93
                        Insertion rate per base |	0.03%
                       Insertion average length |	1.68
                             MULTI-MAPPING READS:
        Number of reads mapped to multiple loci |	1843074
             % of reads mapped to multiple loci |	5.07%
        Number of reads mapped to too many loci |	298501
             % of reads mapped to too many loci |	0.82%
                                  UNMAPPED READS:
       % of reads unmapped: too many mismatches |	0.00%
                 % of reads unmapped: too short |	2.82%
                     % of reads unmapped: other |	0.88%
                                  CHIMERIC READS:
                       Number of chimeric reads |	0
                            % of chimeric reads |	0.00%
