           Time    Speed        Read     Read   Mapped   Mapped   Mapped   Mapped Unmapped Unmapped Unmapped Unmapped
                    M/hr      number   length   unique   length   MMrate    multi   multi+       MM    short    other
Jun 29 11:21:14      7.9      163897       76    90.3%     75.5     1.0%     5.6%     0.7%     0.0%     3.0%     0.5%
Jun 29 11:22:15    184.9     6984712       76    90.5%     75.6     0.8%     5.6%     0.7%     0.0%     2.7%     0.5%
Jun 29 11:23:20    154.1     8606342       76    90.5%     75.6     0.8%     5.6%     0.7%     0.0%     2.7%     0.5%
Jun 29 11:24:25    134.0     9903646       76    90.5%     75.6     0.8%     5.6%     0.7%     0.0%     2.7%     0.5%
Jun 29 11:25:32    126.2    11669359       76    90.5%     75.6     0.8%     5.6%     0.7%     0.0%     2.7%     0.5%
Jun 29 11:26:34    132.7    14557729       76    90.5%     75.6     0.8%     5.6%     0.7%     0.0%     2.7%     0.5%
Jun 29 11:27:36    127.3    16162379       76    90.5%     75.6     0.8%     5.6%     0.7%     0.0%     2.7%     0.5%
Jun 29 11:28:41    118.1    17125169       76    90.5%     75.6     0.8%     5.6%     0.7%     0.0%     2.7%     0.5%
Jun 29 11:29:44    112.3    18248424       76    90.5%     75.6     0.8%     5.6%     0.7%     0.0%     2.7%     0.5%
Jun 29 11:30:45    111.5    20013539       76    90.5%     75.6     0.8%     5.6%     0.7%     0.0%     2.7%     0.5%
Jun 29 11:31:51    115.0    22741444       76    90.5%     75.6     0.8%     5.6%     0.7%     0.0%     2.7%     0.5%
Jun 29 11:32:54    111.6    24025164       76    90.5%     75.6     0.8%     5.6%     0.7%     0.0%     2.7%     0.5%
Jun 29 11:33:55    109.0    25308884       76    90.5%     75.6     0.8%     5.6%     0.7%     0.0%     2.7%     0.5%
Jun 29 11:34:55    113.3    28197254       76    90.5%     75.6     0.8%     5.6%     0.7%     0.0%     2.7%     0.5%
Jun 29 11:36:02    110.2    29480974       76    90.5%     75.6     0.8%     5.6%     0.7%     0.0%     2.7%     0.5%
Jun 29 11:37:05    107.4    30604229       76    90.5%     75.6     0.8%     5.6%     0.7%     0.0%     2.7%     0.5%
Jun 29 11:38:06    113.6    34294924       76    90.5%     75.6     0.8%     5.6%     0.7%     0.0%     2.7%     0.5%
Jun 29 11:39:07    113.6    36220504       76    90.5%     75.6     0.8%     5.6%     0.7%     0.0%     2.7%     0.5%
Jun 29 11:40:08    112.2    37664689       76    90.5%     75.6     0.8%     5.6%     0.7%     0.0%     2.7%     0.5%
Jun 29 11:46:30     89.7    39623198       76    90.5%     75.6     0.8%     5.6%     0.7%     0.0%     2.7%     0.5%
ALL DONE!
