           Time    Speed        Read     Read   Mapped   Mapped   Mapped   Mapped Unmapped Unmapped Unmapped Unmapped
                    M/hr      number   length   unique   length   MMrate    multi   multi+       MM    short    other
Jun 29 11:21:11      6.0      163956       75    90.2%     75.5     0.9%     5.5%     0.8%     0.0%     3.0%     0.4%
Jun 29 11:22:13    112.7     5040363       75    90.3%     75.5     0.9%     5.6%     0.8%     0.0%     2.9%     0.4%
Jun 29 11:23:13    103.2     6338079       75    90.3%     75.5     0.9%     5.6%     0.8%     0.0%     2.9%     0.4%
Jun 29 11:24:17    112.8     8933528       75    90.3%     75.5     0.9%     5.6%     0.8%     0.0%     2.9%     0.4%
Jun 29 11:25:20    102.5     9906766       75    90.3%     75.5     0.9%     5.6%     0.8%     0.0%     2.9%     0.4%
Jun 29 11:26:20    100.2    11351914       75    90.3%     75.5     0.9%     5.6%     0.8%     0.0%     2.9%     0.4%
Jun 29 11:27:30    112.1    14883265       75    90.3%     75.5     0.9%     5.6%     0.8%     0.0%     2.9%     0.4%
Jun 29 11:28:41    102.9    15685851       75    90.3%     75.5     0.9%     5.6%     0.8%     0.0%     2.9%     0.4%
Jun 29 11:29:44     98.9    16809446       75    90.3%     75.5     0.9%     5.6%     0.8%     0.0%     2.9%     0.4%
Jun 29 11:30:44     97.8    18254088       75    90.3%     75.5     0.9%     5.6%     0.8%     0.0%     2.9%     0.4%
Jun 29 11:31:44    101.6    20661834       75    90.3%     75.5     0.9%     5.6%     0.8%     0.0%     2.9%     0.4%
Jun 29 11:32:47    100.1    22106465       75    90.3%     75.5     0.9%     5.6%     0.8%     0.0%     2.9%     0.4%
Jun 29 11:33:53     99.8    23872134       75    90.3%     75.5     0.9%     5.6%     0.8%     0.0%     2.9%     0.4%
Jun 29 11:34:56    100.5    25798324       75    90.3%     75.5     0.9%     5.6%     0.8%     0.0%     2.9%     0.4%
Jun 29 11:36:02    103.2    28366587       75    90.3%     75.5     0.9%     5.6%     0.8%     0.0%     2.9%     0.4%
Jun 29 11:37:05    100.8    29490208       75    90.3%     75.5     0.9%     5.6%     0.8%     0.0%     2.9%     0.4%
Jun 29 11:38:06    105.7    32700509       75    90.3%     75.5     0.9%     5.6%     0.8%     0.0%     2.9%     0.4%
Jun 29 11:39:09    107.9    35268759       75    90.3%     75.5     0.9%     5.6%     0.8%     0.0%     2.9%     0.4%
Jun 29 11:40:22    107.1    37194954       75    90.3%     75.5     0.9%     5.6%     0.8%     0.0%     2.9%     0.4%
Jun 29 11:41:25    110.8    40405272       75    90.3%     75.5     0.8%     5.6%     0.8%     0.0%     2.9%     0.4%
Jun 29 11:45:21     94.5    40668510       75    90.3%     75.5     0.8%     5.6%     0.8%     0.0%     2.9%     0.4%
ALL DONE!
