                                 Started job on |	Jun 29 11:37:52
                             Started mapping on |	Jun 29 11:38:04
                                    Finished on |	Jun 29 11:48:41
       Mapping speed, Million of reads per hour |	196.24

                          Number of input reads |	34722990
                      Average input read length |	75
                                    UNIQUE READS:
                   Uniquely mapped reads number |	31420009
                        Uniquely mapped reads % |	90.49%
                          Average mapped length |	75.49
                       Number of splices: Total |	4793706
            Number of splices: Annotated (sjdb) |	4567208
                       Number of splices: GT/AG |	4719588
                       Number of splices: GC/AG |	37728
                       Number of splices: AT/AC |	4173
               Number of splices: Non-canonical |	32217
                      Mismatch rate per base, % |	0.78%
                         Deletion rate per base |	0.04%
                        Deletion average length |	1.93
                        Insertion rate per base |	0.03%
                       Insertion average length |	1.69
                             MULTI-MAPPING READS:
        Number of reads mapped to multiple loci |	1794050
             % of reads mapped to multiple loci |	5.17%
        Number of reads mapped to too many loci |	280817
             % of reads mapped to too many loci |	0.81%
                                  UNMAPPED READS:
       % of reads unmapped: too many mismatches |	0.00%
                 % of reads unmapped: too short |	2.74%
                     % of reads unmapped: other |	0.79%
                                  CHIMERIC READS:
                       Number of chimeric reads |	0
                            % of chimeric reads |	0.00%
