           Time    Speed        Read     Read   Mapped   Mapped   Mapped   Mapped Unmapped Unmapped Unmapped Unmapped
                    M/hr      number   length   unique   length   MMrate    multi   multi+       MM    short    other
Jun 29 11:21:19      7.4      163982       75    89.4%     75.5     0.8%     5.9%     0.9%     0.0%     2.9%     1.0%
Jun 29 11:22:25    152.3     6177144       75    89.4%     75.5     0.9%     5.8%     0.8%     0.0%     3.0%     0.9%
Jun 29 11:23:26    155.4     8935350       75    89.4%     75.5     0.8%     5.8%     0.8%     0.0%     3.0%     0.9%
Jun 29 11:24:30    150.8    11354172       75    89.4%     75.5     0.8%     5.8%     0.8%     0.0%     3.0%     0.9%
Jun 29 11:25:37    131.2    12317455       75    89.4%     75.5     0.9%     5.8%     0.8%     0.0%     3.0%     0.9%
Jun 29 11:26:51    146.9    16812849       75    89.4%     75.5     0.9%     5.8%     0.8%     0.0%     3.0%     0.9%
Jun 29 11:27:59    138.1    18418332       75    89.4%     75.5     0.8%     5.8%     0.8%     0.0%     3.0%     0.9%
Jun 29 11:29:04    127.0    19221084       75    89.4%     75.5     0.8%     5.8%     0.8%     0.0%     3.0%     0.9%
Jun 29 11:30:11    128.2    21789849       75    89.4%     75.5     0.8%     5.8%     0.8%     0.0%     3.0%     0.9%
Jun 29 11:31:14    133.3    25000822       75    89.4%     75.5     0.9%     5.8%     0.8%     0.0%     3.0%     0.9%
Jun 29 11:32:18    127.3    26124672       75    89.4%     75.5     0.8%     5.8%     0.8%     0.0%     3.0%     0.9%
Jun 29 11:33:21    131.7    29335658       75    89.4%     75.5     0.8%     5.8%     0.8%     0.0%     3.0%     0.9%
Jun 29 11:34:27    127.0    30620062       75    89.4%     75.5     0.8%     5.8%     0.8%     0.0%     3.0%     0.9%
Jun 29 11:35:32    128.1    33188856       75    89.4%     75.5     0.8%     5.8%     0.8%     0.0%     3.0%     0.9%
Jun 29 11:36:40    130.3    36239290       75    89.4%     75.5     0.8%     5.8%     0.8%     0.0%     3.0%     0.9%
Jun 29 11:37:45    127.3    37684234       75    89.4%     75.5     0.8%     5.8%     0.8%     0.0%     3.0%     0.9%
Jun 29 11:42:57    104.2    39889589       75    89.4%     75.5     0.8%     5.8%     0.8%     0.0%     3.0%     0.9%
ALL DONE!
