           Time    Speed        Read     Read   Mapped   Mapped   Mapped   Mapped Unmapped Unmapped Unmapped Unmapped
                    M/hr      number   length   unique   length   MMrate    multi   multi+       MM    short    other
Jun 29 11:21:15      7.8      163897       76    92.2%     75.6     0.7%     4.0%     0.6%     0.0%     2.4%     0.7%
Jun 29 11:22:17    186.4     7146886       76    92.3%     75.6     0.7%     4.0%     0.6%     0.0%     2.4%     0.7%
Jun 29 11:23:19    152.0     8444190       76    92.3%     75.6     0.7%     4.0%     0.6%     0.0%     2.4%     0.7%
Jun 29 11:24:26    133.5     9903657       76    92.3%     75.6     0.7%     4.0%     0.6%     0.0%     2.4%     0.7%
Jun 29 11:25:33    118.9    11027592       76    92.3%     75.6     0.7%     4.0%     0.6%     0.0%     2.4%     0.7%
Jun 29 11:26:33    131.5    14397357       76    92.3%     75.6     0.7%     4.0%     0.6%     0.0%     2.4%     0.7%
Jun 29 11:28:53    107.9    16002007       76    92.3%     75.6     0.7%     4.0%     0.6%     0.0%     2.4%     0.7%
Jun 29 11:29:54    103.6    17125262       76    92.3%     75.6     0.7%     4.0%     0.6%     0.0%     2.4%     0.7%
Jun 29 11:30:58    108.5    19853167       76    92.3%     75.6     0.7%     4.0%     0.6%     0.0%     2.4%     0.7%
Jun 29 11:31:58    116.3    23222932       76    92.3%     75.6     0.7%     4.0%     0.6%     0.0%     2.4%     0.7%
Jun 29 11:33:06    113.6    24827582       76    92.3%     75.6     0.7%     4.0%     0.6%     0.0%     2.4%     0.7%
Jun 29 11:34:13    109.4    25950837       76    92.3%     75.6     0.7%     4.0%     0.6%     0.0%     2.4%     0.7%
Jun 29 11:35:17    114.4    29160137       76    92.3%     75.6     0.7%     4.0%     0.6%     0.0%     2.4%     0.7%
Jun 29 11:36:19    111.8    30443857       76    92.3%     75.6     0.7%     4.0%     0.6%     0.0%     2.4%     0.7%
Jun 29 11:37:20    111.4    32208972       76    92.3%     75.6     0.7%     4.0%     0.6%     0.0%     2.4%     0.7%
Jun 29 11:38:58    111.9    35418272       76    92.3%     75.6     0.7%     4.0%     0.6%     0.0%     2.4%     0.7%
Jun 29 11:40:03    117.4    39269432       76    92.3%     75.6     0.7%     4.0%     0.6%     0.0%     2.4%     0.7%
Jun 29 11:41:04    119.5    41997337       76    92.3%     75.6     0.7%     4.0%     0.6%     0.0%     2.4%     0.7%
Jun 29 11:46:15    102.7    44979718       76    92.3%     75.6     0.7%     4.0%     0.6%     0.0%     2.4%     0.7%
ALL DONE!
