                                 Started job on |	Jun 29 11:16:08
                             Started mapping on |	Jun 29 11:19:59
                                    Finished on |	Jun 29 11:42:57
       Mapping speed, Million of reads per hour |	104.21

                          Number of input reads |	39889589
                      Average input read length |	75
                                    UNIQUE READS:
                   Uniquely mapped reads number |	35667336
                        Uniquely mapped reads % |	89.42%
                          Average mapped length |	75.46
                       Number of splices: Total |	5361743
            Number of splices: Annotated (sjdb) |	5113708
                       Number of splices: GT/AG |	5277428
                       Number of splices: GC/AG |	43473
                       Number of splices: AT/AC |	4487
               Number of splices: Non-canonical |	36355
                      Mismatch rate per base, % |	0.84%
                         Deletion rate per base |	0.04%
                        Deletion average length |	1.93
                        Insertion rate per base |	0.03%
                       Insertion average length |	1.67
                             MULTI-MAPPING READS:
        Number of reads mapped to multiple loci |	2323600
             % of reads mapped to multiple loci |	5.83%
        Number of reads mapped to too many loci |	332435
             % of reads mapped to too many loci |	0.83%
                                  UNMAPPED READS:
       % of reads unmapped: too many mismatches |	0.00%
                 % of reads unmapped: too short |	2.99%
                     % of reads unmapped: other |	0.94%
                                  CHIMERIC READS:
                       Number of chimeric reads |	0
                            % of chimeric reads |	0.00%
