                                 Started job on |	Jun 29 11:16:20
                             Started mapping on |	Jun 29 11:19:59
                                    Finished on |	Jun 29 11:36:01
       Mapping speed, Million of reads per hour |	89.36

                          Number of input reads |	23877737
                      Average input read length |	75
                                    UNIQUE READS:
                   Uniquely mapped reads number |	21860712
                        Uniquely mapped reads % |	91.55%
                          Average mapped length |	75.51
                       Number of splices: Total |	3434245
            Number of splices: Annotated (sjdb) |	3274078
                       Number of splices: GT/AG |	3381921
                       Number of splices: GC/AG |	27664
                       Number of splices: AT/AC |	2896
               Number of splices: Non-canonical |	21764
                      Mismatch rate per base, % |	0.70%
                         Deletion rate per base |	0.04%
                        Deletion average length |	1.93
                        Insertion rate per base |	0.03%
                       Insertion average length |	1.71
                             MULTI-MAPPING READS:
        Number of reads mapped to multiple loci |	1096543
             % of reads mapped to multiple loci |	4.59%
        Number of reads mapped to too many loci |	162720
             % of reads mapped to too many loci |	0.68%
                                  UNMAPPED READS:
       % of reads unmapped: too many mismatches |	0.00%
                 % of reads unmapped: too short |	2.45%
                     % of reads unmapped: other |	0.73%
                                  CHIMERIC READS:
                       Number of chimeric reads |	0
                            % of chimeric reads |	0.00%
