                                 Started job on |	Jun 29 11:16:30
                             Started mapping on |	Jun 29 11:19:59
                                    Finished on |	Jun 29 11:43:14
       Mapping speed, Million of reads per hour |	77.08

                          Number of input reads |	29869558
                      Average input read length |	76
                                    UNIQUE READS:
                   Uniquely mapped reads number |	27430203
                        Uniquely mapped reads % |	91.83%
                          Average mapped length |	75.56
                       Number of splices: Total |	4463668
            Number of splices: Annotated (sjdb) |	4266554
                       Number of splices: GT/AG |	4397856
                       Number of splices: GC/AG |	35576
                       Number of splices: AT/AC |	3993
               Number of splices: Non-canonical |	26243
                      Mismatch rate per base, % |	0.71%
                         Deletion rate per base |	0.04%
                        Deletion average length |	1.95
                        Insertion rate per base |	0.02%
                       Insertion average length |	1.74
                             MULTI-MAPPING READS:
        Number of reads mapped to multiple loci |	1334853
             % of reads mapped to multiple loci |	4.47%
        Number of reads mapped to too many loci |	208196
             % of reads mapped to too many loci |	0.70%
                                  UNMAPPED READS:
       % of reads unmapped: too many mismatches |	0.00%
                 % of reads unmapped: too short |	2.47%
                     % of reads unmapped: other |	0.53%
                                  CHIMERIC READS:
                       Number of chimeric reads |	0
                            % of chimeric reads |	0.00%
