                                 Started job on |	Jun 29 11:38:53
                             Started mapping on |	Jun 29 11:45:52
                                    Finished on |	Jun 29 11:52:10
       Mapping speed, Million of reads per hour |	302.77

                          Number of input reads |	31790420
                      Average input read length |	75
                                    UNIQUE READS:
                   Uniquely mapped reads number |	29331934
                        Uniquely mapped reads % |	92.27%
                          Average mapped length |	75.50
                       Number of splices: Total |	4442147
            Number of splices: Annotated (sjdb) |	4230369
                       Number of splices: GT/AG |	4371764
                       Number of splices: GC/AG |	35925
                       Number of splices: AT/AC |	3913
               Number of splices: Non-canonical |	30545
                      Mismatch rate per base, % |	0.73%
                         Deletion rate per base |	0.04%
                        Deletion average length |	1.96
                        Insertion rate per base |	0.03%
                       Insertion average length |	1.71
                             MULTI-MAPPING READS:
        Number of reads mapped to multiple loci |	1280515
             % of reads mapped to multiple loci |	4.03%
        Number of reads mapped to too many loci |	202486
             % of reads mapped to too many loci |	0.64%
                                  UNMAPPED READS:
       % of reads unmapped: too many mismatches |	0.00%
                 % of reads unmapped: too short |	2.61%
                     % of reads unmapped: other |	0.46%
                                  CHIMERIC READS:
                       Number of chimeric reads |	0
                            % of chimeric reads |	0.00%
