           Time    Speed        Read     Read   Mapped   Mapped   Mapped   Mapped Unmapped Unmapped Unmapped Unmapped
                    M/hr      number   length   unique   length   MMrate    multi   multi+       MM    short    other
Jun 29 11:21:35      6.2      165139       75    88.9%     75.5     1.0%     6.4%     0.9%     0.0%     3.1%     0.7%
Jun 29 11:22:36     97.0     4229303       75    89.0%     75.5     0.9%     6.5%     0.9%     0.0%     2.8%     0.8%
Jun 29 11:23:39     90.4     5527000       75    89.0%     75.5     0.9%     6.5%     0.9%     0.0%     2.8%     0.8%
Jun 29 11:24:42     88.9     6986938       75    89.0%     75.5     0.9%     6.5%     0.9%     0.0%     2.8%     0.8%
Jun 29 11:25:42     88.7     8446893       75    89.0%     75.5     0.8%     6.5%     0.9%     0.0%     2.8%     0.8%
Jun 29 11:27:12     98.4    11833367       75    89.0%     75.5     0.9%     6.5%     0.9%     0.0%     2.8%     0.8%
Jun 29 11:28:14     97.7    13438546       75    89.0%     75.5     0.9%     6.5%     0.9%     0.0%     2.8%     0.8%
Jun 29 11:29:18     92.7    14401635       75    89.0%     75.5     0.9%     6.5%     0.9%     0.0%     2.8%     0.8%
Jun 29 11:30:19     89.2    15364727       75    89.0%     75.5     0.9%     6.5%     0.9%     0.0%     2.8%     0.8%
Jun 29 11:31:25    100.0    19056613       75    89.0%     75.5     0.8%     6.5%     0.9%     0.0%     2.8%     0.8%
Jun 29 11:32:33     96.4    20180229       75    89.0%     75.5     0.8%     6.5%     0.9%     0.0%     2.8%     0.8%
Jun 29 11:33:37     94.5    21464372       75    89.0%     75.5     0.8%     6.5%     0.9%     0.0%     2.8%     0.8%
Jun 29 11:34:38     99.1    24193166       75    89.0%     75.5     0.9%     6.5%     0.9%     0.0%     2.8%     0.8%
Jun 29 11:35:40     97.5    25477335       75    89.0%     75.5     0.9%     6.5%     0.9%     0.0%     2.8%     0.8%
Jun 29 11:36:47     95.0    26600941       75    89.0%     75.5     0.9%     6.5%     0.9%     0.0%     2.8%     0.8%
Jun 29 11:37:47     96.7    28687653       75    89.0%     75.5     0.8%     6.5%     0.9%     0.0%     2.8%     0.8%
Jun 29 11:38:48    101.7    31897955       75    89.0%     75.5     0.9%     6.5%     0.9%     0.0%     2.8%     0.8%
Jun 29 11:39:54    100.9    33503134       75    89.0%     75.5     0.8%     6.5%     0.9%     0.0%     2.8%     0.8%
Jun 29 11:40:56    105.6    36873958       75    89.0%     75.5     0.8%     6.5%     0.9%     0.0%     2.8%     0.8%
Jun 29 11:42:09    104.4    38568418       75    89.0%     75.5     0.8%     6.5%     0.9%     0.0%     2.8%     0.8%
Jun 29 11:45:44     90.6    38889442       75    89.0%     75.5     0.8%     6.5%     0.9%     0.0%     2.8%     0.8%
ALL DONE!
