           Time    Speed        Read     Read   Mapped   Mapped   Mapped   Mapped Unmapped Unmapped Unmapped Unmapped
                    M/hr      number   length   unique   length   MMrate    multi   multi+       MM    short    other
Jun 29 11:21:11      6.0      163955       75    90.3%     75.5     1.0%     5.1%     0.8%     0.0%     3.0%     0.8%
Jun 29 11:22:13    105.5     4716040       75    90.7%     75.5     0.8%     5.0%     0.8%     0.0%     2.7%     0.9%
Jun 29 11:23:13     98.0     6013782       75    90.7%     75.5     0.8%     5.0%     0.8%     0.0%     2.7%     0.9%
Jun 29 11:24:22    114.9     9258166       75    90.7%     75.5     0.8%     5.0%     0.8%     0.0%     2.7%     0.9%
Jun 29 11:25:26    104.0    10228498       75    90.7%     75.5     0.8%     5.0%     0.8%     0.0%     2.7%     0.9%
Jun 29 11:26:26    108.5    12475767       75    90.7%     75.5     0.8%     5.0%     0.8%     0.0%     2.7%     0.9%
Jun 29 11:27:33    115.0    15365145       75    90.7%     75.5     0.8%     5.0%     0.8%     0.0%     2.7%     0.9%
Jun 29 11:28:36    105.9    16007217       75    90.7%     75.5     0.8%     5.0%     0.8%     0.0%     2.7%     0.9%
Jun 29 11:29:41    100.3    16970326       75    90.7%     75.5     0.8%     5.0%     0.8%     0.0%     2.7%     0.9%
Jun 29 11:30:44     99.5    18575509       75    90.7%     75.5     0.8%     5.0%     0.8%     0.0%     2.7%     0.9%
Jun 29 11:31:46    104.5    21304321       75    90.7%     75.5     0.8%     5.0%     0.8%     0.0%     2.7%     0.9%
Jun 29 11:32:46    103.1    22748993       75    90.7%     75.5     0.8%     5.0%     0.8%     0.0%     2.7%     0.9%
Jun 29 11:33:46    102.7    24354193       75    90.7%     75.5     0.8%     5.0%     0.8%     0.0%     2.7%     0.9%
Jun 29 11:34:46    101.0    25638357       75    90.7%     75.5     0.8%     5.0%     0.8%     0.0%     2.7%     0.9%
Jun 29 11:35:46    106.6    28848766       75    90.7%     75.5     0.8%     5.0%     0.8%     0.0%     2.7%     0.9%
Jun 29 11:36:53    103.7    29972395       75    90.7%     75.5     0.8%     5.0%     0.8%     0.0%     2.7%     0.9%
Jun 29 11:38:01    108.2    33343308       75    90.7%     75.5     0.8%     5.0%     0.8%     0.0%     2.7%     0.9%
Jun 29 11:39:02    110.0    35751101       75    90.7%     75.5     0.8%     5.0%     0.8%     0.0%     2.7%     0.9%
Jun 29 11:40:08    110.7    37998370       75    90.7%     75.5     0.8%     5.0%     0.8%     0.0%     2.7%     0.9%
Jun 29 11:41:13    114.0    41208771       75    90.7%     75.5     0.8%     5.0%     0.8%     0.0%     2.7%     0.9%
Jun 29 11:45:33     95.8    41555509       75    90.7%     75.5     0.8%     5.0%     0.8%     0.0%     2.7%     0.9%
ALL DONE!
