                                 Started job on |	Jun 29 11:16:09
                             Started mapping on |	Jun 29 11:23:46
                                    Finished on |	Jun 29 11:49:56
       Mapping speed, Million of reads per hour |	87.99

                          Number of input reads |	38372236
                      Average input read length |	76
                                    UNIQUE READS:
                   Uniquely mapped reads number |	34910509
                        Uniquely mapped reads % |	90.98%
                          Average mapped length |	75.52
                       Number of splices: Total |	5403317
            Number of splices: Annotated (sjdb) |	5155305
                       Number of splices: GT/AG |	5321212
                       Number of splices: GC/AG |	42905
                       Number of splices: AT/AC |	4538
               Number of splices: Non-canonical |	34662
                      Mismatch rate per base, % |	0.85%
                         Deletion rate per base |	0.04%
                        Deletion average length |	1.96
                        Insertion rate per base |	0.03%
                       Insertion average length |	1.70
                             MULTI-MAPPING READS:
        Number of reads mapped to multiple loci |	1850570
             % of reads mapped to multiple loci |	4.82%
        Number of reads mapped to too many loci |	272749
             % of reads mapped to too many loci |	0.71%
                                  UNMAPPED READS:
       % of reads unmapped: too many mismatches |	0.00%
                 % of reads unmapped: too short |	2.82%
                     % of reads unmapped: other |	0.67%
                                  CHIMERIC READS:
                       Number of chimeric reads |	0
                            % of chimeric reads |	0.00%
