                                 Started job on |	Jun 29 11:37:38
                             Started mapping on |	Jun 29 11:45:52
                                    Finished on |	Jun 29 11:51:17
       Mapping speed, Million of reads per hour |	264.26

                          Number of input reads |	23856784
                      Average input read length |	76
                                    UNIQUE READS:
                   Uniquely mapped reads number |	21953863
                        Uniquely mapped reads % |	92.02%
                          Average mapped length |	75.55
                       Number of splices: Total |	3511086
            Number of splices: Annotated (sjdb) |	3349573
                       Number of splices: GT/AG |	3457041
                       Number of splices: GC/AG |	28427
                       Number of splices: AT/AC |	3010
               Number of splices: Non-canonical |	22608
                      Mismatch rate per base, % |	0.72%
                         Deletion rate per base |	0.04%
                        Deletion average length |	1.95
                        Insertion rate per base |	0.03%
                       Insertion average length |	1.71
                             MULTI-MAPPING READS:
        Number of reads mapped to multiple loci |	959554
             % of reads mapped to multiple loci |	4.02%
        Number of reads mapped to too many loci |	160932
             % of reads mapped to too many loci |	0.67%
                                  UNMAPPED READS:
       % of reads unmapped: too many mismatches |	0.00%
                 % of reads unmapped: too short |	2.59%
                     % of reads unmapped: other |	0.69%
                                  CHIMERIC READS:
                       Number of chimeric reads |	0
                            % of chimeric reads |	0.00%
