                                 Started job on |	Jun 29 11:27:24
                             Started mapping on |	Jun 29 11:37:07
                                    Finished on |	Jun 29 11:47:28
       Mapping speed, Million of reads per hour |	206.27

                          Number of input reads |	35581363
                      Average input read length |	76
                                    UNIQUE READS:
                   Uniquely mapped reads number |	32675202
                        Uniquely mapped reads % |	91.83%
                          Average mapped length |	75.50
                       Number of splices: Total |	4858797
            Number of splices: Annotated (sjdb) |	4626385
                       Number of splices: GT/AG |	4783141
                       Number of splices: GC/AG |	38970
                       Number of splices: AT/AC |	4159
               Number of splices: Non-canonical |	32527
                      Mismatch rate per base, % |	0.89%
                         Deletion rate per base |	0.04%
                        Deletion average length |	1.95
                        Insertion rate per base |	0.03%
                       Insertion average length |	1.70
                             MULTI-MAPPING READS:
        Number of reads mapped to multiple loci |	1458546
             % of reads mapped to multiple loci |	4.10%
        Number of reads mapped to too many loci |	222493
             % of reads mapped to too many loci |	0.63%
                                  UNMAPPED READS:
       % of reads unmapped: too many mismatches |	0.00%
                 % of reads unmapped: too short |	3.00%
                     % of reads unmapped: other |	0.45%
                                  CHIMERIC READS:
                       Number of chimeric reads |	0
                            % of chimeric reads |	0.00%
