                                 Started job on |	Jun 29 11:16:20
                             Started mapping on |	Jun 29 11:19:59
                                    Finished on |	Jun 29 11:44:31
       Mapping speed, Million of reads per hour |	80.58

                          Number of input reads |	32949305
                      Average input read length |	75
                                    UNIQUE READS:
                   Uniquely mapped reads number |	29457333
                        Uniquely mapped reads % |	89.40%
                          Average mapped length |	75.48
                       Number of splices: Total |	4481541
            Number of splices: Annotated (sjdb) |	4271896
                       Number of splices: GT/AG |	4410412
                       Number of splices: GC/AG |	35865
                       Number of splices: AT/AC |	4256
               Number of splices: Non-canonical |	31008
                      Mismatch rate per base, % |	0.80%
                         Deletion rate per base |	0.04%
                        Deletion average length |	1.93
                        Insertion rate per base |	0.03%
                       Insertion average length |	1.70
                             MULTI-MAPPING READS:
        Number of reads mapped to multiple loci |	1760635
             % of reads mapped to multiple loci |	5.34%
        Number of reads mapped to too many loci |	294004
             % of reads mapped to too many loci |	0.89%
                                  UNMAPPED READS:
       % of reads unmapped: too many mismatches |	0.00%
                 % of reads unmapped: too short |	3.00%
                     % of reads unmapped: other |	1.36%
                                  CHIMERIC READS:
                       Number of chimeric reads |	0
                            % of chimeric reads |	0.00%
