                                 Started job on |	Dec 22 17:20:50
                             Started mapping on |	Dec 22 17:21:20
                                    Finished on |	Dec 22 17:30:24
       Mapping speed, Million of reads per hour |	360.91

                          Number of input reads |	54537090
                      Average input read length |	195
                                    UNIQUE READS:
                   Uniquely mapped reads number |	51564409
                        Uniquely mapped reads % |	94.55%
                          Average mapped length |	193.71
                       Number of splices: Total |	28428841
            Number of splices: Annotated (sjdb) |	27339246
                       Number of splices: GT/AG |	28059600
                       Number of splices: GC/AG |	230489
                       Number of splices: AT/AC |	23598
               Number of splices: Non-canonical |	115154
                      Mismatch rate per base, % |	0.79%
                         Deletion rate per base |	0.05%
                        Deletion average length |	2.17
                        Insertion rate per base |	0.04%
                       Insertion average length |	2.05
                             MULTI-MAPPING READS:
        Number of reads mapped to multiple loci |	1289861
             % of reads mapped to multiple loci |	2.37%
        Number of reads mapped to too many loci |	92703
             % of reads mapped to too many loci |	0.17%
                                  UNMAPPED READS:
       % of reads unmapped: too many mismatches |	0.00%
                 % of reads unmapped: too short |	2.81%
                     % of reads unmapped: other |	0.10%
                                  CHIMERIC READS:
                       Number of chimeric reads |	0
                            % of chimeric reads |	0.00%
