                                 Started job on |	Dec 22 17:20:40
                             Started mapping on |	Dec 22 17:21:14
                                    Finished on |	Dec 22 17:31:18
       Mapping speed, Million of reads per hour |	371.44

                          Number of input reads |	62319744
                      Average input read length |	194
                                    UNIQUE READS:
                   Uniquely mapped reads number |	58983708
                        Uniquely mapped reads % |	94.65%
                          Average mapped length |	193.30
                       Number of splices: Total |	32580343
            Number of splices: Annotated (sjdb) |	31313153
                       Number of splices: GT/AG |	32158648
                       Number of splices: GC/AG |	265303
                       Number of splices: AT/AC |	28154
               Number of splices: Non-canonical |	128238
                      Mismatch rate per base, % |	0.78%
                         Deletion rate per base |	0.05%
                        Deletion average length |	2.13
                        Insertion rate per base |	0.03%
                       Insertion average length |	2.05
                             MULTI-MAPPING READS:
        Number of reads mapped to multiple loci |	1368640
             % of reads mapped to multiple loci |	2.20%
        Number of reads mapped to too many loci |	102201
             % of reads mapped to too many loci |	0.16%
                                  UNMAPPED READS:
       % of reads unmapped: too many mismatches |	0.00%
                 % of reads unmapped: too short |	2.88%
                     % of reads unmapped: other |	0.11%
                                  CHIMERIC READS:
                       Number of chimeric reads |	0
                            % of chimeric reads |	0.00%
