                                 Started job on |	Dec 22 17:20:49
                             Started mapping on |	Dec 22 17:21:19
                                    Finished on |	Dec 22 17:29:46
       Mapping speed, Million of reads per hour |	416.60

                          Number of input reads |	58671069
                      Average input read length |	195
                                    UNIQUE READS:
                   Uniquely mapped reads number |	55423008
                        Uniquely mapped reads % |	94.46%
                          Average mapped length |	193.73
                       Number of splices: Total |	30945592
            Number of splices: Annotated (sjdb) |	29725008
                       Number of splices: GT/AG |	30532990
                       Number of splices: GC/AG |	257024
                       Number of splices: AT/AC |	25481
               Number of splices: Non-canonical |	130097
                      Mismatch rate per base, % |	0.79%
                         Deletion rate per base |	0.05%
                        Deletion average length |	2.18
                        Insertion rate per base |	0.03%
                       Insertion average length |	2.05
                             MULTI-MAPPING READS:
        Number of reads mapped to multiple loci |	1393807
             % of reads mapped to multiple loci |	2.38%
        Number of reads mapped to too many loci |	108920
             % of reads mapped to too many loci |	0.19%
                                  UNMAPPED READS:
       % of reads unmapped: too many mismatches |	0.00%
                 % of reads unmapped: too short |	2.87%
                     % of reads unmapped: other |	0.11%
                                  CHIMERIC READS:
                       Number of chimeric reads |	0
                            % of chimeric reads |	0.00%
