                                 Started job on |	Dec 22 17:20:41
                             Started mapping on |	Dec 22 17:21:14
                                    Finished on |	Dec 22 17:29:08
       Mapping speed, Million of reads per hour |	367.96

                          Number of input reads |	48447463
                      Average input read length |	194
                                    UNIQUE READS:
                   Uniquely mapped reads number |	45816194
                        Uniquely mapped reads % |	94.57%
                          Average mapped length |	193.11
                       Number of splices: Total |	25338016
            Number of splices: Annotated (sjdb) |	24367620
                       Number of splices: GT/AG |	25009528
                       Number of splices: GC/AG |	206882
                       Number of splices: AT/AC |	22020
               Number of splices: Non-canonical |	99586
                      Mismatch rate per base, % |	0.79%
                         Deletion rate per base |	0.05%
                        Deletion average length |	2.16
                        Insertion rate per base |	0.04%
                       Insertion average length |	2.05
                             MULTI-MAPPING READS:
        Number of reads mapped to multiple loci |	1159323
             % of reads mapped to multiple loci |	2.39%
        Number of reads mapped to too many loci |	74546
             % of reads mapped to too many loci |	0.15%
                                  UNMAPPED READS:
       % of reads unmapped: too many mismatches |	0.00%
                 % of reads unmapped: too short |	2.81%
                     % of reads unmapped: other |	0.07%
                                  CHIMERIC READS:
                       Number of chimeric reads |	0
                            % of chimeric reads |	0.00%
