                                 Started job on |	Dec 22 17:20:50
                             Started mapping on |	Dec 22 17:21:20
                                    Finished on |	Dec 22 17:29:42
       Mapping speed, Million of reads per hour |	362.50

                          Number of input reads |	50548219
                      Average input read length |	194
                                    UNIQUE READS:
                   Uniquely mapped reads number |	47836806
                        Uniquely mapped reads % |	94.64%
                          Average mapped length |	193.28
                       Number of splices: Total |	24943188
            Number of splices: Annotated (sjdb) |	23965636
                       Number of splices: GT/AG |	24612844
                       Number of splices: GC/AG |	200699
                       Number of splices: AT/AC |	20459
               Number of splices: Non-canonical |	109186
                      Mismatch rate per base, % |	0.79%
                         Deletion rate per base |	0.05%
                        Deletion average length |	2.19
                        Insertion rate per base |	0.04%
                       Insertion average length |	2.07
                             MULTI-MAPPING READS:
        Number of reads mapped to multiple loci |	1077480
             % of reads mapped to multiple loci |	2.13%
        Number of reads mapped to too many loci |	81501
             % of reads mapped to too many loci |	0.16%
                                  UNMAPPED READS:
       % of reads unmapped: too many mismatches |	0.00%
                 % of reads unmapped: too short |	2.97%
                     % of reads unmapped: other |	0.10%
                                  CHIMERIC READS:
                       Number of chimeric reads |	0
                            % of chimeric reads |	0.00%
