                                 Started job on |	Dec 22 17:20:38
                             Started mapping on |	Dec 22 17:21:15
                                    Finished on |	Dec 22 17:29:22
       Mapping speed, Million of reads per hour |	367.73

                          Number of input reads |	49746155
                      Average input read length |	194
                                    UNIQUE READS:
                   Uniquely mapped reads number |	47077068
                        Uniquely mapped reads % |	94.63%
                          Average mapped length |	192.82
                       Number of splices: Total |	25152617
            Number of splices: Annotated (sjdb) |	24203296
                       Number of splices: GT/AG |	24814370
                       Number of splices: GC/AG |	207263
                       Number of splices: AT/AC |	22472
               Number of splices: Non-canonical |	108512
                      Mismatch rate per base, % |	0.78%
                         Deletion rate per base |	0.05%
                        Deletion average length |	2.18
                        Insertion rate per base |	0.04%
                       Insertion average length |	2.06
                             MULTI-MAPPING READS:
        Number of reads mapped to multiple loci |	1046079
             % of reads mapped to multiple loci |	2.10%
        Number of reads mapped to too many loci |	82740
             % of reads mapped to too many loci |	0.17%
                                  UNMAPPED READS:
       % of reads unmapped: too many mismatches |	0.00%
                 % of reads unmapped: too short |	3.00%
                     % of reads unmapped: other |	0.10%
                                  CHIMERIC READS:
                       Number of chimeric reads |	0
                            % of chimeric reads |	0.00%
