                                 Started job on |	Dec 22 17:20:39
                             Started mapping on |	Dec 22 17:21:15
                                    Finished on |	Dec 22 17:29:46
       Mapping speed, Million of reads per hour |	377.53

                          Number of input reads |	53588790
                      Average input read length |	195
                                    UNIQUE READS:
                   Uniquely mapped reads number |	50470000
                        Uniquely mapped reads % |	94.18%
                          Average mapped length |	193.65
                       Number of splices: Total |	28107593
            Number of splices: Annotated (sjdb) |	27009774
                       Number of splices: GT/AG |	27741694
                       Number of splices: GC/AG |	228644
                       Number of splices: AT/AC |	22869
               Number of splices: Non-canonical |	114386
                      Mismatch rate per base, % |	0.77%
                         Deletion rate per base |	0.05%
                        Deletion average length |	2.14
                        Insertion rate per base |	0.03%
                       Insertion average length |	2.07
                             MULTI-MAPPING READS:
        Number of reads mapped to multiple loci |	1501435
             % of reads mapped to multiple loci |	2.80%
        Number of reads mapped to too many loci |	94102
             % of reads mapped to too many loci |	0.18%
                                  UNMAPPED READS:
       % of reads unmapped: too many mismatches |	0.00%
                 % of reads unmapped: too short |	2.74%
                     % of reads unmapped: other |	0.11%
                                  CHIMERIC READS:
                       Number of chimeric reads |	0
                            % of chimeric reads |	0.00%
