                                 Started job on |	Dec 22 17:20:44
                             Started mapping on |	Dec 22 17:21:17
                                    Finished on |	Dec 22 17:29:24
       Mapping speed, Million of reads per hour |	315.96

                          Number of input reads |	42742533
                      Average input read length |	195
                                    UNIQUE READS:
                   Uniquely mapped reads number |	40437736
                        Uniquely mapped reads % |	94.61%
                          Average mapped length |	193.79
                       Number of splices: Total |	23133244
            Number of splices: Annotated (sjdb) |	22273745
                       Number of splices: GT/AG |	22831800
                       Number of splices: GC/AG |	191449
                       Number of splices: AT/AC |	18773
               Number of splices: Non-canonical |	91222
                      Mismatch rate per base, % |	0.78%
                         Deletion rate per base |	0.05%
                        Deletion average length |	2.16
                        Insertion rate per base |	0.04%
                       Insertion average length |	2.00
                             MULTI-MAPPING READS:
        Number of reads mapped to multiple loci |	1023595
             % of reads mapped to multiple loci |	2.39%
        Number of reads mapped to too many loci |	58590
             % of reads mapped to too many loci |	0.14%
                                  UNMAPPED READS:
       % of reads unmapped: too many mismatches |	0.00%
                 % of reads unmapped: too short |	2.79%
                     % of reads unmapped: other |	0.07%
                                  CHIMERIC READS:
                       Number of chimeric reads |	0
                            % of chimeric reads |	0.00%
