                                 Started job on |	Dec 22 17:20:46
                             Started mapping on |	Dec 22 17:21:18
                                    Finished on |	Dec 22 17:31:53
       Mapping speed, Million of reads per hour |	343.02

                          Number of input reads |	60505676
                      Average input read length |	194
                                    UNIQUE READS:
                   Uniquely mapped reads number |	56504971
                        Uniquely mapped reads % |	93.39%
                          Average mapped length |	193.44
                       Number of splices: Total |	31352664
            Number of splices: Annotated (sjdb) |	30177213
                       Number of splices: GT/AG |	30942350
                       Number of splices: GC/AG |	253750
                       Number of splices: AT/AC |	26927
               Number of splices: Non-canonical |	129637
                      Mismatch rate per base, % |	0.77%
                         Deletion rate per base |	0.05%
                        Deletion average length |	2.16
                        Insertion rate per base |	0.03%
                       Insertion average length |	2.03
                             MULTI-MAPPING READS:
        Number of reads mapped to multiple loci |	2121324
             % of reads mapped to multiple loci |	3.51%
        Number of reads mapped to too many loci |	116226
             % of reads mapped to too many loci |	0.19%
                                  UNMAPPED READS:
       % of reads unmapped: too many mismatches |	0.00%
                 % of reads unmapped: too short |	2.84%
                     % of reads unmapped: other |	0.07%
                                  CHIMERIC READS:
                       Number of chimeric reads |	0
                            % of chimeric reads |	0.00%
