                                 Started job on |	Dec 22 17:20:50
                             Started mapping on |	Dec 22 17:21:20
                                    Finished on |	Dec 22 17:29:32
       Mapping speed, Million of reads per hour |	362.01

                          Number of input reads |	49474953
                      Average input read length |	195
                                    UNIQUE READS:
                   Uniquely mapped reads number |	46794750
                        Uniquely mapped reads % |	94.58%
                          Average mapped length |	193.64
                       Number of splices: Total |	26469304
            Number of splices: Annotated (sjdb) |	25495168
                       Number of splices: GT/AG |	26135513
                       Number of splices: GC/AG |	210760
                       Number of splices: AT/AC |	22166
               Number of splices: Non-canonical |	100865
                      Mismatch rate per base, % |	0.80%
                         Deletion rate per base |	0.05%
                        Deletion average length |	2.14
                        Insertion rate per base |	0.03%
                       Insertion average length |	2.03
                             MULTI-MAPPING READS:
        Number of reads mapped to multiple loci |	1179161
             % of reads mapped to multiple loci |	2.38%
        Number of reads mapped to too many loci |	72114
             % of reads mapped to too many loci |	0.15%
                                  UNMAPPED READS:
       % of reads unmapped: too many mismatches |	0.00%
                 % of reads unmapped: too short |	2.80%
                     % of reads unmapped: other |	0.09%
                                  CHIMERIC READS:
                       Number of chimeric reads |	0
                            % of chimeric reads |	0.00%
