                                 Started job on |	Dec 22 17:20:46
                             Started mapping on |	Dec 22 17:21:18
                                    Finished on |	Dec 22 17:31:34
       Mapping speed, Million of reads per hour |	345.32

                          Number of input reads |	59087885
                      Average input read length |	195
                                    UNIQUE READS:
                   Uniquely mapped reads number |	55759277
                        Uniquely mapped reads % |	94.37%
                          Average mapped length |	193.73
                       Number of splices: Total |	31671852
            Number of splices: Annotated (sjdb) |	30524732
                       Number of splices: GT/AG |	31269350
                       Number of splices: GC/AG |	253718
                       Number of splices: AT/AC |	26145
               Number of splices: Non-canonical |	122639
                      Mismatch rate per base, % |	0.77%
                         Deletion rate per base |	0.05%
                        Deletion average length |	2.14
                        Insertion rate per base |	0.03%
                       Insertion average length |	2.05
                             MULTI-MAPPING READS:
        Number of reads mapped to multiple loci |	1630512
             % of reads mapped to multiple loci |	2.76%
        Number of reads mapped to too many loci |	83993
             % of reads mapped to too many loci |	0.14%
                                  UNMAPPED READS:
       % of reads unmapped: too many mismatches |	0.00%
                 % of reads unmapped: too short |	2.66%
                     % of reads unmapped: other |	0.07%
                                  CHIMERIC READS:
                       Number of chimeric reads |	0
                            % of chimeric reads |	0.00%
