                                 Started job on |	Dec 22 17:20:45
                             Started mapping on |	Dec 22 17:21:17
                                    Finished on |	Dec 22 17:35:03
       Mapping speed, Million of reads per hour |	291.90

                          Number of input reads |	66975872
                      Average input read length |	194
                                    UNIQUE READS:
                   Uniquely mapped reads number |	63512483
                        Uniquely mapped reads % |	94.83%
                          Average mapped length |	192.89
                       Number of splices: Total |	34730310
            Number of splices: Annotated (sjdb) |	33381648
                       Number of splices: GT/AG |	34271709
                       Number of splices: GC/AG |	286679
                       Number of splices: AT/AC |	29318
               Number of splices: Non-canonical |	142604
                      Mismatch rate per base, % |	0.77%
                         Deletion rate per base |	0.05%
                        Deletion average length |	2.16
                        Insertion rate per base |	0.03%
                       Insertion average length |	2.03
                             MULTI-MAPPING READS:
        Number of reads mapped to multiple loci |	1348031
             % of reads mapped to multiple loci |	2.01%
        Number of reads mapped to too many loci |	121805
             % of reads mapped to too many loci |	0.18%
                                  UNMAPPED READS:
       % of reads unmapped: too many mismatches |	0.00%
                 % of reads unmapped: too short |	2.85%
                     % of reads unmapped: other |	0.12%
                                  CHIMERIC READS:
                       Number of chimeric reads |	0
                            % of chimeric reads |	0.00%
