                                 Started job on |	Dec 22 17:20:41
                             Started mapping on |	Dec 22 17:21:14
                                    Finished on |	Dec 22 17:33:24
       Mapping speed, Million of reads per hour |	388.21

                          Number of input reads |	78721081
                      Average input read length |	194
                                    UNIQUE READS:
                   Uniquely mapped reads number |	74157070
                        Uniquely mapped reads % |	94.20%
                          Average mapped length |	193.48
                       Number of splices: Total |	40225228
            Number of splices: Annotated (sjdb) |	38833811
                       Number of splices: GT/AG |	39713824
                       Number of splices: GC/AG |	319230
                       Number of splices: AT/AC |	35084
               Number of splices: Non-canonical |	157090
                      Mismatch rate per base, % |	0.76%
                         Deletion rate per base |	0.05%
                        Deletion average length |	2.11
                        Insertion rate per base |	0.03%
                       Insertion average length |	2.03
                             MULTI-MAPPING READS:
        Number of reads mapped to multiple loci |	2211727
             % of reads mapped to multiple loci |	2.81%
        Number of reads mapped to too many loci |	142795
             % of reads mapped to too many loci |	0.18%
                                  UNMAPPED READS:
       % of reads unmapped: too many mismatches |	0.00%
                 % of reads unmapped: too short |	2.71%
                     % of reads unmapped: other |	0.09%
                                  CHIMERIC READS:
                       Number of chimeric reads |	0
                            % of chimeric reads |	0.00%
