                                 Started job on |	Dec 22 17:20:50
                             Started mapping on |	Dec 22 17:21:20
                                    Finished on |	Dec 22 17:32:15
       Mapping speed, Million of reads per hour |	346.29

                          Number of input reads |	63006157
                      Average input read length |	195
                                    UNIQUE READS:
                   Uniquely mapped reads number |	59485023
                        Uniquely mapped reads % |	94.41%
                          Average mapped length |	193.56
                       Number of splices: Total |	34395515
            Number of splices: Annotated (sjdb) |	33120785
                       Number of splices: GT/AG |	33963393
                       Number of splices: GC/AG |	275908
                       Number of splices: AT/AC |	28266
               Number of splices: Non-canonical |	127948
                      Mismatch rate per base, % |	0.89%
                         Deletion rate per base |	0.05%
                        Deletion average length |	2.15
                        Insertion rate per base |	0.03%
                       Insertion average length |	2.05
                             MULTI-MAPPING READS:
        Number of reads mapped to multiple loci |	1601942
             % of reads mapped to multiple loci |	2.54%
        Number of reads mapped to too many loci |	103059
             % of reads mapped to too many loci |	0.16%
                                  UNMAPPED READS:
       % of reads unmapped: too many mismatches |	0.00%
                 % of reads unmapped: too short |	2.80%
                     % of reads unmapped: other |	0.08%
                                  CHIMERIC READS:
                       Number of chimeric reads |	0
                            % of chimeric reads |	0.00%
