                                 Started job on |	Dec 22 17:20:38
                             Started mapping on |	Dec 22 17:21:15
                                    Finished on |	Dec 22 17:30:45
       Mapping speed, Million of reads per hour |	403.05

                          Number of input reads |	63816054
                      Average input read length |	195
                                    UNIQUE READS:
                   Uniquely mapped reads number |	59748785
                        Uniquely mapped reads % |	93.63%
                          Average mapped length |	193.79
                       Number of splices: Total |	32970487
            Number of splices: Annotated (sjdb) |	31669102
                       Number of splices: GT/AG |	32531750
                       Number of splices: GC/AG |	271881
                       Number of splices: AT/AC |	28049
               Number of splices: Non-canonical |	138807
                      Mismatch rate per base, % |	0.79%
                         Deletion rate per base |	0.05%
                        Deletion average length |	2.17
                        Insertion rate per base |	0.04%
                       Insertion average length |	2.05
                             MULTI-MAPPING READS:
        Number of reads mapped to multiple loci |	2077114
             % of reads mapped to multiple loci |	3.25%
        Number of reads mapped to too many loci |	103468
             % of reads mapped to too many loci |	0.16%
                                  UNMAPPED READS:
       % of reads unmapped: too many mismatches |	0.00%
                 % of reads unmapped: too short |	2.89%
                     % of reads unmapped: other |	0.07%
                                  CHIMERIC READS:
                       Number of chimeric reads |	0
                            % of chimeric reads |	0.00%
