                                 Started job on |	Dec 22 17:20:46
                             Started mapping on |	Dec 22 17:21:18
                                    Finished on |	Dec 22 17:26:29
       Mapping speed, Million of reads per hour |	278.80

                          Number of input reads |	24085249
                      Average input read length |	192
                                    UNIQUE READS:
                   Uniquely mapped reads number |	21768507
                        Uniquely mapped reads % |	90.38%
                          Average mapped length |	190.30
                       Number of splices: Total |	11784598
            Number of splices: Annotated (sjdb) |	11339024
                       Number of splices: GT/AG |	11631484
                       Number of splices: GC/AG |	95366
                       Number of splices: AT/AC |	9642
               Number of splices: Non-canonical |	48106
                      Mismatch rate per base, % |	1.00%
                         Deletion rate per base |	0.05%
                        Deletion average length |	2.14
                        Insertion rate per base |	0.03%
                       Insertion average length |	2.03
                             MULTI-MAPPING READS:
        Number of reads mapped to multiple loci |	614338
             % of reads mapped to multiple loci |	2.55%
        Number of reads mapped to too many loci |	47153
             % of reads mapped to too many loci |	0.20%
                                  UNMAPPED READS:
       % of reads unmapped: too many mismatches |	0.00%
                 % of reads unmapped: too short |	6.73%
                     % of reads unmapped: other |	0.14%
                                  CHIMERIC READS:
                       Number of chimeric reads |	0
                            % of chimeric reads |	0.00%
