                                 Started job on |	Nov 26 21:33:38
                             Started mapping on |	Nov 26 21:33:59
                                    Finished on |	Nov 26 21:55:27
       Mapping speed, Million of reads per hour |	212.14

                          Number of input reads |	75900063
                      Average input read length |	216
                                    UNIQUE READS:
                   Uniquely mapped reads number |	68539814
                        Uniquely mapped reads % |	90.30%
                          Average mapped length |	193.57
                       Number of splices: Total |	51900679
            Number of splices: Annotated (sjdb) |	50447230
                       Number of splices: GT/AG |	51282475
                       Number of splices: GC/AG |	473507
                       Number of splices: AT/AC |	20818
               Number of splices: Non-canonical |	123879
                      Mismatch rate per base, % |	1.09%
                         Deletion rate per base |	0.04%
                        Deletion average length |	2.09
                        Insertion rate per base |	0.02%
                       Insertion average length |	2.00
                             MULTI-MAPPING READS:
        Number of reads mapped to multiple loci |	2789035
             % of reads mapped to multiple loci |	3.67%
        Number of reads mapped to too many loci |	180170
             % of reads mapped to too many loci |	0.24%
                                  UNMAPPED READS:
       % of reads unmapped: too many mismatches |	0.00%
                 % of reads unmapped: too short |	5.69%
                     % of reads unmapped: other |	0.10%
                                  CHIMERIC READS:
                       Number of chimeric reads |	0
                            % of chimeric reads |	0.00%
