           Time    Speed        Read     Read   Mapped   Mapped   Mapped   Mapped Unmapped Unmapped Unmapped Unmapped
                    M/hr      number   length   unique   length   MMrate    multi   multi+       MM    short    other
Nov 26 21:34:57    129.2     2152668      215    89.6%    193.4     1.2%     3.9%     0.3%     0.0%     6.2%     0.1%
Nov 26 21:36:14    166.9     6352430      215    89.8%    193.5     1.1%     3.9%     0.3%     0.0%     5.9%     0.1%
Nov 26 21:37:14    192.8    10550256      215    90.1%    193.6     1.1%     3.9%     0.3%     0.0%     5.7%     0.1%
Nov 26 21:38:24    190.8    14152597      215    90.1%    193.6     1.0%     3.9%     0.3%     0.0%     5.6%     0.1%
Nov 26 21:39:24    193.3    17560153      215    90.0%    193.6     1.1%     3.9%     0.3%     0.0%     5.7%     0.1%
Nov 26 21:40:24    197.8    21259319      215    90.0%    193.6     1.1%     3.9%     0.3%     0.0%     5.8%     0.1%
Nov 26 21:41:26    200.1    24959477      215    90.0%    193.6     1.1%     3.9%     0.3%     0.0%     5.8%     0.1%
Nov 26 21:42:29    198.1    28172768      215    90.0%    193.6     1.1%     3.9%     0.3%     0.0%     5.7%     0.1%
Nov 26 21:43:31    199.3    31774715      215    90.0%    193.6     1.1%     3.9%     0.3%     0.0%     5.7%     0.1%
Nov 26 21:44:31    202.0    35571966      215    90.1%    193.6     1.1%     3.9%     0.3%     0.0%     5.7%     0.1%
Nov 26 21:45:34    201.8    39077138      215    90.1%    193.6     1.0%     3.9%     0.3%     0.0%     5.6%     0.1%
Nov 26 21:46:34    202.5    42582216      215    90.1%    193.6     1.0%     3.9%     0.3%     0.0%     5.6%     0.1%
Nov 26 21:47:34    203.1    46088042      215    90.1%    193.6     1.0%     3.9%     0.3%     0.0%     5.6%     0.1%
Nov 26 21:48:34    204.4    49788112      215    90.1%    193.6     1.0%     3.9%     0.3%     0.0%     5.6%     0.1%
Nov 26 21:49:34    204.0    53098847      215    90.1%    193.6     1.0%     3.9%     0.3%     0.0%     5.6%     0.1%
Nov 26 21:50:34    204.4    56603589      215    90.1%    193.6     1.0%     3.9%     0.3%     0.0%     5.6%     0.1%
Nov 26 21:51:34    204.7    60108358      215    90.1%    193.6     1.0%     3.9%     0.3%     0.0%     5.6%     0.1%
Nov 26 21:52:35    205.2    63710809      215    90.2%    193.6     1.0%     3.9%     0.3%     0.0%     5.6%     0.1%
Nov 26 21:53:35    205.1    67118303      215    90.2%    193.6     1.0%     3.9%     0.3%     0.0%     5.6%     0.1%
Nov 26 21:54:37    205.6    70817756      215    90.2%    193.6     1.0%     3.9%     0.3%     0.0%     5.6%     0.1%
Nov 26 21:57:49    183.0    72775252      215    90.2%    193.6     1.0%     3.9%     0.3%     0.0%     5.6%     0.1%
ALL DONE!
