           Time    Speed        Read     Read   Mapped   Mapped   Mapped   Mapped Unmapped Unmapped Unmapped Unmapped
                    M/hr      number   length   unique   length   MMrate    multi   multi+       MM    short    other
Nov 26 21:39:57    184.4     3123795      216    89.1%    193.7     1.2%     4.2%     0.3%     0.0%     6.2%     0.1%
Nov 26 21:41:09    171.7     6342296      216    89.5%    193.8     1.2%     4.2%     0.3%     0.0%     5.8%     0.1%
Nov 26 21:42:09    198.3    10631686      216    89.7%    193.8     1.1%     4.3%     0.3%     0.0%     5.6%     0.1%
Nov 26 21:43:20    192.7    14131316      216    89.8%    193.9     1.1%     4.3%     0.3%     0.0%     5.5%     0.1%
Nov 26 21:44:20    198.1    17825466      216    89.7%    193.8     1.1%     4.3%     0.3%     0.0%     5.6%     0.1%
Nov 26 21:45:20    203.6    21713626      216    89.6%    193.8     1.1%     4.3%     0.3%     0.0%     5.7%     0.1%
Nov 26 21:46:32    197.5    25019194      216    89.6%    193.8     1.1%     4.3%     0.3%     0.0%     5.7%     0.1%
Nov 26 21:47:32    201.0    28811806      216    89.7%    193.8     1.1%     4.3%     0.3%     0.0%     5.6%     0.1%
Nov 26 21:48:37    202.6    32700223      216    89.7%    193.8     1.1%     4.3%     0.3%     0.0%     5.6%     0.1%
Nov 26 21:49:37    201.7    35908452      216    89.7%    193.8     1.1%     4.3%     0.3%     0.0%     5.6%     0.1%
Nov 26 21:50:37    201.9    39311676      216    89.7%    193.8     1.1%     4.3%     0.3%     0.0%     5.6%     0.1%
Nov 26 21:51:37    203.9    43103657      216    89.7%    193.8     1.1%     4.3%     0.3%     0.0%     5.6%     0.1%
Nov 26 21:52:43    203.7    46798151      216    89.7%    193.8     1.1%     4.3%     0.3%     0.0%     5.5%     0.1%
Nov 26 21:53:43    203.4    50104241      216    89.8%    193.9     1.1%     4.3%     0.3%     0.0%     5.5%     0.1%
Nov 26 21:54:44    204.7    53896373      216    89.8%    193.9     1.1%     4.3%     0.3%     0.0%     5.5%     0.1%
Nov 26 21:55:47    205.1    57592483      216    89.8%    193.9     1.1%     4.3%     0.3%     0.0%     5.5%     0.1%
Nov 26 21:56:48    204.8    60995051      216    89.8%    193.9     1.1%     4.3%     0.3%     0.0%     5.5%     0.1%
Nov 26 21:57:48    206.7    64980577      216    89.8%    193.9     1.1%     4.3%     0.3%     0.0%     5.5%     0.1%
Nov 26 21:58:50    207.4    68771636      216    89.8%    193.9     1.1%     4.3%     0.3%     0.0%     5.5%     0.1%
Nov 26 21:59:50    209.2    72854557      216    89.8%    193.9     1.1%     4.3%     0.3%     0.0%     5.5%     0.1%
Nov 26 22:03:04    188.2    75693731      216    89.8%    193.9     1.1%     4.3%     0.3%     0.0%     5.5%     0.1%
ALL DONE!
