           Time    Speed        Read     Read   Mapped   Mapped   Mapped   Mapped Unmapped Unmapped Unmapped Unmapped
                    M/hr      number   length   unique   length   MMrate    multi   multi+       MM    short    other
Nov 26 21:35:02    140.9     2348684      215    89.4%    193.3     1.2%     3.8%     0.2%     0.0%     6.5%     0.1%
Nov 26 21:36:02    181.8     6061590      215    89.7%    193.4     1.1%     3.8%     0.2%     0.0%     6.1%     0.1%
Nov 26 21:37:14    177.8     9481231      215    89.9%    193.5     1.1%     3.8%     0.2%     0.0%     5.9%     0.1%
Nov 26 21:38:14    185.6    12989366      215    90.0%    193.5     1.1%     3.8%     0.2%     0.0%     5.8%     0.1%
Nov 26 21:39:14    189.2    16398400      215    89.9%    193.5     1.1%     3.8%     0.2%     0.0%     5.9%     0.1%
Nov 26 21:40:14    190.7    19709911      215    89.8%    193.5     1.1%     3.8%     0.2%     0.0%     6.0%     0.1%
Nov 26 21:41:14    191.0    22924119      215    89.8%    193.5     1.1%     3.8%     0.2%     0.0%     6.0%     0.1%
Nov 26 21:42:14    192.7    26333463      215    89.9%    193.5     1.1%     3.8%     0.2%     0.0%     5.9%     0.1%
Nov 26 21:43:18    191.9    29644538      215    89.9%    193.5     1.1%     3.8%     0.2%     0.0%     5.9%     0.1%
Nov 26 21:44:21    191.1    32859088      215    89.9%    193.5     1.1%     3.8%     0.2%     0.0%     5.9%     0.1%
Nov 26 21:45:21    192.8    36366409      215    89.9%    193.5     1.1%     3.8%     0.2%     0.0%     5.9%     0.1%
Nov 26 21:46:21    194.2    39872907      215    89.9%    193.5     1.1%     3.8%     0.2%     0.0%     5.9%     0.1%
Nov 26 21:47:21    195.4    43378977      215    90.0%    193.5     1.1%     3.8%     0.2%     0.0%     5.8%     0.1%
Nov 26 21:48:21    195.7    46690465      215    90.0%    193.5     1.1%     3.8%     0.2%     0.0%     5.8%     0.1%
Nov 26 21:49:23    195.1    49904913      215    90.0%    193.5     1.1%     3.8%     0.2%     0.0%     5.8%     0.1%
Nov 26 21:50:24    194.7    53119745      215    90.0%    193.5     1.1%     3.8%     0.2%     0.0%     5.8%     0.1%
Nov 26 21:51:25    194.8    56432095      215    90.0%    193.5     1.1%     3.8%     0.2%     0.0%     5.8%     0.1%
Nov 26 21:52:25    195.9    60036648      215    90.0%    193.5     1.1%     3.8%     0.2%     0.0%     5.8%     0.1%
Nov 26 21:53:25    197.0    63640618      215    90.0%    193.5     1.1%     3.8%     0.2%     0.0%     5.8%     0.1%
Nov 26 21:54:30    196.8    67146812      215    90.0%    193.5     1.0%     3.8%     0.2%     0.0%     5.8%     0.1%
Nov 26 21:58:00    177.6    70942862      215    90.0%    193.5     1.0%     3.8%     0.2%     0.0%     5.8%     0.1%
ALL DONE!
