           Time    Speed        Read     Read   Mapped   Mapped   Mapped   Mapped Unmapped Unmapped Unmapped Unmapped
                    M/hr      number   length   unique   length   MMrate    multi   multi+       MM    short    other
Nov 26 21:35:01    183.3     3055400      214    88.5%    192.4     1.3%     3.8%     0.4%     0.0%     7.2%     0.2%
Nov 26 21:36:15    172.0     6402847      214    88.9%    192.5     1.2%     3.8%     0.4%     0.0%     6.8%     0.2%
Nov 26 21:37:15    195.5    10536657      214    89.1%    192.6     1.2%     3.8%     0.4%     0.0%     6.6%     0.2%
Nov 26 21:38:29    191.6    14265177      214    89.0%    192.6     1.2%     3.8%     0.4%     0.0%     6.7%     0.2%
Nov 26 21:39:29    194.3    17699162      214    88.9%    192.5     1.2%     3.8%     0.4%     0.0%     6.8%     0.2%
Nov 26 21:40:29    198.8    21428949      214    88.9%    192.6     1.2%     3.8%     0.4%     0.0%     6.8%     0.2%
Nov 26 21:41:38    199.0    25257024      214    89.0%    192.6     1.2%     3.8%     0.4%     0.0%     6.7%     0.2%
Nov 26 21:42:38    198.4    28496680      214    89.0%    192.6     1.2%     3.8%     0.4%     0.0%     6.7%     0.2%
Nov 26 21:43:38    201.7    32324068      214    89.0%    192.6     1.2%     3.8%     0.4%     0.0%     6.7%     0.2%
Nov 26 21:44:38    203.2    35956165      214    89.0%    192.6     1.2%     3.8%     0.4%     0.0%     6.7%     0.2%
Nov 26 21:45:42    202.3    39390497      214    89.1%    192.6     1.2%     3.8%     0.4%     0.0%     6.6%     0.2%
Nov 26 21:46:43    202.3    42824961      214    89.1%    192.6     1.1%     3.8%     0.4%     0.0%     6.6%     0.2%
Nov 26 21:47:43    203.9    46553651      214    89.1%    192.6     1.1%     3.8%     0.4%     0.0%     6.6%     0.2%
Nov 26 21:48:44    205.0    50283074      214    89.1%    192.6     1.1%     3.8%     0.4%     0.0%     6.6%     0.2%
Nov 26 21:49:45    204.1    53521588      214    89.1%    192.6     1.1%     3.8%     0.4%     0.0%     6.6%     0.2%
Nov 26 21:50:47    203.5    56857755      214    89.1%    192.6     1.1%     3.8%     0.4%     0.0%     6.6%     0.2%
Nov 26 21:53:39    182.9    59862259      214    89.1%    192.6     1.1%     3.8%     0.4%     0.0%     6.6%     0.2%
ALL DONE!
