           Time    Speed        Read     Read   Mapped   Mapped   Mapped   Mapped Unmapped Unmapped Unmapped Unmapped
                    M/hr      number   length   unique   length   MMrate    multi   multi+       MM    short    other
Nov 26 21:35:15     77.8     1664571      215    89.4%    193.3     1.2%     3.9%     0.3%     0.0%     6.3%     0.1%
Nov 26 21:36:26    116.5     4790315      215    89.7%    193.4     1.2%     3.9%     0.3%     0.0%     5.9%     0.1%
Nov 26 21:37:33    132.5     7915754      215    89.9%    193.5     1.1%     3.9%     0.3%     0.0%     5.7%     0.1%
Nov 26 21:38:34    142.7    10941102      215    90.0%    193.5     1.1%     3.9%     0.3%     0.0%     5.6%     0.1%
Nov 26 21:39:34    144.4    13473215      215    90.1%    193.5     1.1%     4.0%     0.3%     0.0%     5.6%     0.1%
Nov 26 21:40:36    143.9    15907887      215    90.0%    193.5     1.1%     4.0%     0.3%     0.0%     5.7%     0.1%
Nov 26 21:41:43    145.8    18829200      215    89.9%    193.5     1.1%     4.0%     0.3%     0.0%     5.8%     0.1%
Nov 26 21:42:43    149.1    21750727      215    89.9%    193.5     1.1%     3.9%     0.3%     0.0%     5.8%     0.1%
Nov 26 21:43:45    147.7    24088262      215    89.9%    193.5     1.1%     4.0%     0.3%     0.0%     5.7%     0.1%
Nov 26 21:44:50    147.5    26718216      215    90.0%    193.5     1.1%     4.0%     0.3%     0.0%     5.7%     0.1%
Nov 26 21:45:51    150.1    29736551      215    90.0%    193.5     1.1%     4.0%     0.3%     0.0%     5.7%     0.1%
Nov 26 21:46:51    149.4    32073938      215    90.0%    193.5     1.1%     4.0%     0.3%     0.0%     5.7%     0.1%
Nov 26 21:47:53    150.5    34898082      215    90.0%    193.5     1.1%     4.0%     0.3%     0.0%     5.7%     0.1%
Nov 26 21:48:53    152.1    37819429      215    90.0%    193.5     1.1%     4.0%     0.3%     0.0%     5.6%     0.1%
Nov 26 21:49:57    153.3    40837694      215    90.0%    193.5     1.1%     4.0%     0.3%     0.0%     5.6%     0.1%
Nov 26 21:50:57    154.9    43855416      215    90.1%    193.5     1.1%     4.0%     0.3%     0.0%     5.6%     0.1%
Nov 26 21:51:58    154.6    46387672      215    90.1%    193.5     1.1%     4.0%     0.3%     0.0%     5.6%     0.1%
Nov 26 21:53:01    154.7    49114635      215    90.1%    193.5     1.1%     4.0%     0.3%     0.0%     5.6%     0.1%
Nov 26 21:54:04    155.3    52035774      215    90.1%    193.5     1.1%     4.0%     0.3%     0.0%     5.6%     0.1%
Nov 26 21:55:05    155.6    54762497      215    90.1%    193.5     1.1%     4.0%     0.3%     0.0%     5.5%     0.1%
Nov 26 21:56:05    154.9    57099673      215    90.1%    193.5     1.1%     4.0%     0.3%     0.0%     5.5%     0.1%
Nov 26 21:57:05    155.0    59728440      215    90.1%    193.5     1.1%     4.0%     0.3%     0.0%     5.5%     0.1%
Nov 26 21:58:07    155.9    62747092      215    90.1%    193.6     1.1%     4.0%     0.3%     0.0%     5.5%     0.1%
Nov 26 21:59:08    156.8    65765955      215    90.1%    193.6     1.1%     4.0%     0.3%     0.0%     5.5%     0.1%
Nov 26 22:03:08    140.1    68089171      215    90.1%    193.6     1.1%     4.0%     0.3%     0.0%     5.5%     0.1%
ALL DONE!
