           Time    Speed        Read     Read   Mapped   Mapped   Mapped   Mapped Unmapped Unmapped Unmapped Unmapped
                    M/hr      number   length   unique   length   MMrate    multi   multi+       MM    short    other
Nov 26 21:35:15    153.7     3245796      214    89.8%    192.8     1.1%     3.9%     0.2%     0.0%     5.9%     0.1%
Nov 26 21:36:15    208.1     7862449      214    90.2%    193.0     1.0%     3.9%     0.2%     0.0%     5.5%     0.1%
Nov 26 21:37:18    202.6    11197842      214    90.3%    193.0     1.0%     3.9%     0.2%     0.0%     5.4%     0.1%
Nov 26 21:38:18    210.1    15114962      214    90.3%    193.0     1.0%     3.9%     0.2%     0.0%     5.4%     0.1%
Nov 26 21:39:20    212.3    18932585      214    90.2%    193.0     1.0%     3.9%     0.2%     0.0%     5.6%     0.1%
Nov 26 21:40:22    212.0    22554672      214    90.2%    193.0     1.0%     3.9%     0.2%     0.0%     5.5%     0.1%
Nov 26 21:41:22    215.9    26569369      214    90.2%    193.0     1.0%     3.9%     0.2%     0.0%     5.5%     0.1%
Nov 26 21:42:25    214.8    30191949      214    90.3%    193.0     1.0%     3.9%     0.2%     0.0%     5.4%     0.1%
Nov 26 21:43:25    216.3    34010460      214    90.3%    193.0     1.0%     3.9%     0.2%     0.0%     5.4%     0.1%
Nov 26 21:44:25    218.1    37928184      214    90.3%    193.0     1.0%     3.9%     0.2%     0.0%     5.4%     0.1%
Nov 26 21:45:26    217.7    41550861      214    90.3%    193.0     1.0%     3.9%     0.2%     0.0%     5.4%     0.1%
Nov 26 21:46:26    218.6    45369303      214    90.3%    193.0     1.0%     3.9%     0.2%     0.0%     5.4%     0.1%
Nov 26 21:47:29    219.1    49286567      214    90.3%    193.0     1.0%     3.9%     0.2%     0.0%     5.4%     0.1%
Nov 26 21:48:29    219.3    53006283      214    90.3%    193.0     1.0%     3.9%     0.2%     0.0%     5.4%     0.1%
Nov 26 21:49:31    219.9    56921577      214    90.4%    193.0     1.0%     3.9%     0.2%     0.0%     5.4%     0.1%
Nov 26 21:50:31    219.7    60545101      214    90.4%    193.0     1.0%     3.9%     0.2%     0.0%     5.3%     0.1%
Nov 26 21:51:31    220.3    64362726      214    90.4%    193.0     1.0%     3.9%     0.2%     0.0%     5.3%     0.1%
Nov 26 21:52:32    221.4    68464767      214    90.4%    193.0     1.0%     3.9%     0.2%     0.0%     5.3%     0.1%
Nov 26 21:55:21    192.3    68464767      214    90.4%    193.0     1.0%     3.9%     0.2%     0.0%     5.3%     0.1%
ALL DONE!
