           Time    Speed        Read     Read   Mapped   Mapped   Mapped   Mapped Unmapped Unmapped Unmapped Unmapped
                    M/hr      number   length   unique   length   MMrate    multi   multi+       MM    short    other
Nov 26 21:35:02    117.8     1963136      215    89.9%    193.1     1.2%     4.0%     0.2%     0.0%     5.8%     0.1%
Nov 26 21:36:02    152.9     5097977      215    90.1%    193.2     1.1%     4.0%     0.2%     0.0%     5.6%     0.1%
Nov 26 21:37:03    165.7     8330449      215    90.3%    193.3     1.1%     4.0%     0.2%     0.0%     5.3%     0.1%
Nov 26 21:38:03    172.7    11558177      215    90.4%    193.3     1.1%     4.0%     0.2%     0.0%     5.3%     0.1%
Nov 26 21:39:03    175.6    14682801      215    90.5%    193.3     1.0%     4.0%     0.2%     0.0%     5.2%     0.1%
Nov 26 21:40:03    175.6    17612169      215    90.3%    193.3     1.1%     4.0%     0.2%     0.0%     5.4%     0.1%
Nov 26 21:41:03    177.3    20737808      215    90.3%    193.3     1.1%     4.0%     0.2%     0.0%     5.4%     0.1%
Nov 26 21:42:04    178.2    23862754      215    90.3%    193.3     1.1%     4.0%     0.2%     0.0%     5.4%     0.1%
Nov 26 21:43:05    178.9    26987833      215    90.3%    193.3     1.1%     4.0%     0.2%     0.0%     5.3%     0.1%
Nov 26 21:44:05    179.8    30112684      215    90.3%    193.3     1.1%     4.0%     0.2%     0.0%     5.3%     0.1%
Nov 26 21:45:05    179.9    33140259      215    90.4%    193.3     1.1%     4.0%     0.2%     0.0%     5.3%     0.1%
Nov 26 21:46:05    180.6    36265904      215    90.4%    193.3     1.1%     4.0%     0.2%     0.0%     5.3%     0.1%
Nov 26 21:47:05    181.1    39390849      215    90.4%    193.3     1.1%     4.0%     0.2%     0.0%     5.3%     0.1%
Nov 26 21:48:07    181.5    42613528      215    90.4%    193.3     1.1%     4.0%     0.2%     0.0%     5.3%     0.1%
Nov 26 21:49:08    181.7    45738538      215    90.4%    193.3     1.0%     4.0%     0.2%     0.0%     5.3%     0.1%
Nov 26 21:50:08    181.7    48765809      215    90.4%    193.3     1.0%     4.0%     0.2%     0.0%     5.2%     0.1%
Nov 26 21:51:09    181.9    51890743      215    90.4%    193.3     1.0%     4.0%     0.2%     0.0%     5.2%     0.1%
Nov 26 21:52:09    181.9    54918402      215    90.4%    193.3     1.0%     4.0%     0.2%     0.0%     5.2%     0.1%
Nov 26 21:53:09    182.8    58239537      215    90.4%    193.3     1.0%     4.0%     0.2%     0.0%     5.2%     0.1%
Nov 26 21:54:09    183.9    61658293      215    90.4%    193.3     1.0%     4.0%     0.2%     0.0%     5.2%     0.1%
Nov 26 21:55:10    185.6    65369466      215    90.4%    193.3     1.0%     4.0%     0.2%     0.0%     5.2%     0.1%
Nov 26 21:56:10    187.0    68983320      215    90.4%    193.3     1.0%     4.0%     0.2%     0.0%     5.2%     0.1%
Nov 26 21:58:40    169.4    69541057      215    90.4%    193.3     1.0%     4.0%     0.2%     0.0%     5.2%     0.1%
ALL DONE!
