           Time    Speed        Read     Read   Mapped   Mapped   Mapped   Mapped Unmapped Unmapped Unmapped Unmapped
                    M/hr      number   length   unique   length   MMrate    multi   multi+       MM    short    other
Nov 26 21:35:13    163.4     3221982      216    89.3%    193.4     1.2%     4.0%     0.2%     0.0%     6.4%     0.1%
Nov 26 21:36:13    209.2     7611511      216    89.7%    193.5     1.1%     4.0%     0.2%     0.0%     5.9%     0.1%
Nov 26 21:37:16    204.5    11021227      216    89.9%    193.6     1.1%     4.0%     0.2%     0.0%     5.8%     0.1%
Nov 26 21:38:16    216.8    15299018      216    90.0%    193.6     1.1%     4.0%     0.2%     0.0%     5.7%     0.1%
Nov 26 21:39:24    210.2    18798763      216    89.8%    193.6     1.1%     4.0%     0.2%     0.0%     5.9%     0.1%
Nov 26 21:40:24    215.6    22882579      216    89.8%    193.6     1.1%     4.0%     0.2%     0.0%     5.9%     0.1%
Nov 26 21:41:26    214.7    26480275      216    89.8%    193.6     1.1%     4.0%     0.2%     0.0%     5.9%     0.1%
Nov 26 21:42:26    215.5    30174992      216    89.8%    193.6     1.1%     4.0%     0.2%     0.0%     5.8%     0.1%
Nov 26 21:43:28    216.7    34063703      216    89.9%    193.6     1.1%     4.0%     0.2%     0.0%     5.8%     0.1%
Nov 26 21:44:28    216.6    37662086      216    89.9%    193.6     1.1%     4.0%     0.2%     0.0%     5.8%     0.1%
Nov 26 21:45:28    218.6    41648464      216    89.9%    193.6     1.1%     4.0%     0.2%     0.0%     5.8%     0.1%
Nov 26 21:46:28    218.3    45245662      216    89.9%    193.6     1.1%     4.0%     0.2%     0.0%     5.8%     0.1%
Nov 26 21:47:28    219.0    49037302      216    89.9%    193.6     1.0%     4.0%     0.2%     0.0%     5.7%     0.1%
Nov 26 21:48:30    219.1    52829276      216    89.9%    193.6     1.0%     4.0%     0.2%     0.0%     5.7%     0.1%
Nov 26 21:49:31    219.0    56524804      216    89.9%    193.6     1.0%     4.0%     0.2%     0.0%     5.7%     0.1%
Nov 26 21:50:31    219.6    60315731      216    90.0%    193.6     1.0%     4.0%     0.2%     0.0%     5.7%     0.1%
Nov 26 21:51:33    219.6    64106990      216    90.0%    193.6     1.0%     4.0%     0.2%     0.0%     5.7%     0.1%
Nov 26 21:52:34    219.8    67897521      216    90.0%    193.6     1.0%     4.0%     0.2%     0.0%     5.7%     0.1%
Nov 26 21:53:35    220.9    71981256      216    90.0%    193.6     1.0%     4.0%     0.2%     0.0%     5.7%     0.1%
Nov 26 21:56:53    195.0    74278766      216    90.0%    193.6     1.0%     4.0%     0.2%     0.0%     5.7%     0.1%
ALL DONE!
