           Time    Speed        Read     Read   Mapped   Mapped   Mapped   Mapped Unmapped Unmapped Unmapped Unmapped
                    M/hr      number   length   unique   length   MMrate    multi   multi+       MM    short    other
Nov 26 21:35:08    173.0     3218944      216    89.8%    193.7     1.3%     3.7%     0.2%     0.0%     6.3%     0.1%
Nov 26 21:36:14    213.7     7896457      216    90.3%    193.8     1.1%     3.7%     0.2%     0.0%     5.7%     0.1%
Nov 26 21:37:20    227.3    12565885      216    90.5%    193.9     1.1%     3.7%     0.2%     0.0%     5.6%     0.1%
Nov 26 21:38:20    235.4    16936737      216    90.4%    193.8     1.1%     3.7%     0.2%     0.0%     5.6%     0.1%
Nov 26 21:39:20    232.8    20627342      216    90.3%    193.8     1.1%     3.7%     0.2%     0.0%     5.7%     0.1%
Nov 26 21:40:22    234.4    24805172      216    90.3%    193.8     1.1%     3.7%     0.2%     0.0%     5.7%     0.1%
Nov 26 21:41:22    238.2    29176441      216    90.4%    193.8     1.1%     3.7%     0.2%     0.0%     5.6%     0.1%
Nov 26 21:42:23    237.1    33063411      216    90.4%    193.8     1.1%     3.7%     0.2%     0.0%     5.6%     0.1%
Nov 26 21:43:26    237.9    37338130      216    90.4%    193.8     1.1%     3.7%     0.2%     0.0%     5.6%     0.1%
Nov 26 21:44:27    241.0    41905748      216    90.5%    193.8     1.1%     3.7%     0.2%     0.0%     5.6%     0.1%
Nov 26 21:45:27    241.3    45985997      216    90.5%    193.9     1.1%     3.7%     0.2%     0.0%     5.5%     0.1%
Nov 26 21:46:27    240.7    49873359      216    90.5%    193.9     1.1%     3.7%     0.2%     0.0%     5.5%     0.1%
Nov 26 21:47:27    242.7    54342632      216    90.5%    193.9     1.1%     3.7%     0.2%     0.0%     5.5%     0.1%
Nov 26 21:48:27    242.5    58325065      216    90.5%    193.9     1.1%     3.7%     0.2%     0.0%     5.5%     0.1%
Nov 26 21:49:28    242.4    62405639      216    90.5%    193.9     1.1%     3.7%     0.2%     0.0%     5.5%     0.1%
Nov 26 21:50:28    243.6    66775906      216    90.5%    193.9     1.1%     3.7%     0.2%     0.0%     5.5%     0.1%
Nov 26 21:54:09    210.5    70650005      216    90.5%    193.9     1.1%     3.7%     0.2%     0.0%     5.5%     0.1%
ALL DONE!
