           Time    Speed        Read     Read   Mapped   Mapped   Mapped   Mapped Unmapped Unmapped Unmapped Unmapped
                    M/hr      number   length   unique   length   MMrate    multi   multi+       MM    short    other
Nov 26 21:36:28    158.7     2645314      215    89.2%    193.4     1.2%     3.9%     0.3%     0.0%     6.5%     0.1%
Nov 26 21:37:33    183.3     6365208      215    89.6%    193.5     1.1%     3.9%     0.3%     0.0%     6.1%     0.1%
Nov 26 21:38:34    197.1    10181028      215    89.7%    193.6     1.0%     3.9%     0.3%     0.0%     5.9%     0.1%
Nov 26 21:39:40    202.6    14180850      215    89.8%    193.6     1.0%     3.9%     0.3%     0.0%     5.9%     0.1%
Nov 26 21:40:41    204.6    17791037      215    89.6%    193.6     1.1%     3.9%     0.3%     0.0%     6.0%     0.1%
Nov 26 21:41:41    207.5    21497943      215    89.6%    193.6     1.1%     3.9%     0.3%     0.0%     6.0%     0.1%
Nov 26 21:42:42    209.1    25205680      215    89.6%    193.6     1.1%     3.9%     0.3%     0.0%     6.0%     0.1%
Nov 26 21:43:43    209.6    28814988      215    89.7%    193.6     1.1%     3.9%     0.3%     0.0%     6.0%     0.1%
Nov 26 21:44:43    209.7    32328369      215    89.7%    193.6     1.0%     3.9%     0.3%     0.0%     5.9%     0.1%
Nov 26 21:45:44    211.2    36133726      215    89.7%    193.6     1.0%     3.9%     0.3%     0.0%     5.9%     0.1%
Nov 26 21:46:48    211.4    39938111      215    89.7%    193.6     1.0%     3.9%     0.3%     0.0%     5.9%     0.1%
Nov 26 21:47:48    212.8    43743417      215    89.8%    193.6     1.0%     3.9%     0.3%     0.0%     5.9%     0.1%
Nov 26 21:48:48    214.0    47548171      215    89.8%    193.6     1.0%     3.9%     0.3%     0.0%     5.9%     0.1%
Nov 26 21:49:51    213.0    51060592      215    89.8%    193.6     1.0%     3.9%     0.3%     0.0%     5.9%     0.1%
Nov 26 21:50:51    214.0    54865761      215    89.8%    193.6     1.0%     3.9%     0.3%     0.0%     5.9%     0.1%
Nov 26 21:51:54    214.2    58671269      215    89.8%    193.6     1.0%     3.9%     0.3%     0.0%     5.9%     0.1%
Nov 26 21:52:55    214.5    62378683      215    89.8%    193.6     1.0%     3.9%     0.3%     0.0%     5.8%     0.1%
Nov 26 21:53:55    215.2    66182827      215    89.8%    193.6     1.0%     3.9%     0.3%     0.0%     5.8%     0.1%
Nov 26 21:57:12    190.5    69015031      215    89.8%    193.6     1.0%     3.9%     0.3%     0.0%     5.9%     0.1%
ALL DONE!
