           Time    Speed        Read     Read   Mapped   Mapped   Mapped   Mapped Unmapped Unmapped Unmapped Unmapped
                    M/hr      number   length   unique   length   MMrate    multi   multi+       MM    short    other
Nov 26 21:34:58    147.4     2456731      214    89.0%    192.5     1.4%     3.8%     0.2%     0.0%     6.9%     0.1%
Nov 26 21:36:12    171.4     6381531      214    89.4%    192.6     1.3%     3.8%     0.2%     0.0%     6.5%     0.1%
Nov 26 21:37:12    182.1     9814637      214    89.6%    192.7     1.3%     3.8%     0.2%     0.0%     6.3%     0.1%
Nov 26 21:38:12    197.3    13922978      214    89.7%    192.7     1.2%     3.8%     0.2%     0.0%     6.2%     0.1%
Nov 26 21:39:23    192.1    17345903      214    89.5%    192.7     1.3%     3.8%     0.2%     0.0%     6.4%     0.1%
Nov 26 21:40:26    192.7    20769321      214    89.5%    192.7     1.3%     3.8%     0.2%     0.0%     6.4%     0.1%
Nov 26 21:41:26    196.0    24388985      214    89.5%    192.7     1.3%     3.8%     0.2%     0.0%     6.3%     0.1%
Nov 26 21:42:26    199.2    28105913      214    89.6%    192.7     1.3%     3.8%     0.2%     0.0%     6.3%     0.1%
Nov 26 21:43:30    197.8    31431752      214    89.6%    192.7     1.3%     3.8%     0.2%     0.0%     6.3%     0.1%
Nov 26 21:44:31    197.7    34758421      214    89.6%    192.7     1.2%     3.8%     0.2%     0.0%     6.3%     0.1%
Nov 26 21:45:31    197.8    38082700      214    89.6%    192.7     1.2%     3.8%     0.2%     0.0%     6.2%     0.1%
Nov 26 21:46:31    200.3    41895205      214    89.7%    192.7     1.2%     3.8%     0.2%     0.0%     6.2%     0.1%
Nov 26 21:47:35    200.5    45512298      214    89.7%    192.7     1.2%     3.8%     0.2%     0.0%     6.2%     0.1%
Nov 26 21:48:35    200.5    48837380      214    89.7%    192.7     1.2%     3.8%     0.2%     0.0%     6.2%     0.1%
Nov 26 21:49:37    200.4    52259297      214    89.7%    192.7     1.2%     3.8%     0.2%     0.0%     6.1%     0.1%
Nov 26 21:50:38    201.5    55976356      214    89.7%    192.7     1.2%     3.8%     0.2%     0.0%     6.1%     0.1%
Nov 26 21:51:38    202.1    59497369      214    89.7%    192.7     1.2%     3.8%     0.2%     0.0%     6.1%     0.1%
Nov 26 21:52:41    201.7    62921169      214    89.7%    192.7     1.2%     3.8%     0.2%     0.0%     6.1%     0.1%
Nov 26 21:53:42    201.4    66246960      214    89.7%    192.7     1.2%     3.8%     0.2%     0.0%     6.1%     0.1%
Nov 26 21:56:40    179.2    67807809      214    89.7%    192.7     1.2%     3.8%     0.2%     0.0%     6.1%     0.1%
ALL DONE!
