           Time    Speed        Read     Read   Mapped   Mapped   Mapped   Mapped Unmapped Unmapped Unmapped Unmapped
                    M/hr      number   length   unique   length   MMrate    multi   multi+       MM    short    other
Nov 26 21:35:00    121.8     2063448      215    89.7%    193.1     1.2%     4.2%     0.3%     0.0%     5.7%     0.1%
Nov 26 21:36:00    169.3     5691690      215    90.0%    193.2     1.2%     4.2%     0.3%     0.0%     5.4%     0.1%
Nov 26 21:37:01    182.4     9221554      215    90.2%    193.3     1.1%     4.2%     0.3%     0.0%     5.2%     0.1%
Nov 26 21:38:15    177.8    12644780      215    90.2%    193.3     1.1%     4.2%     0.3%     0.0%     5.2%     0.1%
Nov 26 21:39:15    180.8    15870776      215    90.3%    193.3     1.1%     4.2%     0.3%     0.0%     5.1%     0.1%
Nov 26 21:40:16    182.4    19096447      215    90.1%    193.3     1.1%     4.2%     0.3%     0.0%     5.3%     0.1%
Nov 26 21:41:17    185.1    22517979      215    90.1%    193.3     1.1%     4.2%     0.3%     0.0%     5.3%     0.1%
Nov 26 21:42:17    188.2    26037801      215    90.1%    193.3     1.1%     4.2%     0.3%     0.0%     5.3%     0.1%
Nov 26 21:43:19    188.8    29361849      215    90.2%    193.3     1.1%     4.2%     0.3%     0.0%     5.2%     0.1%
Nov 26 21:44:19    189.8    32685673      215    90.2%    193.3     1.1%     4.2%     0.3%     0.0%     5.2%     0.1%
Nov 26 21:45:19    190.1    35912245      215    90.2%    193.3     1.1%     4.2%     0.3%     0.0%     5.2%     0.1%
Nov 26 21:46:19    190.4    39138883      215    90.2%    193.3     1.1%     4.2%     0.3%     0.0%     5.2%     0.1%
Nov 26 21:47:22    189.9    42364543      215    90.2%    193.3     1.1%     4.2%     0.3%     0.0%     5.2%     0.1%
Nov 26 21:48:22    191.0    45785459      215    90.3%    193.3     1.1%     4.2%     0.3%     0.0%     5.1%     0.1%
Nov 26 21:49:23    191.3    49108269      215    90.3%    193.3     1.1%     4.2%     0.3%     0.0%     5.1%     0.1%
Nov 26 21:50:23    192.5    52627140      215    90.3%    193.3     1.1%     4.2%     0.3%     0.0%     5.1%     0.1%
Nov 26 21:51:26    192.0    55852549      215    90.3%    193.3     1.1%     4.2%     0.3%     0.0%     5.1%     0.1%
Nov 26 21:52:26    192.8    59272517      215    90.3%    193.3     1.1%     4.2%     0.3%     0.0%     5.1%     0.1%
Nov 26 21:53:28    194.0    62987700      215    90.3%    193.3     1.1%     4.2%     0.3%     0.0%     5.1%     0.1%
Nov 26 21:54:29    194.9    66604156      215    90.3%    193.3     1.1%     4.2%     0.3%     0.0%     5.1%     0.1%
Nov 26 21:55:30    196.4    70415487      215    90.3%    193.3     1.1%     4.2%     0.3%     0.0%     5.1%     0.1%
Nov 26 21:56:30    198.3    74423335      215    90.3%    193.3     1.1%     4.2%     0.3%     0.0%     5.1%     0.1%
Nov 26 21:59:24    176.6    74799332      215    90.3%    193.3     1.1%     4.2%     0.3%     0.0%     5.1%     0.1%
ALL DONE!
