                                 Started job on |	Nov 23 13:22:46
                             Started mapping on |	Nov 23 13:23:15
                                    Finished on |	Nov 23 13:44:45
       Mapping speed, Million of reads per hour |	189.13

                          Number of input reads |	67773214
                      Average input read length |	216
                                    UNIQUE READS:
                   Uniquely mapped reads number |	61215956
                        Uniquely mapped reads % |	90.32%
                          Average mapped length |	193.70
                       Number of splices: Total |	47077959
            Number of splices: Annotated (sjdb) |	45715615
                       Number of splices: GT/AG |	46513046
                       Number of splices: GC/AG |	429661
                       Number of splices: AT/AC |	18146
               Number of splices: Non-canonical |	117106
                      Mismatch rate per base, % |	1.07%
                         Deletion rate per base |	0.04%
                        Deletion average length |	2.07
                        Insertion rate per base |	0.02%
                       Insertion average length |	2.00
                             MULTI-MAPPING READS:
        Number of reads mapped to multiple loci |	2806068
             % of reads mapped to multiple loci |	4.14%
        Number of reads mapped to too many loci |	138739
             % of reads mapped to too many loci |	0.20%
                                  UNMAPPED READS:
       % of reads unmapped: too many mismatches |	0.00%
                 % of reads unmapped: too short |	5.22%
                     % of reads unmapped: other |	0.11%
                                  CHIMERIC READS:
                       Number of chimeric reads |	0
                            % of chimeric reads |	0.00%
