                                 Started job on |	Nov 26 21:33:35
                             Started mapping on |	Nov 26 21:33:57
                                    Finished on |	Nov 26 21:57:49
       Mapping speed, Million of reads per hour |	182.95

                          Number of input reads |	72775252
                      Average input read length |	215
                                    UNIQUE READS:
                   Uniquely mapped reads number |	65608413
                        Uniquely mapped reads % |	90.15%
                          Average mapped length |	193.63
                       Number of splices: Total |	48456216
            Number of splices: Annotated (sjdb) |	47078476
                       Number of splices: GT/AG |	47882197
                       Number of splices: GC/AG |	427657
                       Number of splices: AT/AC |	18817
               Number of splices: Non-canonical |	127545
                      Mismatch rate per base, % |	1.03%
                         Deletion rate per base |	0.04%
                        Deletion average length |	2.10
                        Insertion rate per base |	0.02%
                       Insertion average length |	2.05
                             MULTI-MAPPING READS:
        Number of reads mapped to multiple loci |	2841122
             % of reads mapped to multiple loci |	3.90%
        Number of reads mapped to too many loci |	184952
             % of reads mapped to too many loci |	0.25%
                                  UNMAPPED READS:
       % of reads unmapped: too many mismatches |	0.00%
                 % of reads unmapped: too short |	5.58%
                     % of reads unmapped: other |	0.11%
                                  CHIMERIC READS:
                       Number of chimeric reads |	0
                            % of chimeric reads |	0.00%
