           Time    Speed        Read     Read   Mapped   Mapped   Mapped   Mapped Unmapped Unmapped Unmapped Unmapped
                    M/hr      number   length   unique   length   MMrate    multi   multi+       MM    short    other
Nov 26 21:35:02    172.8     2928096      216    89.8%    193.4     1.2%     3.7%     0.2%     0.0%     6.2%     0.1%
Nov 26 21:36:09    178.3     6339461      216    90.2%    193.5     1.1%     3.7%     0.2%     0.0%     5.8%     0.1%
Nov 26 21:37:09    197.9    10334180      216    90.4%    193.6     1.1%     3.7%     0.2%     0.0%     5.6%     0.1%
Nov 26 21:38:10    202.8    14027197      216    90.4%    193.6     1.1%     3.7%     0.2%     0.0%     5.6%     0.1%
Nov 26 21:39:13    205.6    17816515      216    90.2%    193.5     1.1%     3.7%     0.2%     0.0%     5.7%     0.1%
Nov 26 21:40:14    207.6    21509257      216    90.2%    193.5     1.1%     3.7%     0.2%     0.0%     5.7%     0.1%
Nov 26 21:41:17    208.9    25298715      216    90.3%    193.5     1.1%     3.7%     0.2%     0.0%     5.7%     0.1%
Nov 26 21:42:17    209.7    28893340      216    90.3%    193.5     1.1%     3.7%     0.2%     0.0%     5.6%     0.1%
Nov 26 21:43:19    212.7    32975285      216    90.3%    193.6     1.1%     3.7%     0.2%     0.0%     5.6%     0.1%
Nov 26 21:44:19    212.5    36472757      216    90.4%    193.6     1.1%     3.7%     0.2%     0.0%     5.6%     0.1%
Nov 26 21:45:20    214.5    40456538      216    90.4%    193.6     1.1%     3.7%     0.2%     0.0%     5.6%     0.1%
Nov 26 21:46:22    215.0    44245830      216    90.4%    193.6     1.1%     3.7%     0.2%     0.0%     5.5%     0.1%
Nov 26 21:47:22    215.9    48036540      216    90.4%    193.6     1.1%     3.7%     0.2%     0.0%     5.5%     0.1%
Nov 26 21:48:22    215.5    51535060      216    90.4%    193.6     1.1%     3.7%     0.2%     0.0%     5.5%     0.1%
Nov 26 21:49:26    216.1    55519010      216    90.4%    193.6     1.1%     3.7%     0.2%     0.0%     5.5%     0.1%
Nov 26 21:50:27    216.2    59211637      216    90.4%    193.6     1.1%     3.7%     0.2%     0.0%     5.5%     0.1%
Nov 26 21:51:27    217.8    63272610      216    90.4%    193.6     1.1%     3.7%     0.2%     0.0%     5.5%     0.1%
Nov 26 21:53:52    191.3    63272610      216    90.4%    193.6     1.1%     3.7%     0.2%     0.0%     5.5%     0.1%
ALL DONE!
