           Time    Speed        Read     Read   Mapped   Mapped   Mapped   Mapped Unmapped Unmapped Unmapped Unmapped
                    M/hr      number   length   unique   length   MMrate    multi   multi+       MM    short    other
Nov 23 13:24:15    164.4     2739343      215    89.3%    193.3     1.2%     3.8%     0.2%     0.0%     6.5%     0.1%
Nov 23 13:25:26    174.6     6355300      215    89.7%    193.4     1.1%     3.8%     0.2%     0.0%     6.1%     0.1%
Nov 23 13:26:27    185.1     9872008      215    89.9%    193.5     1.1%     3.8%     0.2%     0.0%     5.9%     0.1%
Nov 23 13:27:27    196.7    13768361      215    90.0%    193.5     1.1%     3.8%     0.2%     0.0%     5.8%     0.1%
Nov 23 13:28:37    193.1    17274853      215    89.9%    193.5     1.1%     3.8%     0.2%     0.0%     5.9%     0.1%
Nov 23 13:29:38    193.5    20586148      215    89.8%    193.5     1.1%     3.8%     0.2%     0.0%     6.0%     0.1%
Nov 23 13:30:38    196.6    24191002      215    89.8%    193.5     1.1%     3.8%     0.2%     0.0%     6.0%     0.1%
Nov 23 13:31:39    198.5    27794794      215    89.9%    193.5     1.1%     3.8%     0.2%     0.0%     5.9%     0.1%
Nov 23 13:32:41    198.5    31203538      215    89.9%    193.5     1.1%     3.8%     0.2%     0.0%     5.9%     0.1%
Nov 23 13:33:42    197.6    34417771      215    89.9%    193.5     1.1%     3.8%     0.2%     0.0%     5.9%     0.1%
Nov 23 13:34:42    199.8    38119171      215    89.9%    193.5     1.1%     3.8%     0.2%     0.0%     5.9%     0.1%
Nov 23 13:35:43    202.2    42016164      215    89.9%    193.5     1.1%     3.8%     0.2%     0.0%     5.9%     0.1%
Nov 23 13:36:47    201.0    45327098      215    90.0%    193.5     1.1%     3.8%     0.2%     0.0%     5.8%     0.1%
Nov 23 13:37:47    200.8    48638749      215    90.0%    193.5     1.1%     3.8%     0.2%     0.0%     5.8%     0.1%
Nov 23 13:38:48    202.7    52535448      215    90.0%    193.5     1.1%     3.8%     0.2%     0.0%     5.8%     0.1%
Nov 23 13:39:49    203.3    56139379      215    90.0%    193.5     1.1%     3.8%     0.2%     0.0%     5.8%     0.1%
Nov 23 13:40:50    202.5    59354634      215    90.0%    193.5     1.1%     3.8%     0.2%     0.0%     5.8%     0.1%
Nov 23 13:41:50    202.6    62764284      215    90.0%    193.5     1.1%     3.8%     0.2%     0.0%     5.8%     0.1%
Nov 23 13:42:50    202.7    66172975      215    90.0%    193.5     1.0%     3.8%     0.2%     0.0%     5.8%     0.1%
Nov 23 13:43:52    204.5    70264300      215    90.0%    193.5     1.0%     3.8%     0.2%     0.0%     5.8%     0.1%
Nov 23 13:46:38    182.0    70942862      215    90.0%    193.5     1.0%     3.8%     0.2%     0.0%     5.8%     0.1%
ALL DONE!
