                                 Started job on |	Nov 26 21:38:45
                             Started mapping on |	Nov 26 21:38:56
                                    Finished on |	Nov 26 21:59:06
       Mapping speed, Million of reads per hour |	197.86

                          Number of input reads |	66502881
                      Average input read length |	214
                                    UNIQUE READS:
                   Uniquely mapped reads number |	59797465
                        Uniquely mapped reads % |	89.92%
                          Average mapped length |	192.72
                       Number of splices: Total |	41341379
            Number of splices: Annotated (sjdb) |	40147788
                       Number of splices: GT/AG |	40831052
                       Number of splices: GC/AG |	367906
                       Number of splices: AT/AC |	15938
               Number of splices: Non-canonical |	126483
                      Mismatch rate per base, % |	1.08%
                         Deletion rate per base |	0.04%
                        Deletion average length |	2.13
                        Insertion rate per base |	0.02%
                       Insertion average length |	2.04
                             MULTI-MAPPING READS:
        Number of reads mapped to multiple loci |	2448069
             % of reads mapped to multiple loci |	3.68%
        Number of reads mapped to too many loci |	189325
             % of reads mapped to too many loci |	0.28%
                                  UNMAPPED READS:
       % of reads unmapped: too many mismatches |	0.00%
                 % of reads unmapped: too short |	5.99%
                     % of reads unmapped: other |	0.13%
                                  CHIMERIC READS:
                       Number of chimeric reads |	0
                            % of chimeric reads |	0.00%
