           Time    Speed        Read     Read   Mapped   Mapped   Mapped   Mapped Unmapped Unmapped Unmapped Unmapped
                    M/hr      number   length   unique   length   MMrate    multi   multi+       MM    short    other
Nov 23 13:24:15    171.5     2858515      214    88.5%    192.4     1.3%     3.7%     0.4%     0.0%     7.3%     0.2%
Nov 23 13:25:33    167.0     6402847      214    88.9%    192.5     1.2%     3.8%     0.4%     0.0%     6.8%     0.2%
Nov 23 13:26:33    184.4    10143479      214    89.1%    192.6     1.2%     3.8%     0.4%     0.0%     6.6%     0.2%
Nov 23 13:27:33    193.6    13872768      214    89.0%    192.6     1.2%     3.8%     0.4%     0.0%     6.7%     0.2%
Nov 23 13:28:33    194.8    17208356      214    88.9%    192.5     1.2%     3.8%     0.4%     0.0%     6.8%     0.2%
Nov 23 13:29:43    190.6    20545843      214    88.9%    192.6     1.2%     3.8%     0.4%     0.0%     6.8%     0.2%
Nov 23 13:30:43    191.1    23784708      214    89.0%    192.6     1.2%     3.8%     0.4%     0.0%     6.7%     0.2%
Nov 23 13:31:43    193.6    27318314      214    89.0%    192.6     1.2%     3.8%     0.4%     0.0%     6.7%     0.2%
Nov 23 13:32:43    195.5    30852613      214    89.0%    192.6     1.2%     3.8%     0.4%     0.0%     6.7%     0.2%
Nov 23 13:33:44    196.2    34287369      214    89.0%    192.6     1.2%     3.8%     0.4%     0.0%     6.7%     0.2%
Nov 23 13:34:51    195.6    37820310      214    89.1%    192.6     1.2%     3.8%     0.4%     0.0%     6.6%     0.2%
Nov 23 13:35:51    195.5    41058978      214    89.1%    192.6     1.1%     3.8%     0.4%     0.0%     6.6%     0.2%
Nov 23 13:36:51    196.3    44492914      214    89.1%    192.6     1.1%     3.8%     0.4%     0.0%     6.6%     0.2%
Nov 23 13:37:51    197.4    48025875      214    89.1%    192.6     1.1%     3.8%     0.4%     0.0%     6.6%     0.2%
Nov 23 13:38:51    198.3    51558526      214    89.1%    192.6     1.1%     3.8%     0.4%     0.0%     6.6%     0.2%
Nov 23 13:39:59    197.5    55091235      214    89.1%    192.6     1.1%     3.8%     0.4%     0.0%     6.6%     0.2%
Nov 23 13:41:00    197.2    58330175      214    89.1%    192.6     1.1%     3.8%     0.4%     0.0%     6.6%     0.2%
Nov 23 13:43:29    177.5    59862259      214    89.1%    192.6     1.1%     3.8%     0.4%     0.0%     6.6%     0.2%
ALL DONE!
