                                 Started job on |	Nov 23 13:22:56
                             Started mapping on |	Nov 23 13:23:15
                                    Finished on |	Nov 23 13:46:34
       Mapping speed, Million of reads per hour |	171.78

                          Number of input reads |	66757555
                      Average input read length |	215
                                    UNIQUE READS:
                   Uniquely mapped reads number |	60164445
                        Uniquely mapped reads % |	90.12%
                          Average mapped length |	193.66
                       Number of splices: Total |	45995970
            Number of splices: Annotated (sjdb) |	44754023
                       Number of splices: GT/AG |	45444217
                       Number of splices: GC/AG |	425882
                       Number of splices: AT/AC |	17717
               Number of splices: Non-canonical |	108154
                      Mismatch rate per base, % |	1.01%
                         Deletion rate per base |	0.04%
                        Deletion average length |	2.08
                        Insertion rate per base |	0.02%
                       Insertion average length |	2.04
                             MULTI-MAPPING READS:
        Number of reads mapped to multiple loci |	2601893
             % of reads mapped to multiple loci |	3.90%
        Number of reads mapped to too many loci |	155205
             % of reads mapped to too many loci |	0.23%
                                  UNMAPPED READS:
       % of reads unmapped: too many mismatches |	0.00%
                 % of reads unmapped: too short |	5.66%
                     % of reads unmapped: other |	0.09%
                                  CHIMERIC READS:
                       Number of chimeric reads |	0
                            % of chimeric reads |	0.00%
