           Time    Speed        Read     Read   Mapped   Mapped   Mapped   Mapped Unmapped Unmapped Unmapped Unmapped
                    M/hr      number   length   unique   length   MMrate    multi   multi+       MM    short    other
Nov 26 21:40:08    162.6     3251757      214    89.3%    192.5     1.2%     3.7%     0.3%     0.0%     6.6%     0.1%
Nov 26 21:41:21    198.0     7974884      214    89.8%    192.7     1.1%     3.7%     0.3%     0.0%     6.1%     0.1%
Nov 26 21:42:22    218.3    12493930      214    89.9%    192.7     1.1%     3.7%     0.3%     0.0%     6.0%     0.1%
Nov 26 21:43:26    211.0    15828709      214    89.8%    192.7     1.1%     3.7%     0.3%     0.0%     6.1%     0.1%
Nov 26 21:44:27    218.0    20046641      214    89.7%    192.7     1.1%     3.7%     0.3%     0.0%     6.2%     0.1%
Nov 26 21:45:30    215.4    23578903      214    89.8%    192.7     1.1%     3.7%     0.3%     0.0%     6.2%     0.1%
Nov 26 21:46:30    218.9    27601169      214    89.8%    192.7     1.1%     3.7%     0.3%     0.0%     6.1%     0.1%
Nov 26 21:47:33    218.8    31428110      214    89.8%    192.7     1.1%     3.7%     0.3%     0.0%     6.1%     0.1%
Nov 26 21:48:33    220.0    35254698      214    89.8%    192.7     1.1%     3.7%     0.3%     0.0%     6.1%     0.1%
Nov 26 21:49:36    220.9    39277432      214    89.8%    192.7     1.1%     3.7%     0.3%     0.0%     6.1%     0.1%
Nov 26 21:50:36    221.2    43005247      214    89.9%    192.7     1.1%     3.7%     0.3%     0.0%     6.0%     0.1%
Nov 26 21:51:38    222.6    47125161      214    89.9%    192.7     1.1%     3.7%     0.3%     0.0%     6.0%     0.1%
Nov 26 21:52:39    222.0    50755747      214    89.9%    192.7     1.1%     3.7%     0.3%     0.0%     6.0%     0.1%
Nov 26 21:53:39    223.7    54875499      214    89.9%    192.7     1.1%     3.7%     0.3%     0.0%     6.0%     0.1%
Nov 26 21:54:40    222.0    58210059      214    89.9%    192.7     1.1%     3.7%     0.3%     0.0%     6.0%     0.1%
Nov 26 21:55:40    223.8    62428806      214    89.9%    192.7     1.1%     3.7%     0.3%     0.0%     6.0%     0.1%
Nov 26 21:56:40    224.0    66208825      214    89.9%    192.7     1.1%     3.7%     0.3%     0.0%     6.0%     0.1%
Nov 26 21:59:06    197.9    66502881      214    89.9%    192.7     1.1%     3.7%     0.3%     0.0%     6.0%     0.1%
ALL DONE!
