                                 Started job on |	Nov 26 21:33:42
                             Started mapping on |	Nov 26 21:34:01
                                    Finished on |	Nov 26 21:53:52
       Mapping speed, Million of reads per hour |	191.25

                          Number of input reads |	63272610
                      Average input read length |	216
                                    UNIQUE READS:
                   Uniquely mapped reads number |	57219759
                        Uniquely mapped reads % |	90.43%
                          Average mapped length |	193.58
                       Number of splices: Total |	43184310
            Number of splices: Annotated (sjdb) |	41957602
                       Number of splices: GT/AG |	42680350
                       Number of splices: GC/AG |	375752
                       Number of splices: AT/AC |	16880
               Number of splices: Non-canonical |	111328
                      Mismatch rate per base, % |	1.06%
                         Deletion rate per base |	0.04%
                        Deletion average length |	2.10
                        Insertion rate per base |	0.02%
                       Insertion average length |	1.99
                             MULTI-MAPPING READS:
        Number of reads mapped to multiple loci |	2344519
             % of reads mapped to multiple loci |	3.71%
        Number of reads mapped to too many loci |	140149
             % of reads mapped to too many loci |	0.22%
                                  UNMAPPED READS:
       % of reads unmapped: too many mismatches |	0.00%
                 % of reads unmapped: too short |	5.53%
                     % of reads unmapped: other |	0.11%
                                  CHIMERIC READS:
                       Number of chimeric reads |	0
                            % of chimeric reads |	0.00%
