                                 Started job on |	Nov 23 13:22:46
                             Started mapping on |	Nov 23 13:23:15
                                    Finished on |	Nov 23 13:53:07
       Mapping speed, Million of reads per hour |	145.74

                          Number of input reads |	72546678
                      Average input read length |	215
                                    UNIQUE READS:
                   Uniquely mapped reads number |	65283033
                        Uniquely mapped reads % |	89.99%
                          Average mapped length |	193.64
                       Number of splices: Total |	49509683
            Number of splices: Annotated (sjdb) |	48077254
                       Number of splices: GT/AG |	48921811
                       Number of splices: GC/AG |	446687
                       Number of splices: AT/AC |	19392
               Number of splices: Non-canonical |	121793
                      Mismatch rate per base, % |	1.05%
                         Deletion rate per base |	0.04%
                        Deletion average length |	2.07
                        Insertion rate per base |	0.02%
                       Insertion average length |	2.02
                             MULTI-MAPPING READS:
        Number of reads mapped to multiple loci |	3122858
             % of reads mapped to multiple loci |	4.30%
        Number of reads mapped to too many loci |	208539
             % of reads mapped to too many loci |	0.29%
                                  UNMAPPED READS:
       % of reads unmapped: too many mismatches |	0.00%
                 % of reads unmapped: too short |	5.29%
                     % of reads unmapped: other |	0.13%
                                  CHIMERIC READS:
                       Number of chimeric reads |	0
                            % of chimeric reads |	0.00%
