           Time    Speed        Read     Read   Mapped   Mapped   Mapped   Mapped Unmapped Unmapped Unmapped Unmapped
                    M/hr      number   length   unique   length   MMrate    multi   multi+       MM    short    other
Nov 23 13:24:28    160.1     3245796      214    89.8%    192.8     1.1%     3.9%     0.2%     0.0%     5.9%     0.1%
Nov 23 13:25:28    207.5     7666054      214    90.2%    193.0     1.1%     3.9%     0.2%     0.0%     5.5%     0.1%
Nov 23 13:26:32    202.8    11099993      214    90.3%    193.0     1.0%     3.9%     0.2%     0.0%     5.4%     0.1%
Nov 23 13:27:32    209.0    14918920      214    90.3%    193.0     1.0%     3.9%     0.2%     0.0%     5.4%     0.1%
Nov 23 13:28:41    209.1    18932585      214    90.2%    193.0     1.0%     3.9%     0.2%     0.0%     5.6%     0.1%
Nov 23 13:29:42    210.7    22652916      214    90.2%    193.0     1.0%     3.9%     0.2%     0.0%     5.5%     0.1%
Nov 23 13:30:46    213.6    26765357      214    90.2%    193.0     1.0%     3.9%     0.2%     0.0%     5.5%     0.1%
Nov 23 13:31:46    213.4    30289843      214    90.3%    193.0     1.0%     3.9%     0.2%     0.0%     5.4%     0.1%
Nov 23 13:32:48    216.1    34401693      214    90.3%    193.0     1.0%     3.9%     0.2%     0.0%     5.4%     0.1%
Nov 23 13:33:48    216.3    38026127      214    90.3%    193.0     1.0%     3.9%     0.2%     0.0%     5.4%     0.1%
Nov 23 13:34:48    216.9    41746588      214    90.3%    193.0     1.0%     3.9%     0.2%     0.0%     5.4%     0.1%
Nov 23 13:35:48    217.4    45467170      214    90.3%    193.0     1.0%     3.9%     0.2%     0.0%     5.4%     0.1%
Nov 23 13:36:49    217.5    49188692      214    90.3%    193.0     1.0%     3.9%     0.2%     0.0%     5.4%     0.1%
Nov 23 13:37:49    218.7    53104173      214    90.4%    193.0     1.0%     3.9%     0.2%     0.0%     5.4%     0.1%
Nov 23 13:38:50    218.0    56628181      214    90.4%    193.0     1.0%     3.9%     0.2%     0.0%     5.4%     0.1%
Nov 23 13:39:50    218.3    60349347      214    90.4%    193.0     1.0%     3.9%     0.2%     0.0%     5.3%     0.1%
Nov 23 13:40:52    218.9    64264847      214    90.4%    193.0     1.0%     3.9%     0.2%     0.0%     5.3%     0.1%
Nov 23 13:41:52    219.4    68083308      214    90.4%    193.0     1.0%     3.9%     0.2%     0.0%     5.3%     0.1%
Nov 23 13:44:45    191.1    68464767      214    90.4%    193.0     1.0%     3.9%     0.2%     0.0%     5.3%     0.1%
ALL DONE!
