           Time    Speed        Read     Read   Mapped   Mapped   Mapped   Mapped Unmapped Unmapped Unmapped Unmapped
                    M/hr      number   length   unique   length   MMrate    multi   multi+       MM    short    other
Nov 26 21:35:07    171.1     3231854      215    90.1%    193.3     1.2%     3.7%     0.3%     0.0%     5.8%     0.1%
Nov 26 21:36:16    208.3     7925945      215    90.5%    193.4     1.1%     3.7%     0.3%     0.0%     5.4%     0.1%
Nov 26 21:37:16    228.7    12515194      215    90.6%    193.4     1.0%     3.7%     0.3%     0.0%     5.3%     0.1%
Nov 26 21:38:18    221.4    15927180      215    90.5%    193.4     1.1%     3.7%     0.3%     0.0%     5.4%     0.1%
Nov 26 21:39:18    229.3    20314809      215    90.5%    193.4     1.1%     3.7%     0.3%     0.0%     5.5%     0.1%
Nov 26 21:40:19    224.8    23727530      215    90.5%    193.4     1.1%     3.7%     0.3%     0.0%     5.4%     0.1%
Nov 26 21:41:27    226.7    28213581      215    90.5%    193.4     1.1%     3.7%     0.3%     0.0%     5.4%     0.1%
Nov 26 21:42:28    231.3    32699190      215    90.6%    193.4     1.1%     3.7%     0.3%     0.0%     5.4%     0.1%
Nov 26 21:43:28    229.1    36209280      215    90.6%    193.4     1.0%     3.7%     0.3%     0.0%     5.3%     0.1%
Nov 26 21:44:29    232.0    40597842      215    90.6%    193.4     1.0%     3.7%     0.3%     0.0%     5.3%     0.1%
Nov 26 21:45:29    231.1    44302825      215    90.6%    193.4     1.0%     3.7%     0.3%     0.0%     5.3%     0.1%
Nov 26 21:46:33    231.5    48496431      215    90.6%    193.4     1.0%     3.7%     0.3%     0.0%     5.3%     0.1%
Nov 26 21:47:33    233.0    52688586      215    90.6%    193.4     1.0%     3.7%     0.3%     0.0%     5.3%     0.1%
Nov 26 21:48:33    232.3    56394829      215    90.6%    193.4     1.0%     3.7%     0.3%     0.0%     5.3%     0.1%
Nov 26 21:49:33    233.2    60489966      215    90.6%    193.4     1.0%     3.7%     0.3%     0.0%     5.3%     0.1%
Nov 26 21:50:33    232.9    64293202      215    90.6%    193.4     1.0%     3.7%     0.3%     0.0%     5.3%     0.1%
Nov 26 21:53:23    205.9    66582054      215    90.6%    193.4     1.0%     3.7%     0.3%     0.0%     5.3%     0.1%
ALL DONE!
