                                 Started job on |	Nov 26 21:38:45
                             Started mapping on |	Nov 26 21:38:56
                                    Finished on |	Nov 26 22:03:04
       Mapping speed, Million of reads per hour |	188.19

                          Number of input reads |	75693731
                      Average input read length |	216
                                    UNIQUE READS:
                   Uniquely mapped reads number |	67961780
                        Uniquely mapped reads % |	89.79%
                          Average mapped length |	193.87
                       Number of splices: Total |	51088634
            Number of splices: Annotated (sjdb) |	49623100
                       Number of splices: GT/AG |	50494693
                       Number of splices: GC/AG |	445667
                       Number of splices: AT/AC |	21084
               Number of splices: Non-canonical |	127190
                      Mismatch rate per base, % |	1.07%
                         Deletion rate per base |	0.04%
                        Deletion average length |	2.08
                        Insertion rate per base |	0.02%
                       Insertion average length |	2.01
                             MULTI-MAPPING READS:
        Number of reads mapped to multiple loci |	3225938
             % of reads mapped to multiple loci |	4.26%
        Number of reads mapped to too many loci |	248425
             % of reads mapped to too many loci |	0.33%
                                  UNMAPPED READS:
       % of reads unmapped: too many mismatches |	0.00%
                 % of reads unmapped: too short |	5.51%
                     % of reads unmapped: other |	0.12%
                                  CHIMERIC READS:
                       Number of chimeric reads |	0
                            % of chimeric reads |	0.00%
