           Time    Speed        Read     Read   Mapped   Mapped   Mapped   Mapped Unmapped Unmapped Unmapped Unmapped
                    M/hr      number   length   unique   length   MMrate    multi   multi+       MM    short    other
Nov 26 21:35:02    138.5     2347176      216    89.7%    193.5     1.2%     4.1%     0.2%     0.0%     5.9%     0.1%
Nov 26 21:36:02    168.6     5666645      216    90.0%    193.6     1.2%     4.1%     0.2%     0.0%     5.6%     0.1%
Nov 26 21:37:02    176.8     8888988      216    90.2%    193.7     1.1%     4.1%     0.2%     0.0%     5.4%     0.1%
Nov 26 21:38:02    182.3    12202473      216    90.3%    193.7     1.1%     4.1%     0.2%     0.0%     5.3%     0.1%
Nov 26 21:39:02    183.2    15317077      216    90.2%    193.7     1.1%     4.1%     0.2%     0.0%     5.3%     0.1%
Nov 26 21:40:03    183.3    18431554      216    90.1%    193.6     1.1%     4.1%     0.2%     0.0%     5.4%     0.1%
Nov 26 21:41:06    184.2    21741268      216    90.1%    193.6     1.1%     4.1%     0.2%     0.0%     5.4%     0.1%
Nov 26 21:42:06    185.2    24954184      216    90.2%    193.6     1.1%     4.1%     0.2%     0.0%     5.4%     0.1%
Nov 26 21:43:07    185.1    28068974      216    90.2%    193.7     1.1%     4.1%     0.2%     0.0%     5.4%     0.1%
Nov 26 21:44:07    185.8    31281215      216    90.2%    193.7     1.1%     4.1%     0.2%     0.0%     5.3%     0.1%
Nov 26 21:45:12    185.6    34592198      216    90.2%    193.7     1.1%     4.1%     0.2%     0.0%     5.3%     0.1%
Nov 26 21:46:15    186.4    37998958      216    90.2%    193.7     1.1%     4.1%     0.2%     0.0%     5.3%     0.1%
Nov 26 21:47:18    186.6    41308135      216    90.3%    193.7     1.1%     4.1%     0.2%     0.0%     5.3%     0.1%
Nov 26 21:48:21    186.8    44617143      216    90.3%    193.7     1.1%     4.1%     0.2%     0.0%     5.3%     0.1%
Nov 26 21:49:22    187.0    47829400      216    90.3%    193.7     1.1%     4.1%     0.2%     0.0%     5.2%     0.1%
Nov 26 21:50:25    187.1    51139097      216    90.3%    193.7     1.1%     4.1%     0.2%     0.0%     5.2%     0.1%
Nov 26 21:51:27    187.1    54351786      216    90.3%    193.7     1.1%     4.1%     0.2%     0.0%     5.2%     0.1%
Nov 26 21:52:27    188.6    57953062      216    90.3%    193.7     1.1%     4.1%     0.2%     0.0%     5.2%     0.1%
Nov 26 21:53:27    189.7    61456912      216    90.3%    193.7     1.1%     4.1%     0.2%     0.0%     5.2%     0.1%
Nov 26 21:54:30    190.3    64960232      216    90.3%    193.7     1.1%     4.1%     0.2%     0.0%     5.2%     0.1%
Nov 26 21:57:33    172.8    67773214      216    90.3%    193.7     1.1%     4.1%     0.2%     0.0%     5.2%     0.1%
ALL DONE!
