           Time    Speed        Read     Read   Mapped   Mapped   Mapped   Mapped Unmapped Unmapped Unmapped Unmapped
                    M/hr      number   length   unique   length   MMrate    multi   multi+       MM    short    other
Nov 23 13:24:21    175.6     3218944      216    89.8%    193.7     1.3%     3.7%     0.2%     0.0%     6.3%     0.1%
Nov 23 13:25:27    215.4     7896457      216    90.3%    193.8     1.1%     3.7%     0.2%     0.0%     5.7%     0.1%
Nov 23 13:26:33    228.5    12565885      216    90.5%    193.9     1.1%     3.7%     0.2%     0.0%     5.6%     0.1%
Nov 23 13:27:33    237.7    17033865      216    90.4%    193.8     1.1%     3.7%     0.2%     0.0%     5.7%     0.1%
Nov 23 13:28:33    235.7    20821508      216    90.3%    193.8     1.1%     3.7%     0.2%     0.0%     5.8%     0.1%
Nov 23 13:29:33    236.2    24805172      216    90.3%    193.8     1.1%     3.7%     0.2%     0.0%     5.7%     0.1%
Nov 23 13:30:33    239.0    29079385      216    90.4%    193.8     1.1%     3.7%     0.2%     0.0%     5.6%     0.1%
Nov 23 13:31:33    238.3    32966296      216    90.4%    193.8     1.1%     3.7%     0.2%     0.0%     5.6%     0.1%
Nov 23 13:32:37    239.2    37338130      216    90.4%    193.8     1.1%     3.7%     0.2%     0.0%     5.6%     0.1%
Nov 23 13:33:39    241.8    41905748      216    90.5%    193.8     1.1%     3.7%     0.2%     0.0%     5.6%     0.1%
Nov 23 13:34:39    242.5    46083145      216    90.5%    193.9     1.1%     3.7%     0.2%     0.0%     5.5%     0.1%
Nov 23 13:35:40    241.5    49970520      216    90.5%    193.9     1.1%     3.7%     0.2%     0.0%     5.5%     0.1%
Nov 23 13:36:42    242.9    54439702      216    90.5%    193.9     1.1%     3.7%     0.2%     0.0%     5.5%     0.1%
Nov 23 13:37:43    243.5    58713242      216    90.5%    193.9     1.1%     3.7%     0.2%     0.0%     5.5%     0.1%
Nov 23 13:38:43    243.6    62794113      216    90.5%    193.9     1.1%     3.7%     0.2%     0.0%     5.5%     0.1%
Nov 23 13:39:44    243.4    66873030      216    90.5%    193.9     1.1%     3.7%     0.2%     0.0%     5.5%     0.1%
Nov 23 13:43:16    211.8    70650005      216    90.5%    193.9     1.1%     3.7%     0.2%     0.0%     5.5%     0.1%
ALL DONE!
