                                 Started job on |	Nov 23 13:22:55
                             Started mapping on |	Nov 23 13:23:15
                                    Finished on |	Nov 23 13:44:11
       Mapping speed, Million of reads per hour |	203.83

                          Number of input reads |	71113029
                      Average input read length |	215
                                    UNIQUE READS:
                   Uniquely mapped reads number |	64534917
                        Uniquely mapped reads % |	90.75%
                          Average mapped length |	193.47
                       Number of splices: Total |	47254352
            Number of splices: Annotated (sjdb) |	45859651
                       Number of splices: GT/AG |	46707599
                       Number of splices: GC/AG |	411873
                       Number of splices: AT/AC |	18654
               Number of splices: Non-canonical |	116226
                      Mismatch rate per base, % |	1.03%
                         Deletion rate per base |	0.04%
                        Deletion average length |	2.07
                        Insertion rate per base |	0.02%
                       Insertion average length |	2.05
                             MULTI-MAPPING READS:
        Number of reads mapped to multiple loci |	2927777
             % of reads mapped to multiple loci |	4.12%
        Number of reads mapped to too many loci |	166284
             % of reads mapped to too many loci |	0.23%
                                  UNMAPPED READS:
       % of reads unmapped: too many mismatches |	0.00%
                 % of reads unmapped: too short |	4.81%
                     % of reads unmapped: other |	0.09%
                                  CHIMERIC READS:
                       Number of chimeric reads |	0
                            % of chimeric reads |	0.00%
