           Time    Speed        Read     Read   Mapped   Mapped   Mapped   Mapped Unmapped Unmapped Unmapped Unmapped
                    M/hr      number   length   unique   length   MMrate    multi   multi+       MM    short    other
Nov 23 13:24:32    151.6     3241857      214    89.0%    192.5     1.4%     3.8%     0.2%     0.0%     6.8%     0.1%
Nov 23 13:25:32    201.2     7656365      214    89.5%    192.6     1.3%     3.8%     0.2%     0.0%     6.4%     0.1%
Nov 23 13:26:40    194.7    11086436      214    89.6%    192.7     1.3%     3.8%     0.2%     0.0%     6.3%     0.1%
Nov 23 13:27:40    201.1    14803625      214    89.6%    192.7     1.2%     3.8%     0.2%     0.0%     6.2%     0.1%
Nov 23 13:28:40    208.4    18812924      214    89.5%    192.7     1.3%     3.8%     0.2%     0.0%     6.4%     0.1%
Nov 23 13:29:44    204.0    22041044      214    89.5%    192.6     1.3%     3.8%     0.2%     0.0%     6.4%     0.1%
Nov 23 13:30:45    204.5    25562630      214    89.5%    192.7     1.3%     3.8%     0.2%     0.0%     6.3%     0.1%
Nov 23 13:31:45    210.1    29769263      214    89.6%    192.7     1.3%     3.8%     0.2%     0.0%     6.3%     0.1%
Nov 23 13:32:45    208.4    32997430      214    89.6%    192.7     1.2%     3.8%     0.2%     0.0%     6.3%     0.1%
Nov 23 13:33:47    208.0    36518128      214    89.6%    192.7     1.2%     3.8%     0.2%     0.0%     6.2%     0.1%
Nov 23 13:34:47    210.8    40527069      214    89.6%    192.7     1.2%     3.8%     0.2%     0.0%     6.2%     0.1%
Nov 23 13:35:47    210.9    44046450      214    89.7%    192.7     1.2%     3.8%     0.2%     0.0%     6.2%     0.1%
Nov 23 13:36:47    210.4    47468054      214    89.7%    192.7     1.2%     3.8%     0.2%     0.0%     6.2%     0.1%
Nov 23 13:37:47    210.5    50987335      214    89.7%    192.7     1.2%     3.8%     0.2%     0.0%     6.2%     0.1%
Nov 23 13:38:49    211.6    54900515      214    89.7%    192.7     1.2%     3.8%     0.2%     0.0%     6.1%     0.1%
Nov 23 13:39:49    211.6    58421816      214    89.7%    192.7     1.2%     3.8%     0.2%     0.0%     6.1%     0.1%
Nov 23 13:40:50    211.7    62040273      214    89.7%    192.7     1.2%     3.8%     0.2%     0.0%     6.1%     0.1%
Nov 23 13:41:51    212.1    65757841      214    89.7%    192.7     1.2%     3.8%     0.2%     0.0%     6.1%     0.1%
Nov 23 13:44:58    187.3    67807809      214    89.7%    192.7     1.2%     3.8%     0.2%     0.0%     6.1%     0.1%
ALL DONE!
