           Time    Speed        Read     Read   Mapped   Mapped   Mapped   Mapped Unmapped Unmapped Unmapped Unmapped
                    M/hr      number   length   unique   length   MMrate    multi   multi+       MM    short    other
Nov 23 13:24:18     95.6     1672381      214    89.3%    192.5     1.2%     3.9%     0.3%     0.0%     6.4%     0.1%
Nov 23 13:25:22    136.4     4813001      214    89.6%    192.6     1.2%     3.9%     0.3%     0.0%     6.1%     0.1%
Nov 23 13:26:26    149.9     7953387      214    89.8%    192.7     1.1%     3.9%     0.3%     0.0%     5.9%     0.1%
Nov 23 13:27:29    157.2    11091024      214    89.9%    192.7     1.1%     3.9%     0.3%     0.0%     5.9%     0.1%
Nov 23 13:28:34    160.5    14222026      214    89.9%    192.7     1.1%     3.9%     0.3%     0.0%     5.8%     0.1%
Nov 23 13:29:39    162.7    17352609      214    89.7%    192.7     1.1%     3.9%     0.3%     0.0%     6.0%     0.1%
Nov 23 13:30:44    164.2    20483314      214    89.7%    192.7     1.1%     3.9%     0.3%     0.0%     6.0%     0.1%
Nov 23 13:31:47    166.0    23614042      214    89.8%    192.7     1.1%     3.9%     0.3%     0.0%     5.9%     0.1%
Nov 23 13:32:54    166.3    26744861      214    89.8%    192.7     1.1%     3.9%     0.3%     0.0%     5.9%     0.1%
Nov 23 13:34:00    166.8    29876959      214    89.8%    192.7     1.1%     3.9%     0.3%     0.0%     5.9%     0.1%
Nov 23 13:35:04    167.6    33007919      214    89.8%    192.7     1.1%     3.9%     0.3%     0.0%     5.9%     0.1%
Nov 23 13:36:09    168.1    36138807      214    89.8%    192.7     1.1%     3.9%     0.3%     0.0%     5.9%     0.1%
Nov 23 13:37:12    168.9    39269246      214    89.9%    192.7     1.1%     3.9%     0.3%     0.0%     5.8%     0.1%
Nov 23 13:38:18    169.0    42399880      214    89.9%    192.7     1.1%     3.9%     0.3%     0.0%     5.8%     0.1%
Nov 23 13:39:23    169.3    45530420      214    89.9%    192.7     1.1%     3.9%     0.3%     0.0%     5.8%     0.1%
Nov 23 13:40:28    169.6    48662188      214    89.9%    192.7     1.1%     3.9%     0.3%     0.0%     5.8%     0.1%
Nov 23 13:41:34    169.7    51793398      214    89.9%    192.7     1.1%     3.9%     0.3%     0.0%     5.8%     0.1%
Nov 23 13:42:34    170.9    55022023      214    89.9%    192.7     1.1%     3.9%     0.3%     0.0%     5.8%     0.1%
Nov 23 13:43:38    171.5    58250449      214    89.9%    192.7     1.1%     3.9%     0.3%     0.0%     5.8%     0.1%
Nov 23 13:44:38    172.8    61577500      214    89.9%    192.7     1.1%     3.9%     0.3%     0.0%     5.8%     0.1%
Nov 23 13:47:25    158.3    63743419      214    89.9%    192.7     1.1%     3.9%     0.3%     0.0%     5.8%     0.1%
ALL DONE!
