                                 Started job on |	Nov 23 13:22:52
                             Started mapping on |	Nov 23 13:23:15
                                    Finished on |	Nov 23 13:45:42
       Mapping speed, Million of reads per hour |	177.95

                          Number of input reads |	66582054
                      Average input read length |	215
                                    UNIQUE READS:
                   Uniquely mapped reads number |	60343977
                        Uniquely mapped reads % |	90.63%
                          Average mapped length |	193.43
                       Number of splices: Total |	43993013
            Number of splices: Annotated (sjdb) |	42762433
                       Number of splices: GT/AG |	43474781
                       Number of splices: GC/AG |	382357
                       Number of splices: AT/AC |	18134
               Number of splices: Non-canonical |	117741
                      Mismatch rate per base, % |	1.03%
                         Deletion rate per base |	0.04%
                        Deletion average length |	2.07
                        Insertion rate per base |	0.02%
                       Insertion average length |	2.03
                             MULTI-MAPPING READS:
        Number of reads mapped to multiple loci |	2462989
             % of reads mapped to multiple loci |	3.70%
        Number of reads mapped to too many loci |	172425
             % of reads mapped to too many loci |	0.26%
                                  UNMAPPED READS:
       % of reads unmapped: too many mismatches |	0.00%
                 % of reads unmapped: too short |	5.29%
                     % of reads unmapped: other |	0.12%
                                  CHIMERIC READS:
                       Number of chimeric reads |	0
                            % of chimeric reads |	0.00%
