                                 Started job on |	Nov 23 13:22:50
                             Started mapping on |	Nov 23 13:23:15
                                    Finished on |	Nov 23 13:45:46
       Mapping speed, Million of reads per hour |	199.32

                          Number of input reads |	74799332
                      Average input read length |	215
                                    UNIQUE READS:
                   Uniquely mapped reads number |	67548920
                        Uniquely mapped reads % |	90.31%
                          Average mapped length |	193.34
                       Number of splices: Total |	51585418
            Number of splices: Annotated (sjdb) |	50104851
                       Number of splices: GT/AG |	50996063
                       Number of splices: GC/AG |	438243
                       Number of splices: AT/AC |	20244
               Number of splices: Non-canonical |	130868
                      Mismatch rate per base, % |	1.07%
                         Deletion rate per base |	0.04%
                        Deletion average length |	2.08
                        Insertion rate per base |	0.02%
                       Insertion average length |	2.03
                             MULTI-MAPPING READS:
        Number of reads mapped to multiple loci |	3157461
             % of reads mapped to multiple loci |	4.22%
        Number of reads mapped to too many loci |	196008
             % of reads mapped to too many loci |	0.26%
                                  UNMAPPED READS:
       % of reads unmapped: too many mismatches |	0.00%
                 % of reads unmapped: too short |	5.09%
                     % of reads unmapped: other |	0.12%
                                  CHIMERIC READS:
                       Number of chimeric reads |	0
                            % of chimeric reads |	0.00%
