           Time    Speed        Read     Read   Mapped   Mapped   Mapped   Mapped Unmapped Unmapped Unmapped Unmapped
                    M/hr      number   length   unique   length   MMrate    multi   multi+       MM    short    other
Nov 23 13:24:15    181.9     3030846      215    89.5%    193.4     1.2%     3.9%     0.3%     0.0%     6.3%     0.1%
Nov 23 13:25:27    173.2     6352430      215    89.8%    193.5     1.1%     3.9%     0.3%     0.0%     5.9%     0.1%
Nov 23 13:26:27    197.8    10550256      215    90.1%    193.6     1.1%     3.9%     0.3%     0.0%     5.7%     0.1%
Nov 23 13:27:36    195.2    14152597      215    90.1%    193.6     1.0%     3.9%     0.3%     0.0%     5.6%     0.1%
Nov 23 13:28:37    198.5    17754858      215    90.0%    193.6     1.1%     3.9%     0.3%     0.0%     5.7%     0.1%
Nov 23 13:29:37    204.0    21648949      215    89.9%    193.6     1.1%     3.9%     0.3%     0.0%     5.8%     0.1%
Nov 23 13:30:46    200.0    25056762      215    90.0%    193.6     1.1%     3.9%     0.3%     0.0%     5.8%     0.1%
Nov 23 13:31:47    201.5    28659287      215    90.0%    193.6     1.1%     3.9%     0.3%     0.0%     5.7%     0.1%
Nov 23 13:32:47    204.9    32553522      215    90.1%    193.6     1.1%     3.9%     0.3%     0.0%     5.7%     0.1%
Nov 23 13:33:52    203.2    35961229      215    90.1%    193.6     1.1%     3.9%     0.3%     0.0%     5.7%     0.1%
Nov 23 13:34:53    204.1    39563512      215    90.1%    193.6     1.0%     3.9%     0.3%     0.0%     5.6%     0.1%
Nov 23 13:35:54    205.7    43362199      215    90.1%    193.6     1.0%     3.9%     0.3%     0.0%     5.6%     0.1%
Nov 23 13:36:57    205.3    46867106      215    90.1%    193.6     1.0%     3.9%     0.3%     0.0%     5.6%     0.1%
Nov 23 13:37:58    205.4    50372050      215    90.1%    193.6     1.0%     3.9%     0.3%     0.0%     5.6%     0.1%
Nov 23 13:38:58    206.1    53975095      215    90.1%    193.6     1.0%     3.9%     0.3%     0.0%     5.6%     0.1%
Nov 23 13:39:59    206.8    57673845      215    90.1%    193.6     1.0%     3.9%     0.3%     0.0%     5.6%     0.1%
Nov 23 13:41:00    205.8    60887353      215    90.1%    193.6     1.0%     3.9%     0.3%     0.0%     5.6%     0.1%
Nov 23 13:42:01    207.4    64879631      215    90.2%    193.6     1.0%     3.9%     0.3%     0.0%     5.6%     0.1%
Nov 23 13:43:01    208.5    68675481      215    90.2%    193.6     1.0%     3.9%     0.3%     0.0%     5.6%     0.1%
Nov 23 13:46:25    188.5    72775252      215    90.2%    193.6     1.0%     3.9%     0.3%     0.0%     5.6%     0.1%
ALL DONE!
