                                 Started job on |	Nov 23 13:22:52
                             Started mapping on |	Nov 23 13:23:15
                                    Finished on |	Nov 23 13:46:38
       Mapping speed, Million of reads per hour |	182.03

                          Number of input reads |	70942862
                      Average input read length |	215
                                    UNIQUE READS:
                   Uniquely mapped reads number |	63846813
                        Uniquely mapped reads % |	90.00%
                          Average mapped length |	193.54
                       Number of splices: Total |	48924543
            Number of splices: Annotated (sjdb) |	47524061
                       Number of splices: GT/AG |	48356469
                       Number of splices: GC/AG |	427644
                       Number of splices: AT/AC |	19175
               Number of splices: Non-canonical |	121255
                      Mismatch rate per base, % |	1.05%
                         Deletion rate per base |	0.04%
                        Deletion average length |	2.09
                        Insertion rate per base |	0.02%
                       Insertion average length |	2.00
                             MULTI-MAPPING READS:
        Number of reads mapped to multiple loci |	2718085
             % of reads mapped to multiple loci |	3.83%
        Number of reads mapped to too many loci |	174881
             % of reads mapped to too many loci |	0.25%
                                  UNMAPPED READS:
       % of reads unmapped: too many mismatches |	0.00%
                 % of reads unmapped: too short |	5.81%
                     % of reads unmapped: other |	0.12%
                                  CHIMERIC READS:
                       Number of chimeric reads |	0
                            % of chimeric reads |	0.00%
