           Time    Speed        Read     Read   Mapped   Mapped   Mapped   Mapped Unmapped Unmapped Unmapped Unmapped
                    M/hr      number   length   unique   length   MMrate    multi   multi+       MM    short    other
Nov 23 13:24:17    187.1     3222817      216    89.5%    193.3     1.3%     3.7%     0.2%     0.0%     6.5%     0.1%
Nov 23 13:25:19    229.5     7906272      216    90.0%    193.5     1.2%     3.7%     0.2%     0.0%     5.9%     0.1%
Nov 23 13:26:19    246.1    12580343      216    90.2%    193.5     1.1%     3.7%     0.2%     0.0%     5.8%     0.1%
Nov 23 13:27:21    252.4    17249161      216    90.2%    193.5     1.1%     3.7%     0.2%     0.0%     5.8%     0.1%
Nov 23 13:28:26    253.7    21916996      216    90.0%    193.5     1.1%     3.7%     0.2%     0.0%     6.0%     0.1%
Nov 23 13:29:30    255.2    26586103      216    90.1%    193.5     1.1%     3.7%     0.2%     0.0%     5.9%     0.1%
Nov 23 13:30:32    257.5    31254070      216    90.1%    193.5     1.1%     3.7%     0.2%     0.0%     5.9%     0.1%
Nov 23 13:31:33    260.4    36019963      216    90.2%    193.5     1.1%     3.7%     0.2%     0.0%     5.8%     0.1%
Nov 23 13:32:33    262.5    40688359      216    90.2%    193.5     1.1%     3.7%     0.2%     0.0%     5.8%     0.1%
Nov 23 13:33:34    263.2    45260167      216    90.2%    193.5     1.1%     3.7%     0.2%     0.0%     5.8%     0.1%
Nov 23 13:34:35    264.3    49927830      216    90.3%    193.6     1.1%     3.7%     0.2%     0.0%     5.7%     0.1%
Nov 23 13:35:35    265.6    54596922      216    90.3%    193.6     1.1%     3.7%     0.2%     0.0%     5.7%     0.1%
Nov 23 13:36:37    266.0    59265197      216    90.3%    193.6     1.1%     3.7%     0.2%     0.0%     5.7%     0.1%
Nov 23 13:37:37    267.0    63934230      216    90.3%    193.6     1.1%     3.7%     0.2%     0.0%     5.7%     0.1%
Nov 23 13:38:37    267.5    68504976      216    90.3%    193.6     1.1%     3.7%     0.2%     0.0%     5.7%     0.1%
Nov 23 13:39:37    267.9    73075932      216    90.3%    193.6     1.1%     3.7%     0.2%     0.0%     5.7%     0.1%
Nov 23 13:42:35    235.6    75900063      216    90.3%    193.6     1.1%     3.7%     0.2%     0.0%     5.7%     0.1%
ALL DONE!
