           Time    Speed        Read     Read   Mapped   Mapped   Mapped   Mapped Unmapped Unmapped Unmapped Unmapped
                    M/hr      number   length   unique   length   MMrate    multi   multi+       MM    short    other
Nov 23 13:24:18    184.4     3226255      216    89.7%    193.5     1.2%     3.6%     0.2%     0.0%     6.4%     0.1%
Nov 23 13:25:19    226.9     7816654      216    90.2%    193.6     1.1%     3.6%     0.2%     0.0%     5.9%     0.1%
Nov 23 13:26:21    238.1    12301218      216    90.3%    193.7     1.1%     3.6%     0.2%     0.0%     5.8%     0.1%
Nov 23 13:27:22    243.1    16682338      216    90.2%    193.7     1.1%     3.6%     0.2%     0.0%     5.8%     0.1%
Nov 23 13:28:22    242.4    20673334      216    90.1%    193.7     1.1%     3.6%     0.2%     0.0%     5.9%     0.1%
Nov 23 13:29:23    245.1    25055126      216    90.2%    193.7     1.1%     3.6%     0.2%     0.0%     5.9%     0.1%
Nov 23 13:30:24    244.6    29144110      216    90.2%    193.7     1.1%     3.6%     0.2%     0.0%     5.8%     0.1%
Nov 23 13:31:24    247.5    33623131      216    90.3%    193.7     1.1%     3.6%     0.2%     0.0%     5.8%     0.1%
Nov 23 13:32:24    248.6    37906979      216    90.3%    193.7     1.1%     3.6%     0.2%     0.0%     5.8%     0.1%
Nov 23 13:33:24    248.2    41995267      216    90.3%    193.7     1.1%     3.6%     0.2%     0.0%     5.8%     0.1%
Nov 23 13:34:27    249.5    46571437      216    90.3%    193.7     1.1%     3.6%     0.2%     0.0%     5.7%     0.1%
Nov 23 13:35:27    250.6    50952566      216    90.3%    193.7     1.0%     3.6%     0.2%     0.0%     5.7%     0.1%
Nov 23 13:36:27    250.2    55042677      215    90.3%    193.7     1.0%     3.6%     0.2%     0.0%     5.7%     0.1%
Nov 23 13:37:27    250.3    59228872      215    90.3%    193.7     1.0%     3.6%     0.2%     0.0%     5.7%     0.1%
Nov 23 13:38:32    250.9    63902221      216    90.3%    193.7     1.0%     3.6%     0.2%     0.0%     5.7%     0.1%
Nov 23 13:39:32    252.3    68477074      216    90.4%    193.7     1.0%     3.6%     0.2%     0.0%     5.7%     0.1%
Nov 23 13:42:52    220.7    72141177      216    90.3%    193.7     1.0%     3.6%     0.2%     0.0%     5.7%     0.1%
ALL DONE!
