           Time    Speed        Read     Read   Mapped   Mapped   Mapped   Mapped Unmapped Unmapped Unmapped Unmapped
                    M/hr      number   length   unique   length   MMrate    multi   multi+       MM    short    other
Nov 23 13:24:24    168.1     3221982      216    89.3%    193.4     1.2%     4.0%     0.2%     0.0%     6.4%     0.1%
Nov 23 13:25:33    206.2     7903979      216    89.8%    193.5     1.1%     4.0%     0.2%     0.0%     5.9%     0.1%
Nov 23 13:26:33    225.1    12381989      216    89.9%    193.6     1.1%     4.0%     0.2%     0.0%     5.8%     0.1%
Nov 23 13:27:34    219.4    15784846      216    90.0%    193.6     1.1%     4.0%     0.2%     0.0%     5.7%     0.1%
Nov 23 13:28:34    228.6    20257495      216    89.8%    193.6     1.1%     4.0%     0.2%     0.0%     5.9%     0.1%
Nov 23 13:29:35    224.2    23660426      216    89.8%    193.6     1.1%     4.0%     0.2%     0.0%     5.9%     0.1%
Nov 23 13:30:36    226.5    27744019      216    89.8%    193.6     1.1%     4.0%     0.2%     0.0%     5.9%     0.1%
Nov 23 13:31:36    226.6    31536348      216    89.8%    193.6     1.1%     4.0%     0.2%     0.0%     5.8%     0.1%
Nov 23 13:32:37    229.4    35814372      216    89.9%    193.6     1.1%     4.0%     0.2%     0.0%     5.8%     0.1%
Nov 23 13:33:37    230.4    39800886      216    89.9%    193.6     1.1%     4.0%     0.2%     0.0%     5.8%     0.1%
Nov 23 13:34:44    229.3    43884557      216    89.9%    193.6     1.1%     4.0%     0.2%     0.0%     5.8%     0.1%
Nov 23 13:35:45    231.2    48162310      216    89.9%    193.6     1.1%     4.0%     0.2%     0.0%     5.7%     0.1%
Nov 23 13:36:45    230.9    51954385      216    89.9%    193.6     1.0%     4.0%     0.2%     0.0%     5.7%     0.1%
Nov 23 13:37:46    231.6    56038184      216    89.9%    193.6     1.0%     4.0%     0.2%     0.0%     5.7%     0.1%
Nov 23 13:38:46    231.7    59927031      216    90.0%    193.6     1.0%     4.0%     0.2%     0.0%     5.7%     0.1%
Nov 23 13:39:50    231.9    64106990      216    90.0%    193.6     1.0%     4.0%     0.2%     0.0%     5.7%     0.1%
Nov 23 13:40:51    233.1    68383893      216    90.0%    193.6     1.0%     4.0%     0.2%     0.0%     5.7%     0.1%
Nov 23 13:41:51    233.8    72467259      216    90.0%    193.6     1.0%     4.0%     0.2%     0.0%     5.7%     0.1%
Nov 23 13:44:55    205.7    74278766      216    90.0%    193.6     1.0%     4.0%     0.2%     0.0%     5.7%     0.1%
ALL DONE!
