           Time    Speed        Read     Read   Mapped   Mapped   Mapped   Mapped Unmapped Unmapped Unmapped Unmapped
                    M/hr      number   length   unique   length   MMrate    multi   multi+       MM    short    other
Nov 23 13:24:15    158.7     2645334      215    89.2%    193.4     1.2%     3.9%     0.3%     0.0%     6.5%     0.1%
Nov 23 13:25:28    167.0     6169410      215    89.5%    193.5     1.1%     3.9%     0.3%     0.0%     6.1%     0.1%
Nov 23 13:26:28    188.1    10083446      215    89.7%    193.6     1.0%     3.9%     0.3%     0.0%     5.9%     0.1%
Nov 23 13:27:28    193.5    13595744      215    89.8%    193.6     1.0%     3.9%     0.3%     0.0%     5.9%     0.1%
Nov 23 13:28:36    186.4    16619983      215    89.7%    193.6     1.1%     3.9%     0.3%     0.0%     6.0%     0.1%
Nov 23 13:29:36    190.2    20131859      215    89.6%    193.6     1.1%     3.9%     0.3%     0.0%     6.1%     0.1%
Nov 23 13:30:37    193.4    23742385      215    89.6%    193.6     1.1%     3.9%     0.3%     0.0%     6.0%     0.1%
Nov 23 13:31:44    192.1    27157312      215    89.7%    193.6     1.1%     3.9%     0.3%     0.0%     6.0%     0.1%
Nov 23 13:32:44    194.0    30669406      215    89.7%    193.6     1.1%     3.9%     0.3%     0.0%     5.9%     0.1%
Nov 23 13:33:44    195.1    34084165      215    89.7%    193.6     1.0%     3.9%     0.3%     0.0%     5.9%     0.1%
Nov 23 13:34:48    194.3    37401311      215    89.7%    193.6     1.0%     3.9%     0.3%     0.0%     5.9%     0.1%
Nov 23 13:35:48    195.6    40914383      215    89.7%    193.6     1.0%     3.9%     0.3%     0.0%     5.9%     0.1%
Nov 23 13:36:49    196.9    44523799      215    89.8%    193.6     1.0%     3.9%     0.3%     0.0%     5.9%     0.1%
Nov 23 13:37:51    197.4    48035913      215    89.8%    193.6     1.0%     3.9%     0.3%     0.0%     5.9%     0.1%
Nov 23 13:38:51    196.4    51060557      215    89.8%    193.6     1.0%     3.9%     0.3%     0.0%     5.9%     0.1%
Nov 23 13:39:52    197.8    54767984      215    89.8%    193.6     1.0%     3.9%     0.3%     0.0%     5.9%     0.1%
Nov 23 13:40:53    197.6    58086061      215    89.8%    193.6     1.0%     3.9%     0.3%     0.0%     5.9%     0.1%
Nov 23 13:41:58    197.2    61500697      215    89.8%    193.6     1.0%     3.9%     0.3%     0.0%     5.8%     0.1%
Nov 23 13:42:58    198.1    65110359      215    89.8%    193.6     1.0%     3.9%     0.3%     0.0%     5.8%     0.1%
Nov 23 13:44:00    198.7    68722724      215    89.8%    193.6     1.0%     3.9%     0.3%     0.0%     5.9%     0.1%
Nov 23 13:46:36    177.3    69015031      215    89.8%    193.6     1.0%     3.9%     0.3%     0.0%     5.9%     0.1%
ALL DONE!
