           Time    Speed        Read     Read   Mapped   Mapped   Mapped   Mapped Unmapped Unmapped Unmapped Unmapped
                    M/hr      number   length   unique   length   MMrate    multi   multi+       MM    short    other
Nov 23 13:24:15    176.1     2934224      215    89.4%    193.3     1.2%     3.9%     0.3%     0.0%     6.3%     0.1%
Nov 23 13:25:27    173.3     6353594      215    89.8%    193.4     1.1%     3.9%     0.3%     0.0%     5.8%     0.1%
Nov 23 13:26:27    196.0    10454235      215    90.0%    193.5     1.1%     3.9%     0.3%     0.0%     5.6%     0.1%
Nov 23 13:27:37    194.5    14155006      215    90.1%    193.5     1.1%     4.0%     0.3%     0.0%     5.6%     0.1%
Nov 23 13:28:38    196.8    17661323      215    89.9%    193.5     1.1%     4.0%     0.3%     0.0%     5.8%     0.1%
Nov 23 13:29:38    201.7    21458534      215    89.9%    193.5     1.1%     3.9%     0.3%     0.0%     5.8%     0.1%
Nov 23 13:30:43    201.4    25062396      215    89.9%    193.5     1.1%     4.0%     0.3%     0.0%     5.7%     0.1%
Nov 23 13:31:44    201.4    28470028      215    90.0%    193.5     1.1%     4.0%     0.3%     0.0%     5.7%     0.1%
Nov 23 13:32:44    202.9    32073910      215    90.0%    193.5     1.1%     4.0%     0.3%     0.0%     5.7%     0.1%
Nov 23 13:33:50    203.9    35969120      215    90.0%    193.5     1.1%     4.0%     0.3%     0.0%     5.6%     0.1%
Nov 23 13:34:52    203.9    39474170      215    90.0%    193.5     1.1%     4.0%     0.3%     0.0%     5.6%     0.1%
Nov 23 13:35:52    205.3    43173767      215    90.1%    193.5     1.1%     4.0%     0.3%     0.0%     5.6%     0.1%
Nov 23 13:36:54    206.0    46874318      215    90.1%    193.5     1.1%     4.0%     0.3%     0.0%     5.6%     0.1%
Nov 23 13:37:56    205.9    50380103      215    90.1%    193.5     1.1%     4.0%     0.3%     0.0%     5.6%     0.1%
Nov 23 13:38:56    206.5    53982996      215    90.1%    193.5     1.1%     4.0%     0.3%     0.0%     5.5%     0.1%
Nov 23 13:39:58    207.4    57781321      215    90.1%    193.5     1.1%     4.0%     0.3%     0.0%     5.5%     0.1%
Nov 23 13:40:58    207.2    61189488      215    90.1%    193.5     1.1%     4.0%     0.3%     0.0%     5.5%     0.1%
Nov 23 13:41:58    209.0    65180849      215    90.1%    193.6     1.1%     4.0%     0.3%     0.0%     5.5%     0.1%
Nov 23 13:44:59    188.0    68089171      215    90.1%    193.6     1.1%     4.0%     0.3%     0.0%     5.5%     0.1%
ALL DONE!
