           Time    Speed        Read     Read   Mapped   Mapped   Mapped   Mapped Unmapped Unmapped Unmapped Unmapped
                    M/hr      number   length   unique   length   MMrate    multi   multi+       MM    short    other
Nov 23 13:24:22    163.5     3043054      215    89.6%    193.1     1.2%     4.2%     0.3%     0.0%     5.8%     0.1%
Nov 23 13:25:22    203.0     7163136      215    90.0%    193.2     1.1%     4.2%     0.3%     0.0%     5.4%     0.1%
Nov 23 13:26:25    206.3    10886140      215    90.2%    193.3     1.1%     4.2%     0.3%     0.0%     5.2%     0.1%
Nov 23 13:27:26    220.6    15382529      215    90.3%    193.3     1.1%     4.2%     0.3%     0.0%     5.1%     0.1%
Nov 23 13:28:26    216.5    18705315      215    90.1%    193.3     1.1%     4.2%     0.3%     0.0%     5.3%     0.1%
Nov 23 13:29:26    219.5    22615673      215    90.1%    193.3     1.1%     4.2%     0.3%     0.0%     5.3%     0.1%
Nov 23 13:30:29    218.4    26330984      215    90.1%    193.3     1.1%     4.2%     0.3%     0.0%     5.3%     0.1%
Nov 23 13:31:29    223.2    30632269      215    90.2%    193.3     1.1%     4.2%     0.3%     0.0%     5.2%     0.1%
Nov 23 13:32:30    221.5    34151964      215    90.2%    193.3     1.1%     4.2%     0.3%     0.0%     5.2%     0.1%
Nov 23 13:33:30    224.5    38356972      215    90.2%    193.3     1.1%     4.2%     0.3%     0.0%     5.2%     0.1%
Nov 23 13:34:31    223.5    41973736      215    90.2%    193.3     1.1%     4.2%     0.3%     0.0%     5.2%     0.1%
Nov 23 13:35:31    226.3    46273886      215    90.3%    193.3     1.1%     4.2%     0.3%     0.0%     5.1%     0.1%
Nov 23 13:36:35    224.1    49792357      215    90.3%    193.3     1.1%     4.2%     0.3%     0.0%     5.1%     0.1%
Nov 23 13:37:43    225.2    54288942      215    90.3%    193.3     1.1%     4.2%     0.3%     0.0%     5.1%     0.1%
Nov 23 13:38:43    226.9    58491435      215    90.3%    193.3     1.1%     4.2%     0.3%     0.0%     5.1%     0.1%
Nov 23 13:39:47    225.4    62107216      215    90.3%    193.3     1.1%     4.2%     0.3%     0.0%     5.1%     0.1%
Nov 23 13:40:50    227.3    66604156      215    90.3%    193.3     1.1%     4.2%     0.3%     0.0%     5.1%     0.1%
Nov 23 13:41:51    226.2    70122307      215    90.3%    193.3     1.1%     4.2%     0.3%     0.0%     5.1%     0.1%
Nov 23 13:42:53    227.7    74521058      215    90.3%    193.3     1.1%     4.2%     0.3%     0.0%     5.1%     0.1%
Nov 23 13:45:45    199.5    74799332      215    90.3%    193.3     1.1%     4.2%     0.3%     0.0%     5.1%     0.1%
ALL DONE!
