           Time    Speed        Read     Read   Mapped   Mapped   Mapped   Mapped Unmapped Unmapped Unmapped Unmapped
                    M/hr      number   length   unique   length   MMrate    multi   multi+       MM    short    other
Nov 23 13:24:15    117.4     1956725      215    89.6%    193.5     1.2%     3.9%     0.2%     0.0%     6.2%     0.1%
Nov 23 13:25:15    161.2     5373936      215    89.8%    193.6     1.1%     3.9%     0.2%     0.0%     6.0%     0.1%
Nov 23 13:26:15    175.8     8791414      216    90.0%    193.6     1.0%     3.9%     0.2%     0.0%     5.8%     0.1%
Nov 23 13:27:15    184.5    12299420      216    90.1%    193.7     1.0%     3.9%     0.2%     0.0%     5.7%     0.1%
Nov 23 13:28:15    185.0    15414078      216    90.0%    193.6     1.0%     3.9%     0.2%     0.0%     5.7%     0.1%
Nov 23 13:29:15    185.3    18528548      216    89.9%    193.6     1.0%     3.9%     0.2%     0.0%     5.8%     0.1%
Nov 23 13:30:15    186.4    21740955      215    90.0%    193.6     1.0%     3.9%     0.2%     0.0%     5.8%     0.1%
Nov 23 13:31:15    187.1    24953216      215    90.0%    193.6     1.0%     3.9%     0.2%     0.0%     5.8%     0.1%
Nov 23 13:32:24    184.7    28165583      215    90.0%    193.6     1.0%     3.9%     0.2%     0.0%     5.8%     0.1%
Nov 23 13:33:31    183.4    31378096      215    90.0%    193.6     1.0%     3.9%     0.2%     0.0%     5.7%     0.1%
Nov 23 13:34:31    184.7    34687513      215    90.0%    193.6     1.0%     3.9%     0.2%     0.0%     5.7%     0.1%
Nov 23 13:35:31    185.9    37996916      215    90.1%    193.6     1.0%     3.9%     0.2%     0.0%     5.7%     0.1%
Nov 23 13:36:31    187.3    41403355      215    90.1%    193.6     1.0%     3.9%     0.2%     0.0%     5.7%     0.1%
Nov 23 13:37:31    187.6    44615558      215    90.1%    193.6     1.0%     3.9%     0.2%     0.0%     5.7%     0.1%
Nov 23 13:38:31    188.4    47925756      215    90.1%    193.7     1.0%     3.9%     0.2%     0.0%     5.7%     0.1%
Nov 23 13:39:31    189.0    51235383      215    90.1%    193.7     1.0%     3.9%     0.2%     0.0%     5.7%     0.1%
Nov 23 13:40:33    189.2    54544784      215    90.1%    193.7     1.0%     3.9%     0.2%     0.0%     5.7%     0.1%
Nov 23 13:41:33    189.4    57756852      215    90.1%    193.7     1.0%     3.9%     0.2%     0.0%     5.6%     0.1%
Nov 23 13:42:38    188.7    60968443      215    90.1%    193.7     1.0%     3.9%     0.2%     0.0%     5.7%     0.1%
Nov 23 13:43:39    189.1    64278084      215    90.1%    193.7     1.0%     3.9%     0.2%     0.0%     5.6%     0.1%
Nov 23 13:46:34    171.8    66757555      215    90.1%    193.7     1.0%     3.9%     0.2%     0.0%     5.7%     0.1%
ALL DONE!
