                                 Started job on |	Nov 23 13:22:56
                             Started mapping on |	Nov 23 13:23:15
                                    Finished on |	Nov 23 13:44:45
       Mapping speed, Million of reads per hour |	191.06

                          Number of input reads |	68464767
                      Average input read length |	214
                                    UNIQUE READS:
                   Uniquely mapped reads number |	61865367
                        Uniquely mapped reads % |	90.36%
                          Average mapped length |	193.04
                       Number of splices: Total |	45357653
            Number of splices: Annotated (sjdb) |	44018918
                       Number of splices: GT/AG |	44832098
                       Number of splices: GC/AG |	386964
                       Number of splices: AT/AC |	18056
               Number of splices: Non-canonical |	120535
                      Mismatch rate per base, % |	1.00%
                         Deletion rate per base |	0.04%
                        Deletion average length |	2.11
                        Insertion rate per base |	0.02%
                       Insertion average length |	2.02
                             MULTI-MAPPING READS:
        Number of reads mapped to multiple loci |	2691469
             % of reads mapped to multiple loci |	3.93%
        Number of reads mapped to too many loci |	167205
             % of reads mapped to too many loci |	0.24%
                                  UNMAPPED READS:
       % of reads unmapped: too many mismatches |	0.00%
                 % of reads unmapped: too short |	5.34%
                     % of reads unmapped: other |	0.12%
                                  CHIMERIC READS:
                       Number of chimeric reads |	0
                            % of chimeric reads |	0.00%
