           Time    Speed        Read     Read   Mapped   Mapped   Mapped   Mapped Unmapped Unmapped Unmapped Unmapped
                    M/hr      number   length   unique   length   MMrate    multi   multi+       MM    short    other
Nov 23 13:24:15    170.7     2844281      215    89.9%    193.2     1.2%     4.0%     0.2%     0.0%     5.8%     0.1%
Nov 23 13:25:28    172.5     6372230      215    90.2%    193.3     1.1%     4.0%     0.2%     0.0%     5.5%     0.1%
Nov 23 13:26:28    190.1    10191586      215    90.4%    193.3     1.1%     4.0%     0.2%     0.0%     5.3%     0.1%
Nov 23 13:27:29    199.8    14097371      215    90.5%    193.3     1.0%     4.0%     0.2%     0.0%     5.2%     0.1%
Nov 23 13:28:36    194.2    17319372      215    90.3%    193.3     1.1%     4.0%     0.2%     0.0%     5.4%     0.1%
Nov 23 13:29:36    195.9    20737808      215    90.3%    193.3     1.1%     4.0%     0.2%     0.0%     5.4%     0.1%
Nov 23 13:30:36    198.0    24253231      215    90.3%    193.3     1.1%     4.0%     0.2%     0.0%     5.4%     0.1%
Nov 23 13:31:36    198.1    27573557      215    90.3%    193.3     1.1%     4.0%     0.2%     0.0%     5.3%     0.1%
Nov 23 13:32:36    200.1    31186526      215    90.3%    193.3     1.1%     4.0%     0.2%     0.0%     5.3%     0.1%
Nov 23 13:33:36    200.0    34507254      215    90.4%    193.3     1.1%     4.0%     0.2%     0.0%     5.3%     0.1%
Nov 23 13:34:36    200.5    37925468      215    90.4%    193.3     1.1%     4.0%     0.2%     0.0%     5.3%     0.1%
Nov 23 13:35:36    200.9    41344392      215    90.4%    193.3     1.1%     4.0%     0.2%     0.0%     5.3%     0.1%
Nov 23 13:36:37    201.4    44859964      215    90.4%    193.3     1.0%     4.0%     0.2%     0.0%     5.3%     0.1%
Nov 23 13:37:37    202.0    48375277      215    90.4%    193.3     1.0%     4.0%     0.2%     0.0%     5.2%     0.1%
Nov 23 13:38:39    201.8    51793168      215    90.4%    193.3     1.0%     4.0%     0.2%     0.0%     5.2%     0.1%
Nov 23 13:39:40    202.1    55309563      215    90.4%    193.3     1.0%     4.0%     0.2%     0.0%     5.2%     0.1%
Nov 23 13:40:41    201.8    58630526      215    90.4%    193.3     1.0%     4.0%     0.2%     0.0%     5.2%     0.1%
Nov 23 13:41:43    202.6    62341644      215    90.4%    193.3     1.0%     4.0%     0.2%     0.0%     5.2%     0.1%
Nov 23 13:42:43    203.3    65955241      215    90.4%    193.3     1.0%     4.0%     0.2%     0.0%     5.2%     0.1%
Nov 23 13:46:03    183.0    69541057      215    90.4%    193.3     1.0%     4.0%     0.2%     0.0%     5.2%     0.1%
ALL DONE!
