           Time    Speed        Read     Read   Mapped   Mapped   Mapped   Mapped Unmapped Unmapped Unmapped Unmapped
                    M/hr      number   length   unique   length   MMrate    multi   multi+       MM    short    other
Nov 26 21:35:16    154.9     3226686      215    90.2%    193.3     1.2%     4.1%     0.2%     0.0%     5.4%     0.1%
Nov 26 21:36:16    205.8     7719152      215    90.6%    193.4     1.1%     4.1%     0.2%     0.0%     4.9%     0.1%
Nov 26 21:37:21    198.7    11036283      215    90.7%    193.5     1.1%     4.1%     0.2%     0.0%     4.8%     0.1%
Nov 26 21:38:22    208.6    15124836      215    90.8%    193.5     1.0%     4.1%     0.2%     0.0%     4.8%     0.1%
Nov 26 21:39:28    207.2    18825165      215    90.6%    193.4     1.1%     4.1%     0.2%     0.0%     5.0%     0.1%
Nov 26 21:40:28    211.3    22719509      215    90.6%    193.4     1.1%     4.1%     0.2%     0.0%     5.0%     0.1%
Nov 26 21:41:28    213.6    26516471      215    90.6%    193.4     1.1%     4.1%     0.2%     0.0%     4.9%     0.1%
Nov 26 21:42:32    209.4    29728997      215    90.6%    193.4     1.1%     4.1%     0.2%     0.0%     4.9%     0.1%
Nov 26 21:43:32    215.7    34208294      215    90.7%    193.4     1.1%     4.1%     0.2%     0.0%     4.9%     0.1%
Nov 26 21:44:35    213.0    37519124      215    90.7%    193.4     1.1%     4.1%     0.2%     0.0%     4.9%     0.1%
Nov 26 21:45:35    216.3    41705353      215    90.7%    193.4     1.0%     4.1%     0.2%     0.0%     4.9%     0.1%
Nov 26 21:46:38    215.5    45308926      215    90.7%    193.5     1.0%     4.1%     0.2%     0.0%     4.8%     0.1%
Nov 26 21:47:38    216.8    49203445      215    90.7%    193.5     1.0%     4.1%     0.2%     0.0%     4.8%     0.1%
Nov 26 21:48:43    216.7    53098432      215    90.7%    193.5     1.0%     4.1%     0.2%     0.0%     4.8%     0.1%
Nov 26 21:49:43    217.4    56896364      215    90.7%    193.5     1.0%     4.1%     0.2%     0.0%     4.8%     0.1%
Nov 26 21:50:43    218.4    60790412      215    90.7%    193.5     1.0%     4.1%     0.2%     0.0%     4.8%     0.1%
Nov 26 21:51:43    217.9    64295184      215    90.7%    193.5     1.0%     4.1%     0.2%     0.0%     4.8%     0.1%
Nov 26 21:52:43    219.7    68481523      215    90.8%    193.5     1.0%     4.1%     0.2%     0.0%     4.8%     0.1%
Nov 26 21:56:01    193.9    71113029      215    90.7%    193.5     1.0%     4.1%     0.2%     0.0%     4.8%     0.1%
ALL DONE!
