           Time    Speed        Read     Read   Mapped   Mapped   Mapped   Mapped Unmapped Unmapped Unmapped Unmapped
                    M/hr      number   length   unique   length   MMrate    multi   multi+       MM    short    other
Nov 23 13:24:32    150.6     3221616      216    89.2%    193.7     1.2%     4.2%     0.3%     0.0%     6.2%     0.1%
Nov 23 13:25:32    205.1     7805889      216    89.6%    193.8     1.1%     4.3%     0.3%     0.0%     5.7%     0.1%
Nov 23 13:26:39    194.5    11020309      216    89.7%    193.8     1.1%     4.3%     0.3%     0.0%     5.6%     0.1%
Nov 23 13:27:39    204.6    15006106      216    89.8%    193.9     1.1%     4.3%     0.3%     0.0%     5.5%     0.1%
Nov 23 13:28:50    202.0    18797367      216    89.7%    193.8     1.1%     4.3%     0.3%     0.0%     5.6%     0.1%
Nov 23 13:29:50    204.1    22394339      216    89.6%    193.8     1.1%     4.3%     0.3%     0.0%     5.7%     0.1%
Nov 23 13:30:54    207.7    26478076      216    89.6%    193.8     1.1%     4.3%     0.3%     0.0%     5.7%     0.1%
Nov 23 13:31:56    205.1    29686683      216    89.7%    193.8     1.1%     4.3%     0.3%     0.0%     5.6%     0.1%
Nov 23 13:32:57    207.7    33574995      216    89.7%    193.8     1.1%     4.3%     0.3%     0.0%     5.6%     0.1%
Nov 23 13:34:03    208.1    37463695      216    89.7%    193.8     1.1%     4.3%     0.3%     0.0%     5.6%     0.1%
Nov 23 13:35:03    208.3    40964152      216    89.7%    193.8     1.1%     4.3%     0.3%     0.0%     5.6%     0.1%
Nov 23 13:36:03    210.7    44951613      216    89.7%    193.8     1.1%     4.3%     0.3%     0.0%     5.6%     0.1%
Nov 23 13:37:05    209.7    48354375      216    89.7%    193.9     1.1%     4.3%     0.3%     0.0%     5.5%     0.1%
Nov 23 13:38:06    209.5    51854856      216    89.8%    193.9     1.1%     4.3%     0.3%     0.0%     5.5%     0.1%
Nov 23 13:39:06    211.4    55841779      216    89.8%    193.9     1.1%     4.3%     0.3%     0.0%     5.5%     0.1%
Nov 23 13:40:07    211.1    59341911      216    89.8%    193.9     1.1%     4.3%     0.3%     0.0%     5.5%     0.1%
Nov 23 13:41:07    210.4    62647330      216    89.8%    193.9     1.1%     4.3%     0.3%     0.0%     5.5%     0.1%
Nov 23 13:42:07    211.9    66633575      216    89.8%    193.9     1.1%     4.3%     0.3%     0.0%     5.5%     0.1%
Nov 23 13:43:07    212.1    70230235      216    89.8%    193.9     1.1%     4.3%     0.3%     0.0%     5.5%     0.1%
Nov 23 13:44:08    211.3    73535703      216    89.8%    193.9     1.1%     4.3%     0.3%     0.0%     5.5%     0.1%
Nov 23 13:47:13    189.5    75693731      216    89.8%    193.9     1.1%     4.3%     0.3%     0.0%     5.5%     0.1%
ALL DONE!
