                                 Started job on |	Nov 23 13:22:48
                             Started mapping on |	Nov 23 13:23:15
                                    Finished on |	Nov 23 13:42:52
       Mapping speed, Million of reads per hour |	220.65

                          Number of input reads |	72141177
                      Average input read length |	216
                                    UNIQUE READS:
                   Uniquely mapped reads number |	65172402
                        Uniquely mapped reads % |	90.34%
                          Average mapped length |	193.71
                       Number of splices: Total |	48820059
            Number of splices: Annotated (sjdb) |	47457107
                       Number of splices: GT/AG |	48240915
                       Number of splices: GC/AG |	440254
                       Number of splices: AT/AC |	18468
               Number of splices: Non-canonical |	120422
                      Mismatch rate per base, % |	1.04%
                         Deletion rate per base |	0.04%
                        Deletion average length |	2.05
                        Insertion rate per base |	0.02%
                       Insertion average length |	1.98
                             MULTI-MAPPING READS:
        Number of reads mapped to multiple loci |	2587552
             % of reads mapped to multiple loci |	3.59%
        Number of reads mapped to too many loci |	177656
             % of reads mapped to too many loci |	0.25%
                                  UNMAPPED READS:
       % of reads unmapped: too many mismatches |	0.00%
                 % of reads unmapped: too short |	5.72%
                     % of reads unmapped: other |	0.11%
                                  CHIMERIC READS:
                       Number of chimeric reads |	0
                            % of chimeric reads |	0.00%
