                                 Started job on |	Nov 26 21:33:35
                             Started mapping on |	Nov 26 21:33:58
                                    Finished on |	Nov 26 22:03:08
       Mapping speed, Million of reads per hour |	140.07

                          Number of input reads |	68089171
                      Average input read length |	215
                                    UNIQUE READS:
                   Uniquely mapped reads number |	61355464
                        Uniquely mapped reads % |	90.11%
                          Average mapped length |	193.55
                       Number of splices: Total |	43785958
            Number of splices: Annotated (sjdb) |	42478951
                       Number of splices: GT/AG |	43261147
                       Number of splices: GC/AG |	377411
                       Number of splices: AT/AC |	17951
               Number of splices: Non-canonical |	129449
                      Mismatch rate per base, % |	1.06%
                         Deletion rate per base |	0.04%
                        Deletion average length |	2.14
                        Insertion rate per base |	0.02%
                       Insertion average length |	2.10
                             MULTI-MAPPING READS:
        Number of reads mapped to multiple loci |	2692829
             % of reads mapped to multiple loci |	3.95%
        Number of reads mapped to too many loci |	192682
             % of reads mapped to too many loci |	0.28%
                                  UNMAPPED READS:
       % of reads unmapped: too many mismatches |	0.00%
                 % of reads unmapped: too short |	5.54%
                     % of reads unmapped: other |	0.11%
                                  CHIMERIC READS:
                       Number of chimeric reads |	0
                            % of chimeric reads |	0.00%
