           Time    Speed        Read     Read   Mapped   Mapped   Mapped   Mapped Unmapped Unmapped Unmapped Unmapped
                    M/hr      number   length   unique   length   MMrate    multi   multi+       MM    short    other
Nov 23 13:24:23     88.1     1664955      215    89.3%    193.4     1.2%     4.3%     0.3%     0.0%     6.0%     0.1%
Nov 23 13:25:32    125.9     4791291      215    89.6%    193.5     1.2%     4.3%     0.3%     0.0%     5.7%     0.1%
Nov 23 13:26:38    140.4     7917422      215    89.8%    193.5     1.1%     4.3%     0.3%     0.0%     5.5%     0.1%
Nov 23 13:27:45    147.2    11039884      215    89.9%    193.6     1.1%     4.3%     0.3%     0.0%     5.4%     0.1%
Nov 23 13:28:45    152.3    13961462      215    90.0%    193.6     1.1%     4.3%     0.3%     0.0%     5.3%     0.1%
Nov 23 13:29:45    151.4    16396468      215    89.9%    193.6     1.1%     4.3%     0.3%     0.0%     5.4%     0.1%
Nov 23 13:30:48    150.4    18928589      215    89.8%    193.6     1.1%     4.3%     0.3%     0.0%     5.5%     0.1%
Nov 23 13:31:48    153.3    21849121      215    89.8%    193.6     1.1%     4.3%     0.3%     0.0%     5.5%     0.1%
Nov 23 13:32:48    151.3    24088912      215    89.8%    193.6     1.1%     4.3%     0.3%     0.0%     5.5%     0.1%
Nov 23 13:33:53    152.4    27009895      215    89.8%    193.6     1.1%     4.3%     0.3%     0.0%     5.4%     0.1%
Nov 23 13:34:55    154.4    30028391      215    89.9%    193.6     1.1%     4.3%     0.3%     0.0%     5.4%     0.1%
Nov 23 13:35:57    157.0    33241756      215    89.9%    193.6     1.1%     4.3%     0.3%     0.0%     5.4%     0.1%
Nov 23 13:36:57    160.9    36748511      215    89.9%    193.6     1.1%     4.3%     0.3%     0.0%     5.4%     0.1%
Nov 23 13:37:57    161.9    39670083      215    89.9%    193.6     1.1%     4.3%     0.3%     0.0%     5.4%     0.1%
Nov 23 13:38:57    162.4    42493307      215    89.9%    193.6     1.1%     4.3%     0.3%     0.0%     5.4%     0.1%
Nov 23 13:39:58    162.7    45317166      215    89.9%    193.6     1.1%     4.3%     0.3%     0.0%     5.3%     0.1%
Nov 23 13:40:58    162.4    47946850      215    90.0%    193.6     1.1%     4.3%     0.3%     0.0%     5.3%     0.1%
Nov 23 13:41:59    162.0    50576308      215    90.0%    193.6     1.1%     4.3%     0.3%     0.0%     5.3%     0.1%
Nov 23 13:43:01    162.4    53498128      215    90.0%    193.6     1.1%     4.3%     0.3%     0.0%     5.3%     0.1%
Nov 23 13:44:01    162.7    56322181      215    90.0%    193.6     1.1%     4.3%     0.3%     0.0%     5.3%     0.1%
Nov 23 13:45:03    161.7    58756918      215    90.0%    193.6     1.1%     4.3%     0.3%     0.0%     5.3%     0.1%
Nov 23 13:46:04    162.2    61678279      215    90.0%    193.6     1.1%     4.3%     0.3%     0.0%     5.3%     0.1%
Nov 23 13:47:08    162.3    64599868      215    90.0%    193.6     1.1%     4.3%     0.3%     0.0%     5.3%     0.1%
Nov 23 13:48:08    163.0    67618462      215    90.0%    193.6     1.0%     4.3%     0.3%     0.0%     5.3%     0.1%
Nov 23 13:49:08    164.4    70929613      215    90.0%    193.6     1.0%     4.3%     0.3%     0.0%     5.3%     0.1%
Nov 23 13:53:07    145.7    72546678      215    90.0%    193.6     1.0%     4.3%     0.3%     0.0%     5.3%     0.1%
ALL DONE!
