           Time    Speed        Read     Read   Mapped   Mapped   Mapped   Mapped Unmapped Unmapped Unmapped Unmapped
                    M/hr      number   length   unique   length   MMrate    multi   multi+       MM    short    other
Nov 26 21:35:02    135.4     2256121      215    88.5%    192.9     1.3%     3.9%     0.3%     0.0%     7.2%     0.2%
Nov 26 21:36:02    173.5     5782915      215    88.9%    193.0     1.2%     3.9%     0.3%     0.0%     6.7%     0.2%
Nov 26 21:37:02    186.1     9307217      215    89.1%    193.1     1.1%     3.9%     0.3%     0.0%     6.5%     0.2%
Nov 26 21:38:08    184.8    12628545      215    89.2%    193.1     1.1%     3.9%     0.3%     0.0%     6.4%     0.2%
Nov 26 21:39:09    185.9    15850515      215    89.0%    193.1     1.1%     3.9%     0.3%     0.0%     6.6%     0.2%
Nov 26 21:40:12    186.5    19169561      215    89.0%    193.0     1.2%     3.9%     0.3%     0.0%     6.6%     0.2%
Nov 26 21:41:12    188.3    22489409      215    89.1%    193.1     1.1%     3.9%     0.3%     0.0%     6.6%     0.2%
Nov 26 21:42:12    188.9    25711592      215    89.1%    193.1     1.1%     3.9%     0.3%     0.0%     6.5%     0.2%
Nov 26 21:43:12    190.7    29128970      215    89.1%    193.1     1.1%     3.9%     0.3%     0.0%     6.5%     0.2%
Nov 26 21:44:12    192.1    32546680      215    89.1%    193.1     1.1%     3.9%     0.3%     0.0%     6.5%     0.2%
Nov 26 21:45:14    192.7    35964332      215    89.1%    193.1     1.1%     3.9%     0.3%     0.0%     6.5%     0.2%
Nov 26 21:46:17    192.4    39282825      215    89.2%    193.1     1.1%     3.9%     0.3%     0.0%     6.5%     0.2%
Nov 26 21:47:21    192.4    42699839      215    89.2%    193.1     1.1%     3.9%     0.3%     0.0%     6.4%     0.2%
Nov 26 21:48:22    193.1    46117544      215    89.2%    193.1     1.1%     3.9%     0.3%     0.0%     6.4%     0.2%
Nov 26 21:49:22    193.5    49437657      215    89.2%    193.1     1.1%     3.9%     0.3%     0.0%     6.4%     0.2%
Nov 26 21:50:22    193.8    52758224      215    89.2%    193.1     1.1%     3.9%     0.3%     0.0%     6.4%     0.2%
Nov 26 21:51:22    193.8    55980670      215    89.2%    193.1     1.1%     3.9%     0.3%     0.0%     6.4%     0.2%
Nov 26 21:52:22    194.7    59503809      215    89.2%    193.1     1.1%     3.9%     0.3%     0.0%     6.4%     0.2%
Nov 26 21:55:21    171.1    60773312      215    89.2%    193.1     1.1%     3.9%     0.3%     0.0%     6.4%     0.2%
ALL DONE!
